This file contains any messages produced by compilers while
running configure, to aid debugging if configure makes a mistake.

It was created by configure, which was
generated by GNU Autoconf 2.60.  Invocation command line was

  $ ./configure 

## --------- ##
## Platform. ##
## --------- ##

hostname = mike-mikes-powerbook-g4-15.local
uname -m = Power Macintosh
uname -r = 8.11.0
uname -s = Darwin
uname -v = Darwin Kernel Version 8.11.0: Wed Oct 10 18:26:00 PDT 2007; root:xnu-792.24.17~1/RELEASE_PPC

/usr/bin/uname -p = powerpc
/bin/uname -X     = unknown

/bin/arch              = unknown
/usr/bin/arch -k       = unknown
/usr/convex/getsysinfo = unknown
/usr/bin/hostinfo      = Mach kernel version:
	 Darwin Kernel Version 8.11.0: Wed Oct 10 18:26:00 PDT 2007; root:xnu-792.24.17~1/RELEASE_PPC
Kernel configured for a single processor only.
1 processor is physically available.
Processor type: ppc7450 (PowerPC 7450)
Processor active: 0
Primary memory available: 1.50 gigabytes
Default processor set: 100 tasks, 194 threads, 1 processors
Load average: 1.60, Mach factor: 0.34
/bin/machine           = ppc7450
/usr/bin/oslevel       = unknown
/bin/universe          = unknown

PATH: /opt/local/bin
PATH: /opt/local/sbin
PATH: /sw/bin
PATH: /sw/sbin
PATH: /bin
PATH: /sbin
PATH: /usr/bin
PATH: /usr/sbin
PATH: /usr/local/bin/
PATH: /sw/opt/llvm-3.4/bin
PATH: /sw/lib/llvm-gcc-4.2/bin/
PATH: /usr/X11R6/bin


## ----------- ##
## Core tests. ##
## ----------- ##

configure:2090: checking for a BSD-compatible install
configure:2146: result: /usr/bin/install -c
configure:2157: checking whether build environment is sane
configure:2200: result: yes
configure:2265: checking for gawk
configure:2295: result: no
configure:2265: checking for mawk
configure:2295: result: no
configure:2265: checking for nawk
configure:2295: result: no
configure:2265: checking for awk
configure:2281: found /usr/bin/awk
configure:2292: result: awk
configure:2303: checking whether make sets $(MAKE)
configure:2324: result: yes
configure:2510: checking whether make sets $(MAKE)
configure:2531: result: yes
configure:2590: checking for gcc
configure:2606: found /usr/bin/gcc
configure:2617: result: gcc
configure:2855: checking for C compiler version
configure:2862: gcc --version >&5
powerpc-apple-darwin8-gcc-4.2.1 (GCC) 4.2.1 (Apple Inc. build 5666) (dot 3)
Copyright (C) 2007 Free Software Foundation, Inc.
This is free software; see the source for copying conditions.  There is NO
warranty; not even for MERCHANTABILITY or FITNESS FOR A PARTICULAR PURPOSE.

configure:2865: $? = 0
configure:2872: gcc -v >&5
Using built-in specs.
Target: powerpc-apple-darwin8
Configured with: /Users/mikemike/dev/ppc/xnu/xnu-ppc/xnu-792.25.20-deps/gcc-5666.3/obj/src/configure darwin8
Thread model: posix
gcc version 4.2.1 (Apple Inc. build 5666) (dot 3)
configure:2875: $? = 0
configure:2882: gcc -V >&5
gcc-4.2: argument to `-V' is missing
configure:2885: $? = 1
configure:2908: checking for C compiler default output file name
configure:2935: gcc    conftest.c  >&5
configure:2938: $? = 0
configure:2984: result: a.out
configure:2989: checking whether the C compiler works
configure:2999: ./a.out
configure:3002: $? = 0
configure:3019: result: yes
configure:3026: checking whether we are cross compiling
configure:3028: result: no
configure:3031: checking for suffix of executables
configure:3038: gcc -o conftest    conftest.c  >&5
configure:3041: $? = 0
configure:3065: result: 
configure:3071: checking for suffix of object files
configure:3097: gcc -c   conftest.c >&5
configure:3100: $? = 0
configure:3123: result: o
configure:3127: checking whether we are using the GNU C compiler
configure:3156: gcc -c   conftest.c >&5
configure:3162: $? = 0
configure:3169: test -z "$ac_c_werror_flag" || test ! -s conftest.err
configure:3172: $? = 0
configure:3179: test -s conftest.o
configure:3182: $? = 0
configure:3196: result: yes
configure:3201: checking whether gcc accepts -g
configure:3231: gcc -c -g  conftest.c >&5
configure:3237: $? = 0
configure:3244: test -z "$ac_c_werror_flag" || test ! -s conftest.err
configure:3247: $? = 0
configure:3254: test -s conftest.o
configure:3257: $? = 0
configure:3387: result: yes
configure:3404: checking for gcc option to accept ISO C89
configure:3478: gcc  -c -g -O2  conftest.c >&5
configure:3484: $? = 0
configure:3491: test -z "$ac_c_werror_flag" || test ! -s conftest.err
configure:3494: $? = 0
configure:3501: test -s conftest.o
configure:3504: $? = 0
configure:3524: result: none needed
configure:3553: checking for style of include used by make
configure:3581: result: GNU
configure:3609: checking dependency style of gcc
configure:3699: result: none
configure:3721: checking how to run the C preprocessor
configure:3761: gcc -E  conftest.c
configure:3767: $? = 0
configure:3805: gcc -E  conftest.c
conftest.c:10:28: error: ac_nonexistent.h: No such file or directory
configure:3811: $? = 1
configure: failed program was:
| /* confdefs.h.  */
| #define PACKAGE_NAME ""
| #define PACKAGE_TARNAME ""
| #define PACKAGE_VERSION ""
| #define PACKAGE_STRING ""
| #define PACKAGE_BUGREPORT ""
| #define PACKAGE "libiconv"
| #define VERSION "1.11"
| /* end confdefs.h.  */
| #include <ac_nonexistent.h>
configure:3851: result: gcc -E
configure:3880: gcc -E  conftest.c
configure:3886: $? = 0
configure:3924: gcc -E  conftest.c
conftest.c:10:28: error: ac_nonexistent.h: No such file or directory
configure:3930: $? = 1
configure: failed program was:
| /* confdefs.h.  */
| #define PACKAGE_NAME ""
| #define PACKAGE_TARNAME ""
| #define PACKAGE_VERSION ""
| #define PACKAGE_STRING ""
| #define PACKAGE_BUGREPORT ""
| #define PACKAGE "libiconv"
| #define VERSION "1.11"
| /* end confdefs.h.  */
| #include <ac_nonexistent.h>
configure:3976: checking for grep that handles long lines and -e
configure:4050: result: /usr/bin/grep
configure:4055: checking for egrep
configure:4133: result: /usr/bin/grep -E
configure:4139: checking whether gcc needs -traditional
conftest.c:10:20: error: termio.h: No such file or directory
configure:4181: result: no
configure:4201: checking for a BSD-compatible install
configure:4257: result: /usr/bin/install -c
configure:4276: checking build system type
configure:4294: result: powerpc-apple-darwin8.11.0
configure:4316: checking host system type
configure:4331: result: powerpc-apple-darwin8.11.0
configure:4368: checking for AIX
configure:4390: result: no
configure:4396: checking for ANSI C header files
configure:4426: gcc -c -g -O2  conftest.c >&5
configure:4432: $? = 0
configure:4439: test -z "$ac_c_werror_flag" || test ! -s conftest.err
configure:4442: $? = 0
configure:4449: test -s conftest.o
configure:4452: $? = 0
configure:4548: gcc -o conftest -g -O2   conftest.c  >&5
configure:4551: $? = 0
configure:4557: ./conftest
configure:4560: $? = 0
configure:4577: result: yes
configure:4601: checking for sys/types.h
configure:4622: gcc -c -g -O2  conftest.c >&5
configure:4628: $? = 0
configure:4635: test -z "$ac_c_werror_flag" || test ! -s conftest.err
configure:4638: $? = 0
configure:4645: test -s conftest.o
configure:4648: $? = 0
configure:4661: result: yes
configure:4601: checking for sys/stat.h
configure:4622: gcc -c -g -O2  conftest.c >&5
configure:4628: $? = 0
configure:4635: test -z "$ac_c_werror_flag" || test ! -s conftest.err
configure:4638: $? = 0
configure:4645: test -s conftest.o
configure:4648: $? = 0
configure:4661: result: yes
configure:4601: checking for stdlib.h
configure:4622: gcc -c -g -O2  conftest.c >&5
configure:4628: $? = 0
configure:4635: test -z "$ac_c_werror_flag" || test ! -s conftest.err
configure:4638: $? = 0
configure:4645: test -s conftest.o
configure:4648: $? = 0
configure:4661: result: yes
configure:4601: checking for string.h
configure:4622: gcc -c -g -O2  conftest.c >&5
configure:4628: $? = 0
configure:4635: test -z "$ac_c_werror_flag" || test ! -s conftest.err
configure:4638: $? = 0
configure:4645: test -s conftest.o
configure:4648: $? = 0
configure:4661: result: yes
configure:4601: checking for memory.h
configure:4622: gcc -c -g -O2  conftest.c >&5
configure:4628: $? = 0
configure:4635: test -z "$ac_c_werror_flag" || test ! -s conftest.err
configure:4638: $? = 0
configure:4645: test -s conftest.o
configure:4648: $? = 0
configure:4661: result: yes
configure:4601: checking for strings.h
configure:4622: gcc -c -g -O2  conftest.c >&5
configure:4628: $? = 0
configure:4635: test -z "$ac_c_werror_flag" || test ! -s conftest.err
configure:4638: $? = 0
configure:4645: test -s conftest.o
configure:4648: $? = 0
configure:4661: result: yes
configure:4601: checking for inttypes.h
configure:4622: gcc -c -g -O2  conftest.c >&5
configure:4628: $? = 0
configure:4635: test -z "$ac_c_werror_flag" || test ! -s conftest.err
configure:4638: $? = 0
configure:4645: test -s conftest.o
configure:4648: $? = 0
configure:4661: result: yes
configure:4601: checking for stdint.h
configure:4622: gcc -c -g -O2  conftest.c >&5
configure:4628: $? = 0
configure:4635: test -z "$ac_c_werror_flag" || test ! -s conftest.err
configure:4638: $? = 0
configure:4645: test -s conftest.o
configure:4648: $? = 0
configure:4661: result: yes
configure:4601: checking for unistd.h
configure:4622: gcc -c -g -O2  conftest.c >&5
configure:4628: $? = 0
configure:4635: test -z "$ac_c_werror_flag" || test ! -s conftest.err
configure:4638: $? = 0
configure:4645: test -s conftest.o
configure:4648: $? = 0
configure:4661: result: yes
configure:4683: checking minix/config.h usability
configure:4700: gcc -c -g -O2  conftest.c >&5
conftest.c:54:26: error: minix/config.h: No such file or directory
configure:4706: $? = 1
configure: failed program was:
| /* confdefs.h.  */
| #define PACKAGE_NAME ""
| #define PACKAGE_TARNAME ""
| #define PACKAGE_VERSION ""
| #define PACKAGE_STRING ""
| #define PACKAGE_BUGREPORT ""
| #define PACKAGE "libiconv"
| #define VERSION "1.11"
| #define _GNU_SOURCE 1
| #define STDC_HEADERS 1
| #define HAVE_SYS_TYPES_H 1
| #define HAVE_SYS_STAT_H 1
| #define HAVE_STDLIB_H 1
| #define HAVE_STRING_H 1
| #define HAVE_MEMORY_H 1
| #define HAVE_STRINGS_H 1
| #define HAVE_INTTYPES_H 1
| #define HAVE_STDINT_H 1
| #define HAVE_UNISTD_H 1
| /* end confdefs.h.  */
| #include <stdio.h>
| #if HAVE_SYS_TYPES_H
| # include <sys/types.h>
| #endif
| #if HAVE_SYS_STAT_H
| # include <sys/stat.h>
| #endif
| #if STDC_HEADERS
| # include <stdlib.h>
| # include <stddef.h>
| #else
| # if HAVE_STDLIB_H
| #  include <stdlib.h>
| # endif
| #endif
| #if HAVE_STRING_H
| # if !STDC_HEADERS && HAVE_MEMORY_H
| #  include <memory.h>
| # endif
| # include <string.h>
| #endif
| #if HAVE_STRINGS_H
| # include <strings.h>
| #endif
| #if HAVE_INTTYPES_H
| # include <inttypes.h>
| #endif
| #if HAVE_STDINT_H
| # include <stdint.h>
| #endif
| #if HAVE_UNISTD_H
| # include <unistd.h>
| #endif
| #include <minix/config.h>
configure:4737: result: no
configure:4741: checking minix/config.h presence
configure:4756: gcc -E  conftest.c
conftest.c:21:26: error: minix/config.h: No such file or directory
configure:4762: $? = 1
configure: failed program was:
| /* confdefs.h.  */
| #define PACKAGE_NAME ""
| #define PACKAGE_TARNAME ""
| #define PACKAGE_VERSION ""
| #define PACKAGE_STRING ""
| #define PACKAGE_BUGREPORT ""
| #define PACKAGE "libiconv"
| #define VERSION "1.11"
| #define _GNU_SOURCE 1
| #define STDC_HEADERS 1
| #define HAVE_SYS_TYPES_H 1
| #define HAVE_SYS_STAT_H 1
| #define HAVE_STDLIB_H 1
| #define HAVE_STRING_H 1
| #define HAVE_MEMORY_H 1
| #define HAVE_STRINGS_H 1
| #define HAVE_INTTYPES_H 1
| #define HAVE_STDINT_H 1
| #define HAVE_UNISTD_H 1
| /* end confdefs.h.  */
| #include <minix/config.h>
configure:4783: result: no
configure:4811: checking for minix/config.h
configure:4818: result: no
configure:4862: checking for library containing strerror
configure:4903: gcc -o conftest -g -O2   conftest.c  >&5
configure:4909: $? = 0
configure:4916: test -z "$ac_c_werror_flag" || test ! -s conftest.err
configure:4919: $? = 0
configure:4926: test -s conftest
configure:4929: $? = 0
configure:4953: result: none required
configure:4987: checking for ld used by GCC
configure:5051: result: /usr/libexec/gcc/powerpc-apple-darwin8/4.2.1/ld
configure:5060: checking if the linker (/usr/libexec/gcc/powerpc-apple-darwin8/4.2.1/ld) is GNU ld
configure:5073: result: no
configure:5079: checking for shared library path variable
configure:5092: result: DYLD_LIBRARY_PATH
configure:5097: checking whether to activate relocatable installation
configure:5112: result: no
configure:5516: checking for ranlib
configure:5532: found /usr/bin/ranlib
configure:5543: result: ranlib
configure:5569: checking how to copy files
configure:5585: result: cp -p
configure:5589: checking how to make hard links
configure:5605: result: ln
configure:5609: checking whether ln -s works
configure:5613: result: yes
configure:5701: checking for a sed that does not truncate output
configure:5755: result: /usr/bin/sed
configure:5769: checking for ld used by gcc
configure:5836: result: /usr/libexec/gcc/powerpc-apple-darwin8/4.2.1/ld
configure:5845: checking if the linker (/usr/libexec/gcc/powerpc-apple-darwin8/4.2.1/ld) is GNU ld
configure:5860: result: no
configure:5865: checking for /usr/libexec/gcc/powerpc-apple-darwin8/4.2.1/ld option to reload object files
configure:5872: result: -r
configure:5890: checking for BSD-compatible nm
configure:5939: result: /usr/bin/nm -p
configure:5943: checking how to recognise dependent libraries
configure:6119: result: pass_all
configure:6666: checking dlfcn.h usability
configure:6683: gcc -c -g -O2  conftest.c >&5
configure:6689: $? = 0
configure:6696: test -z "$ac_c_werror_flag" || test ! -s conftest.err
configure:6699: $? = 0
configure:6706: test -s conftest.o
configure:6709: $? = 0
configure:6720: result: yes
configure:6724: checking dlfcn.h presence
configure:6739: gcc -E  conftest.c
configure:6745: $? = 0
configure:6766: result: yes
configure:6794: checking for dlfcn.h
configure:6802: result: yes
configure:6873: checking for g++
configure:6889: found /usr/bin/g++
configure:6900: result: g++
configure:6931: checking for C++ compiler version
configure:6938: g++ --version >&5
powerpc-apple-darwin8-g++-4.2.1 (GCC) 4.2.1 (Apple Inc. build 5666) (dot 3)
Copyright (C) 2007 Free Software Foundation, Inc.
This is free software; see the source for copying conditions.  There is NO
warranty; not even for MERCHANTABILITY or FITNESS FOR A PARTICULAR PURPOSE.

configure:6941: $? = 0
configure:6948: g++ -v >&5
Using built-in specs.
Target: powerpc-apple-darwin8
Configured with: /Users/mikemike/dev/ppc/xnu/xnu-ppc/xnu-792.25.20-deps/gcc-5666.3/obj/src/configure darwin8
Thread model: posix
gcc version 4.2.1 (Apple Inc. build 5666) (dot 3)
configure:6951: $? = 0
configure:6958: g++ -V >&5
g++-4.2: argument to `-V' is missing
configure:6961: $? = 1
configure:6964: checking whether we are using the GNU C++ compiler
configure:6993: g++ -c   conftest.cpp >&5
configure:6999: $? = 0
configure:7006: test -z "$ac_cxx_werror_flag" || test ! -s conftest.err
configure:7009: $? = 0
configure:7016: test -s conftest.o
configure:7019: $? = 0
configure:7033: result: yes
configure:7038: checking whether g++ accepts -g
configure:7068: g++ -c -g  conftest.cpp >&5
configure:7074: $? = 0
configure:7081: test -z "$ac_cxx_werror_flag" || test ! -s conftest.err
configure:7084: $? = 0
configure:7091: test -s conftest.o
configure:7094: $? = 0
configure:7224: result: yes
configure:7249: checking dependency style of g++
configure:7339: result: none
configure:7366: checking how to run the C++ preprocessor
configure:7402: g++ -E  conftest.cpp
configure:7408: $? = 0
configure:7446: g++ -E  conftest.cpp
conftest.cpp:24:28: error: ac_nonexistent.h: No such file or directory
configure:7452: $? = 1
configure: failed program was:
| /* confdefs.h.  */
| #define PACKAGE_NAME ""
| #define PACKAGE_TARNAME ""
| #define PACKAGE_VERSION ""
| #define PACKAGE_STRING ""
| #define PACKAGE_BUGREPORT ""
| #define PACKAGE "libiconv"
| #define VERSION "1.11"
| #define _GNU_SOURCE 1
| #define STDC_HEADERS 1
| #define HAVE_SYS_TYPES_H 1
| #define HAVE_SYS_STAT_H 1
| #define HAVE_STDLIB_H 1
| #define HAVE_STRING_H 1
| #define HAVE_MEMORY_H 1
| #define HAVE_STRINGS_H 1
| #define HAVE_INTTYPES_H 1
| #define HAVE_STDINT_H 1
| #define HAVE_UNISTD_H 1
| #define __EXTENSIONS__ 1
| #define INSTALLPREFIX "/usr/local"
| #define HAVE_DLFCN_H 1
| /* end confdefs.h.  */
| #include <ac_nonexistent.h>
configure:7492: result: g++ -E
configure:7521: g++ -E  conftest.cpp
configure:7527: $? = 0
configure:7565: g++ -E  conftest.cpp
conftest.cpp:24:28: error: ac_nonexistent.h: No such file or directory
configure:7571: $? = 1
configure: failed program was:
| /* confdefs.h.  */
| #define PACKAGE_NAME ""
| #define PACKAGE_TARNAME ""
| #define PACKAGE_VERSION ""
| #define PACKAGE_STRING ""
| #define PACKAGE_BUGREPORT ""
| #define PACKAGE "libiconv"
| #define VERSION "1.11"
| #define _GNU_SOURCE 1
| #define STDC_HEADERS 1
| #define HAVE_SYS_TYPES_H 1
| #define HAVE_SYS_STAT_H 1
| #define HAVE_STDLIB_H 1
| #define HAVE_STRING_H 1
| #define HAVE_MEMORY_H 1
| #define HAVE_STRINGS_H 1
| #define HAVE_INTTYPES_H 1
| #define HAVE_STDINT_H 1
| #define HAVE_UNISTD_H 1
| #define __EXTENSIONS__ 1
| #define INSTALLPREFIX "/usr/local"
| #define HAVE_DLFCN_H 1
| /* end confdefs.h.  */
| #include <ac_nonexistent.h>
configure:7671: checking for g77
configure:7701: result: no
configure:7671: checking for f77
configure:7701: result: no
configure:7671: checking for xlf
configure:7701: result: no
configure:7671: checking for frt
configure:7701: result: no
configure:7671: checking for pgf77
configure:7701: result: no
configure:7671: checking for cf77
configure:7701: result: no
configure:7671: checking for fort77
configure:7701: result: no
configure:7671: checking for fl32
configure:7701: result: no
configure:7671: checking for af77
configure:7701: result: no
configure:7671: checking for f90
configure:7701: result: no
configure:7671: checking for xlf90
configure:7701: result: no
configure:7671: checking for pgf90
configure:7701: result: no
configure:7671: checking for pghpf
configure:7701: result: no
configure:7671: checking for epcf90
configure:7701: result: no
configure:7671: checking for gfortran
configure:7687: found /sw/bin/gfortran
configure:7698: result: gfortran
configure:7728: checking for Fortran 77 compiler version
configure:7735: gfortran --version >&5
GNU Fortran (GCC) 4.6.4
Copyright (C) 2011 Free Software Foundation, Inc.

GNU Fortran comes with NO WARRANTY, to the extent permitted by law.
You may redistribute copies of GNU Fortran
under the terms of the GNU General Public License.
For more information about these matters, see the file named COPYING

configure:7738: $? = 0
configure:7745: gfortran -v >&5
Using built-in specs.
COLLECT_GCC=gfortran
COLLECT_LTO_WRAPPER=/sw/lib/gcc4.6/libexec/gcc/powerpc-apple-darwin8.11.0/4.6.4/lto-wrapper
Target: powerpc-apple-darwin8.11.0
Configured with: ../gcc-4.6.4/configure --prefix=/sw --prefix=/sw/lib/gcc4.6 --mandir=/sw/share/man --infodir=/sw/lib/gcc4.6/info --enable-languages=c,c++,fortran,lto,objc,obj-c++,java --with-gmp=/sw --with-libiconv-prefix=/sw --with-ppl=/sw --with-cloog=/sw --with-mpc=/sw --with-system-zlib --x-includes=/usr/X11R6/include --x-libraries=/usr/X11R6/lib --program-suffix=-fsf-4.6 --enable-cloog-backend=isl --with-dwarf2 --disable-libjava-multilib --disable-libquadmath
Thread model: posix
gcc version 4.6.4 (GCC) 
configure:7748: $? = 0
configure:7755: gfortran -V >&5
gfortran: error: unrecognized option '-V'
gfortran: fatal error: no input files
compilation terminated.
configure:7758: $? = 1
configure:7766: checking whether we are using the GNU Fortran 77 compiler
configure:7785: gfortran -c  conftest.F >&5
configure:7791: $? = 0
configure:7798: test -z "$ac_f77_werror_flag" || test ! -s conftest.err
configure:7801: $? = 0
configure:7808: test -s conftest.o
configure:7811: $? = 0
configure:7825: result: yes
configure:7831: checking whether gfortran accepts -g
configure:7848: gfortran -c -g conftest.f >&5
configure:7854: $? = 0
configure:7861: test -z "$ac_f77_werror_flag" || test ! -s conftest.err
configure:7864: $? = 0
configure:7871: test -s conftest.o
configure:7874: $? = 0
configure:7887: result: yes
configure:7917: checking the maximum length of command line arguments
configure:8026: result: 196608
configure:8037: checking command to parse /usr/bin/nm -p output from gcc object
configure:8142: gcc -c -g -O2  conftest.c >&5
configure:8145: $? = 0
configure:8149: /usr/bin/nm -p conftest.o \| sed -n -e 's/^.*[ 	]\([BCDEGRST][BCDEGRST]*\)[ 	][ 	]*\([_A-Za-z][_A-Za-z0-9]*\)$/\1 \2 \2/p' \> conftest.nm
configure:8152: $? = 0
cannot find nm_test_var in conftest.nm
configure:8142: gcc -c -g -O2  conftest.c >&5
configure:8145: $? = 0
configure:8149: /usr/bin/nm -p conftest.o \| sed -n -e 's/^.*[ 	]\([BCDEGRST][BCDEGRST]*\)[ 	][ 	]*_\([_A-Za-z][_A-Za-z0-9]*\)$/\1 _\2 \2/p' \> conftest.nm
configure:8152: $? = 0
configure:8204: gcc -o conftest -g -O2   conftest.c conftstm.o >&5
configure:8207: $? = 0
configure:8245: result: ok
configure:8249: checking for objdir
configure:8264: result: .libs
configure:8356: checking for ar
configure:8372: found /usr/bin/ar
configure:8383: result: ar
configure:8452: checking for ranlib
configure:8479: result: ranlib
configure:8548: checking for strip
configure:8564: found /usr/bin/strip
configure:8575: result: strip
configure:8865: checking if gcc supports -fno-rtti -fno-exceptions
configure:8883: gcc -c -g -O2  -fno-rtti -fno-exceptions conftest.c >&5
cc1: warning: command line option "-fno-rtti" is valid for C++/ObjC++ but not for C
configure:8887: $? = 0
configure:8900: result: no
configure:8915: checking for gcc option to produce PIC
configure:9148: result: -fno-common
configure:9156: checking if gcc PIC flag -fno-common works
configure:9174: gcc -c -g -O2  -fno-common -DPIC conftest.c >&5
configure:9178: $? = 0
configure:9191: result: yes
configure:9219: checking if gcc static flag -static works
configure:9247: result: no
configure:9257: checking if gcc supports -c -o file.o
configure:9278: gcc -c -g -O2  -o out/conftest2.o conftest.c >&5
configure:9282: $? = 0
configure:9304: result: yes
configure:9330: checking whether the gcc linker (/usr/libexec/gcc/powerpc-apple-darwin8/4.2.1/ld) supports shared libraries
configure:10326: result: yes
configure:10393: checking dynamic linker characteristics
configure:10981: result: darwin8.11.0 dyld
configure:10990: checking how to hardcode library paths into programs
configure:11015: result: immediate
configure:11029: checking whether stripping libraries is possible
configure:11042: result: yes
configure:11947: checking if libtool supports shared libraries
configure:11949: result: yes
configure:11952: checking whether to build shared libraries
configure:11973: result: yes
configure:11976: checking whether to build static libraries
configure:11980: result: no
configure:12072: creating libtool
configure:12660: checking for ld used by g++
configure:12727: result: /usr/libexec/gcc/powerpc-apple-darwin8/4.2.1/ld
configure:12736: checking if the linker (/usr/libexec/gcc/powerpc-apple-darwin8/4.2.1/ld) is GNU ld
configure:12751: result: no
configure:12802: checking whether the g++ linker (/usr/libexec/gcc/powerpc-apple-darwin8/4.2.1/ld) supports shared libraries
configure:13792: result: yes
configure:13814: g++ -c -g -O2  conftest.cpp >&5
configure:13817: $? = 0
configure:13945: checking for g++ option to produce PIC
configure:14229: result: -fno-common
configure:14237: checking if g++ PIC flag -fno-common works
configure:14253: g++ -c -g -O2  -fno-common -DPIC conftest.cpp >&5
configure:14257: $? = 0
configure:14272: result: yes
configure:14300: checking if g++ static flag -static works
configure:14328: result: no
configure:14338: checking if g++ supports -c -o file.o
configure:14357: g++ -c -g -O2  -o out/conftest2.o conftest.cpp >&5
configure:14361: $? = 0
configure:14385: result: yes
configure:14411: checking whether the g++ linker (/usr/libexec/gcc/powerpc-apple-darwin8/4.2.1/ld) supports shared libraries
configure:14436: result: yes
configure:14503: checking dynamic linker characteristics
configure:15091: result: darwin8.11.0 dyld
configure:15100: checking how to hardcode library paths into programs
configure:15125: result: immediate
configure:15651: checking if libtool supports shared libraries
configure:15653: result: yes
configure:15656: checking whether to build shared libraries
configure:15676: result: yes
configure:15679: checking whether to build static libraries
configure:15683: result: no
configure:15693: checking for gfortran option to produce PIC
configure:15926: result: -fno-common
configure:15934: checking if gfortran PIC flag -fno-common works
configure:15950: gfortran -c -g -O2 -fno-common conftest.f >&5
configure:15954: $? = 0
configure:15969: result: yes
configure:15997: checking if gfortran static flag -static works
configure:16025: result: no
configure:16035: checking if gfortran supports -c -o file.o
configure:16054: gfortran -c -g -O2 -o out/conftest2.o conftest.f >&5
configure:16058: $? = 0
configure:16082: result: yes
configure:16108: checking whether the gfortran linker (/usr/libexec/gcc/powerpc-apple-darwin8/4.2.1/ld) supports shared libraries
configure:17083: result: yes
configure:17150: checking dynamic linker characteristics
configure:17738: result: darwin8.11.0 dyld
configure:17747: checking how to hardcode library paths into programs
configure:17772: result: immediate
configure:21402: checking for simple visibility declarations
configure:21434: gcc -c -g -O2 -fvisibility=hidden  conftest.c >&5
configure:21440: $? = 0
configure:21447: test -z "$ac_c_werror_flag" || test ! -s conftest.err
configure:21450: $? = 0
configure:21457: test -s conftest.o
configure:21460: $? = 0
configure:21474: result: yes
configure:21507: checking for shared library run path origin
configure:21520: result: done
configure:21970: checking for iconv
configure:22002: gcc -o conftest -g -O2   conftest.c  >&5
Undefined symbols:
  "_libiconv_open", referenced from:
      _main in ccTui3u4.o
  "_libiconv_close", referenced from:
      _main in ccTui3u4.o
  "_libiconv", referenced from:
      _main in ccTui3u4.o
ld: symbol(s) not found
collect2: ld returned 1 exit status
configure:22008: $? = 1
configure: failed program was:
| /* confdefs.h.  */
| #define PACKAGE_NAME ""
| #define PACKAGE_TARNAME ""
| #define PACKAGE_VERSION ""
| #define PACKAGE_STRING ""
| #define PACKAGE_BUGREPORT ""
| #define PACKAGE "libiconv"
| #define VERSION "1.11"
| #define _GNU_SOURCE 1
| #define STDC_HEADERS 1
| #define HAVE_SYS_TYPES_H 1
| #define HAVE_SYS_STAT_H 1
| #define HAVE_STDLIB_H 1
| #define HAVE_STRING_H 1
| #define HAVE_MEMORY_H 1
| #define HAVE_STRINGS_H 1
| #define HAVE_INTTYPES_H 1
| #define HAVE_STDINT_H 1
| #define HAVE_UNISTD_H 1
| #define __EXTENSIONS__ 1
| #define INSTALLPREFIX "/usr/local"
| #define HAVE_DLFCN_H 1
| #define HAVE_VISIBILITY 1
| /* end confdefs.h.  */
| #include <stdlib.h>
| #include <iconv.h>
| int
| main ()
| {
| iconv_t cd = iconv_open("","");
|        iconv(cd,NULL,NULL,NULL,NULL);
|        iconv_close(cd);
|   ;
|   return 0;
| }
configure:22067: gcc -o conftest -g -O2   conftest.c  -liconv >&5
configure:22073: $? = 0
configure:22080: test -z "$ac_c_werror_flag" || test ! -s conftest.err
configure:22083: $? = 0
configure:22090: test -s conftest
configure:22093: $? = 0
configure:22110: result: yes
configure:22120: checking how to link with libiconv
configure:22122: result: -liconv
configure:22133: checking for iconv declaration
configure:22172: gcc -c -g -O2  conftest.c >&5
conftest.c:34: error: conflicting types for 'libiconv'
/usr/include/iconv.h:82: error: previous declaration of 'libiconv' was here
configure:22178: $? = 1
configure: failed program was:
| /* confdefs.h.  */
| #define PACKAGE_NAME ""
| #define PACKAGE_TARNAME ""
| #define PACKAGE_VERSION ""
| #define PACKAGE_STRING ""
| #define PACKAGE_BUGREPORT ""
| #define PACKAGE "libiconv"
| #define VERSION "1.11"
| #define _GNU_SOURCE 1
| #define STDC_HEADERS 1
| #define HAVE_SYS_TYPES_H 1
| #define HAVE_SYS_STAT_H 1
| #define HAVE_STDLIB_H 1
| #define HAVE_STRING_H 1
| #define HAVE_MEMORY_H 1
| #define HAVE_STRINGS_H 1
| #define HAVE_INTTYPES_H 1
| #define HAVE_STDINT_H 1
| #define HAVE_UNISTD_H 1
| #define __EXTENSIONS__ 1
| #define INSTALLPREFIX "/usr/local"
| #define HAVE_DLFCN_H 1
| #define HAVE_VISIBILITY 1
| #define HAVE_ICONV 1
| /* end confdefs.h.  */
| 
| #include <stdlib.h>
| #include <iconv.h>
| extern
| #ifdef __cplusplus
| "C"
| #endif
| #if defined(__STDC__) || defined(__cplusplus)
| size_t iconv (iconv_t cd, char * *inbuf, size_t *inbytesleft, char * *outbuf, size_t *outbytesleft);
| #else
| size_t iconv();
| #endif
| 
| int
| main ()
| {
| 
|   ;
|   return 0;
| }
configure:22214: result: 
         extern size_t iconv (iconv_t cd, const char * *inbuf, size_t *inbytesleft, char * *outbuf, size_t *outbytesleft);
configure:22225: checking whether NLS is requested
configure:22234: result: yes
configure:22272: checking for msgfmt
configure: trying /sw/bin/msgfmt...
0 translated messages.
configure:22304: result: /sw/bin/msgfmt
configure:22313: checking for gmsgfmt
configure:22344: result: /sw/bin/msgfmt
configure:22395: checking for xgettext
configure: trying /sw/bin/xgettext...
/sw/bin/xgettext: warning: file `/dev/null' extension `' is unknown; will try C
configure:22427: result: /sw/bin/xgettext
configure:22473: checking for msgmerge
configure: trying /sw/bin/msgmerge...
configure:22504: result: /sw/bin/msgmerge
configure:22534: checking for CFPreferencesCopyAppValue
configure:22562: gcc -o conftest -g -O2   conftest.c  -Wl,-framework -Wl,CoreFoundation >&5
In file included from /System/Library/Frameworks/CoreFoundation.framework/Headers/CFPreferences.h:8,
                 from conftest.c:27:
/System/Library/Frameworks/CoreFoundation.framework/Headers/CFBase.h:53:41: error: CarbonCore/MacTypes.h: No such file or directory
In file included from /System/Library/Frameworks/CoreFoundation.framework/Headers/CFPreferences.h:8,
                 from conftest.c:27:
/System/Library/Frameworks/CoreFoundation.framework/Headers/CFBase.h:271: error: expected '=', ',', ';', 'asm' or '__attribute__' before 'AVAILABLE_MAC_OS_X_VERSION_10_4_AND_LATER'
/System/Library/Frameworks/CoreFoundation.framework/Headers/CFBase.h: In function 'CFMakeCollectable':
/System/Library/Frameworks/CoreFoundation.framework/Headers/CFBase.h:375: error: expected declaration specifiers before 'AVAILABLE_MAC_OS_X_VERSION_10_4_AND_LATER'
/System/Library/Frameworks/CoreFoundation.framework/Headers/CFBase.h:378: error: storage class specified for parameter 'CFEqual'
/System/Library/Frameworks/CoreFoundation.framework/Headers/CFBase.h:381: error: storage class specified for parameter 'CFHash'
/System/Library/Frameworks/CoreFoundation.framework/Headers/CFBase.h:384: error: storage class specified for parameter 'CFCopyDescription'
/System/Library/Frameworks/CoreFoundation.framework/Headers/CFBase.h:387: error: storage class specified for parameter 'CFGetAllocator'
In file included from /System/Library/Frameworks/CoreFoundation.framework/Headers/CFPreferences.h:9,
                 from conftest.c:27:
/System/Library/Frameworks/CoreFoundation.framework/Headers/CFArray.h:80: error: storage class specified for parameter 'CFArrayRetainCallBack'
/System/Library/Frameworks/CoreFoundation.framework/Headers/CFArray.h:81: error: storage class specified for parameter 'CFArrayReleaseCallBack'
/System/Library/Frameworks/CoreFoundation.framework/Headers/CFArray.h:82: error: storage class specified for parameter 'CFArrayCopyDescriptionCallBack'
/System/Library/Frameworks/CoreFoundation.framework/Headers/CFArray.h:83: error: storage class specified for parameter 'CFArrayEqualCallBack'
/System/Library/Frameworks/CoreFoundation.framework/Headers/CFArray.h:86: error: expected specifier-qualifier-list before 'CFArrayRetainCallBack'
/System/Library/Frameworks/CoreFoundation.framework/Headers/CFArray.h:90: error: storage class specified for parameter 'CFArrayCallBacks'
/System/Library/Frameworks/CoreFoundation.framework/Headers/CFArray.h:98: error: expected '=', ',', ';', 'asm' or '__attribute__' before 'kCFTypeArrayCallBacks'
/System/Library/Frameworks/CoreFoundation.framework/Headers/CFArray.h:108: error: storage class specified for parameter 'CFArrayApplierFunction'
/System/Library/Frameworks/CoreFoundation.framework/Headers/CFArray.h:114: error: storage class specified for parameter 'CFArrayRef'
/System/Library/Frameworks/CoreFoundation.framework/Headers/CFArray.h:120: error: storage class specified for parameter 'CFMutableArrayRef'
/System/Library/Frameworks/CoreFoundation.framework/Headers/CFArray.h:127: error: storage class specified for parameter 'CFArrayGetTypeID'
/System/Library/Frameworks/CoreFoundation.framework/Headers/CFArray.h:180: error: expected '=', ',', ';', 'asm' or '__attribute__' before 'CFArrayCreate'
/System/Library/Frameworks/CoreFoundation.framework/Headers/CFArray.h:201: error: expected '=', ',', ';', 'asm' or '__attribute__' before 'CFArrayCreateCopy'
/System/Library/Frameworks/CoreFoundation.framework/Headers/CFArray.h:246: error: expected '=', ',', ';', 'asm' or '__attribute__' before 'CFArrayCreateMutable'
/System/Library/Frameworks/CoreFoundation.framework/Headers/CFArray.h:276: error: expected '=', ',', ';', 'asm' or '__attribute__' before 'CFArrayCreateMutableCopy'
/System/Library/Frameworks/CoreFoundation.framework/Headers/CFArray.h:286: error: expected ')' before 'theArray'
/System/Library/Frameworks/CoreFoundation.framework/Headers/CFArray.h:309: error: expected ')' before 'theArray'
/System/Library/Frameworks/CoreFoundation.framework/Headers/CFArray.h:332: error: expected ')' before 'theArray'
/System/Library/Frameworks/CoreFoundation.framework/Headers/CFArray.h:346: error: expected ')' before 'theArray'
/System/Library/Frameworks/CoreFoundation.framework/Headers/CFArray.h:367: error: expected ')' before 'theArray'
/System/Library/Frameworks/CoreFoundation.framework/Headers/CFArray.h:394: error: expected ')' before 'theArray'
/System/Library/Frameworks/CoreFoundation.framework/Headers/CFArray.h:419: error: expected ')' before 'theArray'
/System/Library/Frameworks/CoreFoundation.framework/Headers/CFArray.h:444: error: expected ')' before 'theArray'
/System/Library/Frameworks/CoreFoundation.framework/Headers/CFArray.h:483: error: expected ')' before 'theArray'
/System/Library/Frameworks/CoreFoundation.framework/Headers/CFArray.h:500: error: expected ')' before 'theArray'
/System/Library/Frameworks/CoreFoundation.framework/Headers/CFArray.h:522: error: expected ')' before 'theArray'
/System/Library/Frameworks/CoreFoundation.framework/Headers/CFArray.h:545: error: expected ')' before 'theArray'
/System/Library/Frameworks/CoreFoundation.framework/Headers/CFArray.h:559: error: expected ')' before 'theArray'
/System/Library/Frameworks/CoreFoundation.framework/Headers/CFArray.h:569: error: expected ')' before 'theArray'
/System/Library/Frameworks/CoreFoundation.framework/Headers/CFArray.h:603: error: expected ')' before 'theArray'
/System/Library/Frameworks/CoreFoundation.framework/Headers/CFArray.h:621: error: expected ')' before 'theArray'
/System/Library/Frameworks/CoreFoundation.framework/Headers/CFArray.h:651: error: expected ')' before 'theArray'
/System/Library/Frameworks/CoreFoundation.framework/Headers/CFArray.h:681: error: expected ')' before 'theArray'
In file included from /System/Library/Frameworks/CoreFoundation.framework/Headers/CFString.h:10,
                 from /System/Library/Frameworks/CoreFoundation.framework/Headers/CFPreferences.h:10,
                 from conftest.c:27:
/System/Library/Frameworks/CoreFoundation.framework/Headers/CFData.h:14: error: storage class specified for parameter 'CFDataRef'
/System/Library/Frameworks/CoreFoundation.framework/Headers/CFData.h:15: error: storage class specified for parameter 'CFMutableDataRef'
/System/Library/Frameworks/CoreFoundation.framework/Headers/CFData.h:18: error: storage class specified for parameter 'CFDataGetTypeID'
/System/Library/Frameworks/CoreFoundation.framework/Headers/CFData.h:21: error: expected '=', ',', ';', 'asm' or '__attribute__' before 'CFDataCreate'
/System/Library/Frameworks/CoreFoundation.framework/Headers/CFData.h:24: error: expected '=', ',', ';', 'asm' or '__attribute__' before 'CFDataCreateWithBytesNoCopy'
/System/Library/Frameworks/CoreFoundation.framework/Headers/CFData.h:28: error: expected '=', ',', ';', 'asm' or '__attribute__' before 'CFDataCreateCopy'
/System/Library/Frameworks/CoreFoundation.framework/Headers/CFData.h:31: error: expected '=', ',', ';', 'asm' or '__attribute__' before 'CFDataCreateMutable'
/System/Library/Frameworks/CoreFoundation.framework/Headers/CFData.h:34: error: expected '=', ',', ';', 'asm' or '__attribute__' before 'CFDataCreateMutableCopy'
/System/Library/Frameworks/CoreFoundation.framework/Headers/CFData.h:37: error: expected ')' before 'theData'
/System/Library/Frameworks/CoreFoundation.framework/Headers/CFData.h:40: error: expected ')' before 'theData'
/System/Library/Frameworks/CoreFoundation.framework/Headers/CFData.h:43: error: expected ')' before 'theData'
/System/Library/Frameworks/CoreFoundation.framework/Headers/CFData.h:46: error: expected ')' before 'theData'
/System/Library/Frameworks/CoreFoundation.framework/Headers/CFData.h:49: error: expected ')' before 'theData'
/System/Library/Frameworks/CoreFoundation.framework/Headers/CFData.h:52: error: expected ')' before 'theData'
/System/Library/Frameworks/CoreFoundation.framework/Headers/CFData.h:55: error: expected ')' before 'theData'
/System/Library/Frameworks/CoreFoundation.framework/Headers/CFData.h:58: error: expected ')' before 'theData'
/System/Library/Frameworks/CoreFoundation.framework/Headers/CFData.h:61: error: expected ')' before 'theData'
In file included from /System/Library/Frameworks/CoreFoundation.framework/Headers/CFString.h:11,
                 from /System/Library/Frameworks/CoreFoundation.framework/Headers/CFPreferences.h:10,
                 from conftest.c:27:
/System/Library/Frameworks/CoreFoundation.framework/Headers/CFDictionary.h:98: error: storage class specified for parameter 'CFDictionaryRetainCallBack'
/System/Library/Frameworks/CoreFoundation.framework/Headers/CFDictionary.h:99: error: storage class specified for parameter 'CFDictionaryReleaseCallBack'
/System/Library/Frameworks/CoreFoundation.framework/Headers/CFDictionary.h:100: error: storage class specified for parameter 'CFDictionaryCopyDescriptionCallBack'
/System/Library/Frameworks/CoreFoundation.framework/Headers/CFDictionary.h:101: error: storage class specified for parameter 'CFDictionaryEqualCallBack'
/System/Library/Frameworks/CoreFoundation.framework/Headers/CFDictionary.h:102: error: storage class specified for parameter 'CFDictionaryHashCallBack'
/System/Library/Frameworks/CoreFoundation.framework/Headers/CFDictionary.h:105: error: expected specifier-qualifier-list before 'CFDictionaryRetainCallBack'
/System/Library/Frameworks/CoreFoundation.framework/Headers/CFDictionary.h:110: error: storage class specified for parameter 'CFDictionaryKeyCallBacks'
/System/Library/Frameworks/CoreFoundation.framework/Headers/CFDictionary.h:119: error: expected '=', ',', ';', 'asm' or '__attribute__' before 'kCFTypeDictionaryKeyCallBacks'
/System/Library/Frameworks/CoreFoundation.framework/Headers/CFDictionary.h:130: error: expected '=', ',', ';', 'asm' or '__attribute__' before 'kCFCopyStringDictionaryKeyCallBacks'
/System/Library/Frameworks/CoreFoundation.framework/Headers/CFDictionary.h:157: error: expected specifier-qualifier-list before 'CFDictionaryRetainCallBack'
/System/Library/Frameworks/CoreFoundation.framework/Headers/CFDictionary.h:161: error: storage class specified for parameter 'CFDictionaryValueCallBacks'
/System/Library/Frameworks/CoreFoundation.framework/Headers/CFDictionary.h:170: error: expected '=', ',', ';', 'asm' or '__attribute__' before 'kCFTypeDictionaryValueCallBacks'
/System/Library/Frameworks/CoreFoundation.framework/Headers/CFDictionary.h:181: error: storage class specified for parameter 'CFDictionaryApplierFunction'
/System/Library/Frameworks/CoreFoundation.framework/Headers/CFDictionary.h:187: error: storage class specified for parameter 'CFDictionaryRef'
/System/Library/Frameworks/CoreFoundation.framework/Headers/CFDictionary.h:193: error: storage class specified for parameter 'CFMutableDictionaryRef'
/System/Library/Frameworks/CoreFoundation.framework/Headers/CFDictionary.h:200: error: storage class specified for parameter 'CFDictionaryGetTypeID'
/System/Library/Frameworks/CoreFoundation.framework/Headers/CFDictionary.h:285: error: expected '=', ',', ';', 'asm' or '__attribute__' before 'CFDictionaryCreate'
/System/Library/Frameworks/CoreFoundation.framework/Headers/CFDictionary.h:309: error: expected '=', ',', ';', 'asm' or '__attribute__' before 'CFDictionaryCreateCopy'
/System/Library/Frameworks/CoreFoundation.framework/Headers/CFDictionary.h:382: error: expected '=', ',', ';', 'asm' or '__attribute__' before 'CFDictionaryCreateMutable'
/System/Library/Frameworks/CoreFoundation.framework/Headers/CFDictionary.h:415: error: expected '=', ',', ';', 'asm' or '__attribute__' before 'CFDictionaryCreateMutableCopy'
/System/Library/Frameworks/CoreFoundation.framework/Headers/CFDictionary.h:425: error: expected ')' before 'theDict'
/System/Library/Frameworks/CoreFoundation.framework/Headers/CFDictionary.h:444: error: expected ')' before 'theDict'
/System/Library/Frameworks/CoreFoundation.framework/Headers/CFDictionary.h:460: error: expected ')' before 'theDict'
/System/Library/Frameworks/CoreFoundation.framework/Headers/CFDictionary.h:478: error: expected ')' before 'theDict'
/System/Library/Frameworks/CoreFoundation.framework/Headers/CFDictionary.h:494: error: expected ')' before 'theDict'
/System/Library/Frameworks/CoreFoundation.framework/Headers/CFDictionary.h:516: error: expected ')' before 'theDict'
/System/Library/Frameworks/CoreFoundation.framework/Headers/CFDictionary.h:541: error: expected ')' before 'theDict'
/System/Library/Frameworks/CoreFoundation.framework/Headers/CFDictionary.h:564: error: expected ')' before 'theDict'
/System/Library/Frameworks/CoreFoundation.framework/Headers/CFDictionary.h:584: error: expected ')' before 'theDict'
/System/Library/Frameworks/CoreFoundation.framework/Headers/CFDictionary.h:605: error: expected ')' before 'theDict'
/System/Library/Frameworks/CoreFoundation.framework/Headers/CFDictionary.h:630: error: expected ')' before 'theDict'
/System/Library/Frameworks/CoreFoundation.framework/Headers/CFDictionary.h:649: error: expected ')' before 'theDict'
/System/Library/Frameworks/CoreFoundation.framework/Headers/CFDictionary.h:663: error: expected ')' before 'theDict'
/System/Library/Frameworks/CoreFoundation.framework/Headers/CFDictionary.h:673: error: expected ')' before 'theDict'
In file included from /System/Library/Frameworks/CoreFoundation.framework/Headers/CFString.h:12,
                 from /System/Library/Frameworks/CoreFoundation.framework/Headers/CFPreferences.h:10,
                 from conftest.c:27:
/System/Library/Frameworks/CoreFoundation.framework/Headers/CFCharacterSet.h:45: error: storage class specified for parameter 'CFCharacterSetRef'
/System/Library/Frameworks/CoreFoundation.framework/Headers/CFCharacterSet.h:51: error: storage class specified for parameter 'CFMutableCharacterSetRef'
/System/Library/Frameworks/CoreFoundation.framework/Headers/CFCharacterSet.h:76: error: storage class specified for parameter 'CFCharacterSetPredefinedSet'
/System/Library/Frameworks/CoreFoundation.framework/Headers/CFCharacterSet.h:83: error: storage class specified for parameter 'CFCharacterSetGetTypeID'
/System/Library/Frameworks/CoreFoundation.framework/Headers/CFCharacterSet.h:96: error: expected '=', ',', ';', 'asm' or '__attribute__' before 'CFCharacterSetGetPredefined'
/System/Library/Frameworks/CoreFoundation.framework/Headers/CFCharacterSet.h:115: error: expected '=', ',', ';', 'asm' or '__attribute__' before 'CFCharacterSetCreateWithCharactersInRange'
/System/Library/Frameworks/CoreFoundation.framework/Headers/CFCharacterSet.h:132: error: expected '=', ',', ';', 'asm' or '__attribute__' before 'CFCharacterSetCreateWithCharactersInString'
/System/Library/Frameworks/CoreFoundation.framework/Headers/CFCharacterSet.h:160: error: expected '=', ',', ';', 'asm' or '__attribute__' before 'CFCharacterSetCreateWithBitmapRepresentation'
/System/Library/Frameworks/CoreFoundation.framework/Headers/CFCharacterSet.h:176: error: expected '=', ',', ';', 'asm' or '__attribute__' before 'CFCharacterSetCreateInvertedSet'
/System/Library/Frameworks/CoreFoundation.framework/Headers/CFCharacterSet.h:186: error: expected ')' before 'theSet'
/System/Library/Frameworks/CoreFoundation.framework/Headers/CFCharacterSet.h:197: error: expected ')' before 'theSet'
/System/Library/Frameworks/CoreFoundation.framework/Headers/CFCharacterSet.h:211: error: expected '=', ',', ';', 'asm' or '__attribute__' before 'CFCharacterSetCreateMutable'
/System/Library/Frameworks/CoreFoundation.framework/Headers/CFCharacterSet.h:228: error: expected '=', ',', ';', 'asm' or '__attribute__' before 'CFCharacterSetCreateCopy'
/System/Library/Frameworks/CoreFoundation.framework/Headers/CFCharacterSet.h:245: error: expected '=', ',', ';', 'asm' or '__attribute__' before 'CFCharacterSetCreateMutableCopy'
/System/Library/Frameworks/CoreFoundation.framework/Headers/CFCharacterSet.h:259: error: expected ')' before 'theSet'
/System/Library/Frameworks/CoreFoundation.framework/Headers/CFCharacterSet.h:271: error: expected ')' before 'theSet'
/System/Library/Frameworks/CoreFoundation.framework/Headers/CFCharacterSet.h:291: error: expected '=', ',', ';', 'asm' or '__attribute__' before 'CFCharacterSetCreateBitmapRepresentation'
/System/Library/Frameworks/CoreFoundation.framework/Headers/CFCharacterSet.h:306: error: expected ')' before 'theSet'
/System/Library/Frameworks/CoreFoundation.framework/Headers/CFCharacterSet.h:321: error: expected ')' before 'theSet'
/System/Library/Frameworks/CoreFoundation.framework/Headers/CFCharacterSet.h:334: error: expected ')' before 'theSet'
/System/Library/Frameworks/CoreFoundation.framework/Headers/CFCharacterSet.h:347: error: expected ')' before 'theSet'
/System/Library/Frameworks/CoreFoundation.framework/Headers/CFCharacterSet.h:361: error: expected ')' before 'theSet'
/System/Library/Frameworks/CoreFoundation.framework/Headers/CFCharacterSet.h:375: error: expected ')' before 'theSet'
/System/Library/Frameworks/CoreFoundation.framework/Headers/CFCharacterSet.h:385: error: expected ')' before 'theSet'
In file included from /System/Library/Frameworks/CoreFoundation.framework/Headers/CFString.h:13,
                 from /System/Library/Frameworks/CoreFoundation.framework/Headers/CFPreferences.h:10,
                 from conftest.c:27:
/System/Library/Frameworks/CoreFoundation.framework/Headers/CFLocale.h:18: error: storage class specified for parameter 'CFLocaleRef'
/System/Library/Frameworks/CoreFoundation.framework/Headers/CFLocale.h:23: error: expected '=', ',', ';', 'asm' or '__attribute__' before 'AVAILABLE_MAC_OS_X_VERSION_10_3_AND_LATER'
/System/Library/Frameworks/CoreFoundation.framework/Headers/CFLocale.h:26: error: expected '=', ',', ';', 'asm' or '__attribute__' before 'CFLocaleGetSystem'
/System/Library/Frameworks/CoreFoundation.framework/Headers/CFLocale.h:30: error: expected '=', ',', ';', 'asm' or '__attribute__' before 'CFLocaleCopyCurrent'
/System/Library/Frameworks/CoreFoundation.framework/Headers/CFLocale.h:41: error: expected '=', ',', ';', 'asm' or '__attribute__' before 'CFLocaleCopyAvailableLocaleIdentifiers'
/System/Library/Frameworks/CoreFoundation.framework/Headers/CFLocale.h:46: error: expected '=', ',', ';', 'asm' or '__attribute__' before 'CFLocaleCopyISOLanguageCodes'
/System/Library/Frameworks/CoreFoundation.framework/Headers/CFLocale.h:52: error: expected '=', ',', ';', 'asm' or '__attribute__' before 'CFLocaleCopyISOCountryCodes'
/System/Library/Frameworks/CoreFoundation.framework/Headers/CFLocale.h:58: error: expected '=', ',', ';', 'asm' or '__attribute__' before 'CFLocaleCopyISOCurrencyCodes'
/System/Library/Frameworks/CoreFoundation.framework/Headers/CFLocale.h:64: error: expected '=', ',', ';', 'asm' or '__attribute__' before 'AVAILABLE_MAC_OS_X_VERSION_10_4_AND_LATER'
/System/Library/Frameworks/CoreFoundation.framework/Headers/CFLocale.h:69: error: expected '=', ',', ';', 'asm' or '__attribute__' before 'AVAILABLE_MAC_OS_X_VERSION_10_3_AND_LATER'
/System/Library/Frameworks/CoreFoundation.framework/Headers/CFLocale.h:75: error: expected declaration specifiers or '...' before 'LangCode'
/System/Library/Frameworks/CoreFoundation.framework/Headers/CFLocale.h:75: error: expected declaration specifiers or '...' before 'RegionCode'
/System/Library/Frameworks/CoreFoundation.framework/Headers/CFLocale.h:75: error: expected '=', ',', ';', 'asm' or '__attribute__' before 'AVAILABLE_MAC_OS_X_VERSION_10_3_AND_LATER'
/System/Library/Frameworks/CoreFoundation.framework/Headers/CFLocale.h:80: error: expected '=', ',', ';', 'asm' or '__attribute__' before 'CFLocaleCreateComponentsFromLocaleIdentifier'
/System/Library/Frameworks/CoreFoundation.framework/Headers/CFLocale.h:90: error: expected declaration specifiers or '...' before 'CFDictionaryRef'
/System/Library/Frameworks/CoreFoundation.framework/Headers/CFLocale.h:90: error: expected '=', ',', ';', 'asm' or '__attribute__' before 'AVAILABLE_MAC_OS_X_VERSION_10_4_AND_LATER'
/System/Library/Frameworks/CoreFoundation.framework/Headers/CFLocale.h:98: error: expected '=', ',', ';', 'asm' or '__attribute__' before 'CFLocaleCreate'
/System/Library/Frameworks/CoreFoundation.framework/Headers/CFLocale.h:102: error: expected '=', ',', ';', 'asm' or '__attribute__' before 'CFLocaleCreateCopy'
/System/Library/Frameworks/CoreFoundation.framework/Headers/CFLocale.h:108: error: expected ')' before 'locale'
/System/Library/Frameworks/CoreFoundation.framework/Headers/CFLocale.h:113: error: expected ')' before 'locale'
/System/Library/Frameworks/CoreFoundation.framework/Headers/CFLocale.h:118: error: expected ')' before 'displayLocale'
/System/Library/Frameworks/CoreFoundation.framework/Headers/CFLocale.h:126: error: expected '=', ',', ';', 'asm' or '__attribute__' before 'AVAILABLE_MAC_OS_X_VERSION_10_4_AND_LATER'
/System/Library/Frameworks/CoreFoundation.framework/Headers/CFLocale.h:127: error: expected '=', ',', ';', 'asm' or '__attribute__' before 'AVAILABLE_MAC_OS_X_VERSION_10_4_AND_LATER'
/System/Library/Frameworks/CoreFoundation.framework/Headers/CFLocale.h:128: error: expected '=', ',', ';', 'asm' or '__attribute__' before 'AVAILABLE_MAC_OS_X_VERSION_10_4_AND_LATER'
/System/Library/Frameworks/CoreFoundation.framework/Headers/CFLocale.h:129: error: expected '=', ',', ';', 'asm' or '__attribute__' before 'AVAILABLE_MAC_OS_X_VERSION_10_4_AND_LATER'
/System/Library/Frameworks/CoreFoundation.framework/Headers/CFLocale.h:130: error: expected '=', ',', ';', 'asm' or '__attribute__' before 'AVAILABLE_MAC_OS_X_VERSION_10_4_AND_LATER'
/System/Library/Frameworks/CoreFoundation.framework/Headers/CFLocale.h:132: error: expected '=', ',', ';', 'asm' or '__attribute__' before 'AVAILABLE_MAC_OS_X_VERSION_10_4_AND_LATER'
/System/Library/Frameworks/CoreFoundation.framework/Headers/CFLocale.h:133: error: expected '=', ',', ';', 'asm' or '__attribute__' before 'AVAILABLE_MAC_OS_X_VERSION_10_4_AND_LATER'
/System/Library/Frameworks/CoreFoundation.framework/Headers/CFLocale.h:134: error: expected '=', ',', ';', 'asm' or '__attribute__' before 'AVAILABLE_MAC_OS_X_VERSION_10_4_AND_LATER'
/System/Library/Frameworks/CoreFoundation.framework/Headers/CFLocale.h:135: error: expected '=', ',', ';', 'asm' or '__attribute__' before 'AVAILABLE_MAC_OS_X_VERSION_10_4_AND_LATER'
/System/Library/Frameworks/CoreFoundation.framework/Headers/CFLocale.h:136: error: expected '=', ',', ';', 'asm' or '__attribute__' before 'AVAILABLE_MAC_OS_X_VERSION_10_4_AND_LATER'
/System/Library/Frameworks/CoreFoundation.framework/Headers/CFLocale.h:137: error: expected '=', ',', ';', 'asm' or '__attribute__' before 'AVAILABLE_MAC_OS_X_VERSION_10_3_AND_LATER'
/System/Library/Frameworks/CoreFoundation.framework/Headers/CFLocale.h:138: error: expected '=', ',', ';', 'asm' or '__attribute__' before 'AVAILABLE_MAC_OS_X_VERSION_10_3_AND_LATER'
/System/Library/Frameworks/CoreFoundation.framework/Headers/CFLocale.h:139: error: expected '=', ',', ';', 'asm' or '__attribute__' before 'AVAILABLE_MAC_OS_X_VERSION_10_3_AND_LATER'
/System/Library/Frameworks/CoreFoundation.framework/Headers/CFLocale.h:140: error: expected '=', ',', ';', 'asm' or '__attribute__' before 'AVAILABLE_MAC_OS_X_VERSION_10_3_AND_LATER'
/System/Library/Frameworks/CoreFoundation.framework/Headers/CFLocale.h:141: error: expected '=', ',', ';', 'asm' or '__attribute__' before 'AVAILABLE_MAC_OS_X_VERSION_10_3_AND_LATER'
/System/Library/Frameworks/CoreFoundation.framework/Headers/CFLocale.h:144: error: expected '=', ',', ';', 'asm' or '__attribute__' before 'AVAILABLE_MAC_OS_X_VERSION_10_3_AND_LATER'
/System/Library/Frameworks/CoreFoundation.framework/Headers/CFLocale.h:145: error: expected '=', ',', ';', 'asm' or '__attribute__' before 'AVAILABLE_MAC_OS_X_VERSION_10_4_AND_LATER'
/System/Library/Frameworks/CoreFoundation.framework/Headers/CFLocale.h:146: error: expected '=', ',', ';', 'asm' or '__attribute__' before 'AVAILABLE_MAC_OS_X_VERSION_10_4_AND_LATER'
/System/Library/Frameworks/CoreFoundation.framework/Headers/CFLocale.h:147: error: expected '=', ',', ';', 'asm' or '__attribute__' before 'AVAILABLE_MAC_OS_X_VERSION_10_4_AND_LATER'
/System/Library/Frameworks/CoreFoundation.framework/Headers/CFLocale.h:148: error: expected '=', ',', ';', 'asm' or '__attribute__' before 'AVAILABLE_MAC_OS_X_VERSION_10_4_AND_LATER'
/System/Library/Frameworks/CoreFoundation.framework/Headers/CFLocale.h:149: error: expected '=', ',', ';', 'asm' or '__attribute__' before 'AVAILABLE_MAC_OS_X_VERSION_10_4_AND_LATER'
/System/Library/Frameworks/CoreFoundation.framework/Headers/CFLocale.h:150: error: expected '=', ',', ';', 'asm' or '__attribute__' before 'AVAILABLE_MAC_OS_X_VERSION_10_4_AND_LATER'
In file included from /System/Library/Frameworks/CoreFoundation.framework/Headers/CFString.h:14,
                 from /System/Library/Frameworks/CoreFoundation.framework/Headers/CFPreferences.h:10,
                 from conftest.c:27:
/usr/lib/gcc/powerpc-apple-darwin8/4.2.1/include/stdarg.h:43: error: storage class specified for parameter '__gnuc_va_list'
/usr/lib/gcc/powerpc-apple-darwin8/4.2.1/include/stdarg.h:105: error: expected '=', ',', ';', 'asm' or '__attribute__' before 'va_list'
In file included from /System/Library/Frameworks/CoreFoundation.framework/Headers/CFPreferences.h:10,
                 from conftest.c:27:
/System/Library/Frameworks/CoreFoundation.framework/Headers/CFString.h:93: error: storage class specified for parameter 'CFStringEncoding'
/System/Library/Frameworks/CoreFoundation.framework/Headers/CFString.h:118: error: storage class specified for parameter 'CFStringBuiltInEncodings'
/System/Library/Frameworks/CoreFoundation.framework/Headers/CFString.h:122: error: storage class specified for parameter 'CFStringGetTypeID'
/System/Library/Frameworks/CoreFoundation.framework/Headers/CFString.h:154: error: expected declaration specifiers or '...' before 'CFStringEncoding'
/System/Library/Frameworks/CoreFoundation.framework/Headers/CFString.h:154: error: storage class specified for parameter 'CFStringCreateWithPascalString'
/System/Library/Frameworks/CoreFoundation.framework/Headers/CFString.h:157: error: expected declaration specifiers or '...' before 'CFStringEncoding'
/System/Library/Frameworks/CoreFoundation.framework/Headers/CFString.h:157: error: storage class specified for parameter 'CFStringCreateWithCString'
/System/Library/Frameworks/CoreFoundation.framework/Headers/CFString.h:160: error: storage class specified for parameter 'CFStringCreateWithCharacters'
/System/Library/Frameworks/CoreFoundation.framework/Headers/CFString.h:179: error: expected declaration specifiers or '...' before 'CFStringEncoding'
/System/Library/Frameworks/CoreFoundation.framework/Headers/CFString.h:179: error: storage class specified for parameter 'CFStringCreateWithPascalStringNoCopy'
/System/Library/Frameworks/CoreFoundation.framework/Headers/CFString.h:182: error: expected declaration specifiers or '...' before 'CFStringEncoding'
/System/Library/Frameworks/CoreFoundation.framework/Headers/CFString.h:182: error: storage class specified for parameter 'CFStringCreateWithCStringNoCopy'
/System/Library/Frameworks/CoreFoundation.framework/Headers/CFString.h:185: error: storage class specified for parameter 'CFStringCreateWithCharactersNoCopy'
/System/Library/Frameworks/CoreFoundation.framework/Headers/CFString.h:190: error: storage class specified for parameter 'CFStringCreateWithSubstring'
/System/Library/Frameworks/CoreFoundation.framework/Headers/CFString.h:193: error: storage class specified for parameter 'CFStringCreateCopy'
/System/Library/Frameworks/CoreFoundation.framework/Headers/CFString.h:198: error: expected declaration specifiers or '...' before 'CFDictionaryRef'
/System/Library/Frameworks/CoreFoundation.framework/Headers/CFString.h:198: error: storage class specified for parameter 'CFStringCreateWithFormat'
/System/Library/Frameworks/CoreFoundation.framework/Headers/CFString.h:201: error: expected declaration specifiers or '...' before 'CFDictionaryRef'
/System/Library/Frameworks/CoreFoundation.framework/Headers/CFString.h:201: error: expected declaration specifiers or '...' before 'va_list'
/System/Library/Frameworks/CoreFoundation.framework/Headers/CFString.h:201: error: storage class specified for parameter 'CFStringCreateWithFormatAndArguments'
/System/Library/Frameworks/CoreFoundation.framework/Headers/CFString.h:206: error: storage class specified for parameter 'CFStringCreateMutable'
/System/Library/Frameworks/CoreFoundation.framework/Headers/CFString.h:209: error: storage class specified for parameter 'CFStringCreateMutableCopy'
/System/Library/Frameworks/CoreFoundation.framework/Headers/CFString.h:218: error: storage class specified for parameter 'CFStringCreateMutableWithExternalCharactersNoCopy'
/System/Library/Frameworks/CoreFoundation.framework/Headers/CFString.h:225: error: storage class specified for parameter 'CFStringGetLength'
/System/Library/Frameworks/CoreFoundation.framework/Headers/CFString.h:233: error: storage class specified for parameter 'CFStringGetCharacterAtIndex'
/System/Library/Frameworks/CoreFoundation.framework/Headers/CFString.h:236: error: storage class specified for parameter 'CFStringGetCharacters'
/System/Library/Frameworks/CoreFoundation.framework/Headers/CFString.h:250: error: expected declaration specifiers or '...' before 'CFStringEncoding'
/System/Library/Frameworks/CoreFoundation.framework/Headers/CFString.h:250: error: storage class specified for parameter 'CFStringGetPascalString'
/System/Library/Frameworks/CoreFoundation.framework/Headers/CFString.h:253: error: expected declaration specifiers or '...' before 'CFStringEncoding'
/System/Library/Frameworks/CoreFoundation.framework/Headers/CFString.h:253: error: storage class specified for parameter 'CFStringGetCString'
/System/Library/Frameworks/CoreFoundation.framework/Headers/CFString.h:261: error: expected declaration specifiers or '...' before 'CFStringEncoding'
/System/Library/Frameworks/CoreFoundation.framework/Headers/CFString.h:261: error: storage class specified for parameter 'CFStringGetPascalStringPtr'
/System/Library/Frameworks/CoreFoundation.framework/Headers/CFString.h:264: error: expected declaration specifiers or '...' before 'CFStringEncoding'
/System/Library/Frameworks/CoreFoundation.framework/Headers/CFString.h:264: error: storage class specified for parameter 'CFStringGetCStringPtr'
/System/Library/Frameworks/CoreFoundation.framework/Headers/CFString.h:267: error: storage class specified for parameter 'CFStringGetCharactersPtr'
/System/Library/Frameworks/CoreFoundation.framework/Headers/CFString.h:282: error: expected declaration specifiers or '...' before 'CFStringEncoding'
/System/Library/Frameworks/CoreFoundation.framework/Headers/CFString.h:282: error: storage class specified for parameter 'CFStringGetBytes'
/System/Library/Frameworks/CoreFoundation.framework/Headers/CFString.h:291: error: expected declaration specifiers or '...' before 'CFStringEncoding'
/System/Library/Frameworks/CoreFoundation.framework/Headers/CFString.h:291: error: storage class specified for parameter 'CFStringCreateWithBytes'
/System/Library/Frameworks/CoreFoundation.framework/Headers/CFString.h:300: error: expected declaration specifiers or '...' before 'CFDataRef'
/System/Library/Frameworks/CoreFoundation.framework/Headers/CFString.h:300: error: expected declaration specifiers or '...' before 'CFStringEncoding'
/System/Library/Frameworks/CoreFoundation.framework/Headers/CFString.h:300: error: storage class specified for parameter 'CFStringCreateFromExternalRepresentation'
/System/Library/Frameworks/CoreFoundation.framework/Headers/CFString.h:303: error: expected '=', ',', ';', 'asm' or '__attribute__' before 'CFStringCreateExternalRepresentation'
/System/Library/Frameworks/CoreFoundation.framework/Headers/CFString.h:308: error: expected '=', ',', ';', 'asm' or '__attribute__' before 'CFStringGetSmallestEncoding'
/System/Library/Frameworks/CoreFoundation.framework/Headers/CFString.h:311: error: expected '=', ',', ';', 'asm' or '__attribute__' before 'CFStringGetFastestEncoding'
/System/Library/Frameworks/CoreFoundation.framework/Headers/CFString.h:316: error: expected '=', ',', ';', 'asm' or '__attribute__' before 'CFStringGetSystemEncoding'
/System/Library/Frameworks/CoreFoundation.framework/Headers/CFString.h:319: error: expected declaration specifiers or '...' before 'CFStringEncoding'
/System/Library/Frameworks/CoreFoundation.framework/Headers/CFString.h:319: error: storage class specified for parameter 'CFStringGetMaximumSizeForEncoding'
/System/Library/Frameworks/CoreFoundation.framework/Headers/CFString.h:327: error: expected '=', ',', ';', 'asm' or '__attribute__' before 'AVAILABLE_MAC_OS_X_VERSION_10_4_AND_LATER'
/System/Library/Frameworks/CoreFoundation.framework/Headers/CFString.h:332: error: expected '=', ',', ';', 'asm' or '__attribute__' before 'AVAILABLE_MAC_OS_X_VERSION_10_4_AND_LATER'
/System/Library/Frameworks/CoreFoundation.framework/Headers/CFString.h:337: error: expected '=', ',', ';', 'asm' or '__attribute__' before 'AVAILABLE_MAC_OS_X_VERSION_10_4_AND_LATER'
/System/Library/Frameworks/CoreFoundation.framework/Headers/CFString.h:352: error: storage class specified for parameter 'CFStringCompareFlags'
/System/Library/Frameworks/CoreFoundation.framework/Headers/CFString.h:360: error: storage class specified for parameter 'CFStringCompareWithOptions'
/System/Library/Frameworks/CoreFoundation.framework/Headers/CFString.h:367: error: storage class specified for parameter 'CFStringCompare'
/System/Library/Frameworks/CoreFoundation.framework/Headers/CFString.h:374: error: storage class specified for parameter 'CFStringFindWithOptions'
/System/Library/Frameworks/CoreFoundation.framework/Headers/CFString.h:385: error: expected '=', ',', ';', 'asm' or '__attribute__' before 'CFStringCreateArrayWithFindResults'
/System/Library/Frameworks/CoreFoundation.framework/Headers/CFString.h:390: error: storage class specified for parameter 'CFStringFind'
/System/Library/Frameworks/CoreFoundation.framework/Headers/CFString.h:393: error: storage class specified for parameter 'CFStringHasPrefix'
/System/Library/Frameworks/CoreFoundation.framework/Headers/CFString.h:396: error: storage class specified for parameter 'CFStringHasSuffix'
/System/Library/Frameworks/CoreFoundation.framework/Headers/CFString.h:412: error: storage class specified for parameter 'CFStringGetRangeOfComposedCharactersAtIndex'
/System/Library/Frameworks/CoreFoundation.framework/Headers/CFString.h:442: error: expected declaration specifiers or '...' before 'CFCharacterSetRef'
/System/Library/Frameworks/CoreFoundation.framework/Headers/CFString.h:442: error: storage class specified for parameter 'CFStringFindCharacterFromSet'
/System/Library/Frameworks/CoreFoundation.framework/Headers/CFString.h:455: error: storage class specified for parameter 'CFStringGetLineBounds'
/System/Library/Frameworks/CoreFoundation.framework/Headers/CFString.h:461: error: expected declaration specifiers or '...' before 'CFArrayRef'
/System/Library/Frameworks/CoreFoundation.framework/Headers/CFString.h:461: error: storage class specified for parameter 'CFStringCreateByCombiningStrings'
/System/Library/Frameworks/CoreFoundation.framework/Headers/CFString.h:464: error: expected '=', ',', ';', 'asm' or '__attribute__' before 'CFStringCreateArrayBySeparatingStrings'
/System/Library/Frameworks/CoreFoundation.framework/Headers/CFString.h:470: error: storage class specified for parameter 'CFStringGetIntValue'
/System/Library/Frameworks/CoreFoundation.framework/Headers/CFString.h:473: error: storage class specified for parameter 'CFStringGetDoubleValue'
/System/Library/Frameworks/CoreFoundation.framework/Headers/CFString.h:484: error: storage class specified for parameter 'CFStringAppend'
/System/Library/Frameworks/CoreFoundation.framework/Headers/CFString.h:487: error: storage class specified for parameter 'CFStringAppendCharacters'
/System/Library/Frameworks/CoreFoundation.framework/Headers/CFString.h:490: error: expected declaration specifiers or '...' before 'CFStringEncoding'
/System/Library/Frameworks/CoreFoundation.framework/Headers/CFString.h:490: error: storage class specified for parameter 'CFStringAppendPascalString'
/System/Library/Frameworks/CoreFoundation.framework/Headers/CFString.h:493: error: expected declaration specifiers or '...' before 'CFStringEncoding'
/System/Library/Frameworks/CoreFoundation.framework/Headers/CFString.h:493: error: storage class specified for parameter 'CFStringAppendCString'
/System/Library/Frameworks/CoreFoundation.framework/Headers/CFString.h:496: error: expected declaration specifiers or '...' before 'CFDictionaryRef'
/System/Library/Frameworks/CoreFoundation.framework/Headers/CFString.h:496: error: storage class specified for parameter 'CFStringAppendFormat'
/System/Library/Frameworks/CoreFoundation.framework/Headers/CFString.h:499: error: expected declaration specifiers or '...' before 'CFDictionaryRef'
/System/Library/Frameworks/CoreFoundation.framework/Headers/CFString.h:499: error: expected declaration specifiers or '...' before 'va_list'
/System/Library/Frameworks/CoreFoundation.framework/Headers/CFString.h:499: error: storage class specified for parameter 'CFStringAppendFormatAndArguments'
/System/Library/Frameworks/CoreFoundation.framework/Headers/CFString.h:502: error: storage class specified for parameter 'CFStringInsert'
/System/Library/Frameworks/CoreFoundation.framework/Headers/CFString.h:505: error: storage class specified for parameter 'CFStringDelete'
/System/Library/Frameworks/CoreFoundation.framework/Headers/CFString.h:508: error: storage class specified for parameter 'CFStringReplace'
/System/Library/Frameworks/CoreFoundation.framework/Headers/CFString.h:511: error: storage class specified for parameter 'CFStringReplaceAll'
/System/Library/Frameworks/CoreFoundation.framework/Headers/CFString.h:523: error: storage class specified for parameter 'CFStringFindAndReplace'
/System/Library/Frameworks/CoreFoundation.framework/Headers/CFString.h:535: error: storage class specified for parameter 'CFStringSetExternalCharactersNoCopy'
/System/Library/Frameworks/CoreFoundation.framework/Headers/CFString.h:549: error: storage class specified for parameter 'CFStringPad'
/System/Library/Frameworks/CoreFoundation.framework/Headers/CFString.h:552: error: storage class specified for parameter 'CFStringTrim'
/System/Library/Frameworks/CoreFoundation.framework/Headers/CFString.h:555: error: storage class specified for parameter 'CFStringTrimWhitespace'
/System/Library/Frameworks/CoreFoundation.framework/Headers/CFString.h:559: error: expected declaration specifiers or '...' before 'CFLocaleRef'
/System/Library/Frameworks/CoreFoundation.framework/Headers/CFString.h:559: error: storage class specified for parameter 'CFStringLowercase'
/System/Library/Frameworks/CoreFoundation.framework/Headers/CFString.h:562: error: expected declaration specifiers or '...' before 'CFLocaleRef'
/System/Library/Frameworks/CoreFoundation.framework/Headers/CFString.h:562: error: storage class specified for parameter 'CFStringUppercase'
/System/Library/Frameworks/CoreFoundation.framework/Headers/CFString.h:565: error: expected declaration specifiers or '...' before 'CFLocaleRef'
/System/Library/Frameworks/CoreFoundation.framework/Headers/CFString.h:565: error: storage class specified for parameter 'CFStringCapitalize'
/System/Library/Frameworks/CoreFoundation.framework/Headers/CFString.h:588: error: storage class specified for parameter 'CFStringNormalizationForm'
/System/Library/Frameworks/CoreFoundation.framework/Headers/CFString.h:601: error: expected declaration specifiers or '...' before 'CFStringNormalizationForm'
/System/Library/Frameworks/CoreFoundation.framework/Headers/CFString.h:601: error: storage class specified for parameter 'CFStringNormalize'
/System/Library/Frameworks/CoreFoundation.framework/Headers/CFString.h:606: error: expected '=', ',', ';', 'asm' or '__attribute__' before 'AVAILABLE_MAC_OS_X_VERSION_10_4_AND_LATER'
/System/Library/Frameworks/CoreFoundation.framework/Headers/CFString.h:610: error: expected '=', ',', ';', 'asm' or '__attribute__' before 'AVAILABLE_MAC_OS_X_VERSION_10_4_AND_LATER'
/System/Library/Frameworks/CoreFoundation.framework/Headers/CFString.h:611: error: expected '=', ',', ';', 'asm' or '__attribute__' before 'AVAILABLE_MAC_OS_X_VERSION_10_4_AND_LATER'
/System/Library/Frameworks/CoreFoundation.framework/Headers/CFString.h:612: error: expected '=', ',', ';', 'asm' or '__attribute__' before 'AVAILABLE_MAC_OS_X_VERSION_10_4_AND_LATER'
/System/Library/Frameworks/CoreFoundation.framework/Headers/CFString.h:613: error: expected '=', ',', ';', 'asm' or '__attribute__' before 'AVAILABLE_MAC_OS_X_VERSION_10_4_AND_LATER'
/System/Library/Frameworks/CoreFoundation.framework/Headers/CFString.h:614: error: expected '=', ',', ';', 'asm' or '__attribute__' before 'AVAILABLE_MAC_OS_X_VERSION_10_4_AND_LATER'
/System/Library/Frameworks/CoreFoundation.framework/Headers/CFString.h:615: error: expected '=', ',', ';', 'asm' or '__attribute__' before 'AVAILABLE_MAC_OS_X_VERSION_10_4_AND_LATER'
/System/Library/Frameworks/CoreFoundation.framework/Headers/CFString.h:616: error: expected '=', ',', ';', 'asm' or '__attribute__' before 'AVAILABLE_MAC_OS_X_VERSION_10_4_AND_LATER'
/System/Library/Frameworks/CoreFoundation.framework/Headers/CFString.h:617: error: expected '=', ',', ';', 'asm' or '__attribute__' before 'AVAILABLE_MAC_OS_X_VERSION_10_4_AND_LATER'
/System/Library/Frameworks/CoreFoundation.framework/Headers/CFString.h:618: error: expected '=', ',', ';', 'asm' or '__attribute__' before 'AVAILABLE_MAC_OS_X_VERSION_10_4_AND_LATER'
/System/Library/Frameworks/CoreFoundation.framework/Headers/CFString.h:619: error: expected '=', ',', ';', 'asm' or '__attribute__' before 'AVAILABLE_MAC_OS_X_VERSION_10_4_AND_LATER'
/System/Library/Frameworks/CoreFoundation.framework/Headers/CFString.h:620: error: expected '=', ',', ';', 'asm' or '__attribute__' before 'AVAILABLE_MAC_OS_X_VERSION_10_4_AND_LATER'
/System/Library/Frameworks/CoreFoundation.framework/Headers/CFString.h:621: error: expected '=', ',', ';', 'asm' or '__attribute__' before 'AVAILABLE_MAC_OS_X_VERSION_10_4_AND_LATER'
/System/Library/Frameworks/CoreFoundation.framework/Headers/CFString.h:622: error: expected '=', ',', ';', 'asm' or '__attribute__' before 'AVAILABLE_MAC_OS_X_VERSION_10_4_AND_LATER'
/System/Library/Frameworks/CoreFoundation.framework/Headers/CFString.h:623: error: expected '=', ',', ';', 'asm' or '__attribute__' before 'AVAILABLE_MAC_OS_X_VERSION_10_4_AND_LATER'
/System/Library/Frameworks/CoreFoundation.framework/Headers/CFString.h:624: error: expected '=', ',', ';', 'asm' or '__attribute__' before 'AVAILABLE_MAC_OS_X_VERSION_10_4_AND_LATER'
/System/Library/Frameworks/CoreFoundation.framework/Headers/CFString.h:632: error: expected ')' before 'encoding'
/System/Library/Frameworks/CoreFoundation.framework/Headers/CFString.h:637: error: expected '=', ',', ';', 'asm' or '__attribute__' before '*' token
/System/Library/Frameworks/CoreFoundation.framework/Headers/CFString.h:642: error: expected ')' before 'encoding'
/System/Library/Frameworks/CoreFoundation.framework/Headers/CFString.h:647: error: expected ')' before 'encoding'
/System/Library/Frameworks/CoreFoundation.framework/Headers/CFString.h:650: error: expected '=', ',', ';', 'asm' or '__attribute__' before 'CFStringConvertNSStringEncodingToEncoding'
/System/Library/Frameworks/CoreFoundation.framework/Headers/CFString.h:655: error: expected ')' before 'encoding'
/System/Library/Frameworks/CoreFoundation.framework/Headers/CFString.h:658: error: expected '=', ',', ';', 'asm' or '__attribute__' before 'CFStringConvertWindowsCodepageToEncoding'
/System/Library/Frameworks/CoreFoundation.framework/Headers/CFString.h:663: error: expected '=', ',', ';', 'asm' or '__attribute__' before 'CFStringConvertIANACharSetNameToEncoding'
/System/Library/Frameworks/CoreFoundation.framework/Headers/CFString.h:666: error: expected ')' before 'encoding'
/System/Library/Frameworks/CoreFoundation.framework/Headers/CFString.h:673: error: expected '=', ',', ';', 'asm' or '__attribute__' before 'CFStringGetMostCompatibleMacStringEncoding'
/System/Library/Frameworks/CoreFoundation.framework/Headers/CFString.h:694: error: storage class specified for parameter 'CFStringInlineBuffer'
/System/Library/Frameworks/CoreFoundation.framework/Headers/CFString.h:697: error: expected declaration specifiers or '...' before 'CFStringInlineBuffer'
/System/Library/Frameworks/CoreFoundation.framework/Headers/CFString.h:697: error: expected '=', ',', ';', 'asm' or '__attribute__' before '{' token
/System/Library/Frameworks/CoreFoundation.framework/Headers/CFString.h:704: error: expected ')' before '*' token
/System/Library/Frameworks/CoreFoundation.framework/Headers/CFString.h:741: error: storage class specified for parameter 'CFShow'
/System/Library/Frameworks/CoreFoundation.framework/Headers/CFString.h:744: error: storage class specified for parameter 'CFShowStr'
/System/Library/Frameworks/CoreFoundation.framework/Headers/CFString.h:748: error: storage class specified for parameter '__CFStringMakeConstantString'
In file included from conftest.c:27:
/System/Library/Frameworks/CoreFoundation.framework/Headers/CFPreferences.h:17: error: storage class specified for parameter 'kCFPreferencesAnyApplication'
/System/Library/Frameworks/CoreFoundation.framework/Headers/CFPreferences.h:19: error: storage class specified for parameter 'kCFPreferencesCurrentApplication'
/System/Library/Frameworks/CoreFoundation.framework/Headers/CFPreferences.h:21: error: storage class specified for parameter 'kCFPreferencesAnyHost'
/System/Library/Frameworks/CoreFoundation.framework/Headers/CFPreferences.h:23: error: storage class specified for parameter 'kCFPreferencesCurrentHost'
/System/Library/Frameworks/CoreFoundation.framework/Headers/CFPreferences.h:25: error: storage class specified for parameter 'kCFPreferencesAnyUser'
/System/Library/Frameworks/CoreFoundation.framework/Headers/CFPreferences.h:27: error: storage class specified for parameter 'kCFPreferencesCurrentUser'
/System/Library/Frameworks/CoreFoundation.framework/Headers/CFPreferences.h:44: error: storage class specified for parameter 'CFPreferencesCopyAppValue'
/System/Library/Frameworks/CoreFoundation.framework/Headers/CFPreferences.h:50: error: storage class specified for parameter 'CFPreferencesGetAppBooleanValue'
/System/Library/Frameworks/CoreFoundation.framework/Headers/CFPreferences.h:56: error: storage class specified for parameter 'CFPreferencesGetAppIntegerValue'
/System/Library/Frameworks/CoreFoundation.framework/Headers/CFPreferences.h:62: error: storage class specified for parameter 'CFPreferencesSetAppValue'
/System/Library/Frameworks/CoreFoundation.framework/Headers/CFPreferences.h:69: error: storage class specified for parameter 'CFPreferencesAddSuitePreferencesToApp'
/System/Library/Frameworks/CoreFoundation.framework/Headers/CFPreferences.h:72: error: storage class specified for parameter 'CFPreferencesRemoveSuitePreferencesFromApp'
/System/Library/Frameworks/CoreFoundation.framework/Headers/CFPreferences.h:77: error: storage class specified for parameter 'CFPreferencesAppSynchronize'
/System/Library/Frameworks/CoreFoundation.framework/Headers/CFPreferences.h:84: error: storage class specified for parameter 'CFPreferencesCopyValue'
/System/Library/Frameworks/CoreFoundation.framework/Headers/CFPreferences.h:91: error: expected '=', ',', ';', 'asm' or '__attribute__' before 'CFPreferencesCopyMultiple'
/System/Library/Frameworks/CoreFoundation.framework/Headers/CFPreferences.h:96: error: storage class specified for parameter 'CFPreferencesSetValue'
/System/Library/Frameworks/CoreFoundation.framework/Headers/CFPreferences.h:101: error: expected ')' before 'keysToSet'
/System/Library/Frameworks/CoreFoundation.framework/Headers/CFPreferences.h:104: error: storage class specified for parameter 'CFPreferencesSynchronize'
/System/Library/Frameworks/CoreFoundation.framework/Headers/CFPreferences.h:111: error: expected '=', ',', ';', 'asm' or '__attribute__' before 'CFPreferencesCopyApplicationList'
/System/Library/Frameworks/CoreFoundation.framework/Headers/CFPreferences.h:117: error: expected '=', ',', ';', 'asm' or '__attribute__' before 'CFPreferencesCopyKeyList'
/System/Library/Frameworks/CoreFoundation.framework/Headers/CFPreferences.h:127: error: storage class specified for parameter 'CFPreferencesAppValueIsForced'
conftest.c:30: error: expected '=', ',', ';', 'asm' or '__attribute__' before '{' token
conftest.c:34: error: old-style parameter declarations in prototyped function definition
conftest.c:34: error: expected '{' at end of input
configure:22568: $? = 1
configure: failed program was:
| /* confdefs.h.  */
| #define PACKAGE_NAME ""
| #define PACKAGE_TARNAME ""
| #define PACKAGE_VERSION ""
| #define PACKAGE_STRING ""
| #define PACKAGE_BUGREPORT ""
| #define PACKAGE "libiconv"
| #define VERSION "1.11"
| #define _GNU_SOURCE 1
| #define STDC_HEADERS 1
| #define HAVE_SYS_TYPES_H 1
| #define HAVE_SYS_STAT_H 1
| #define HAVE_STDLIB_H 1
| #define HAVE_STRING_H 1
| #define HAVE_MEMORY_H 1
| #define HAVE_STRINGS_H 1
| #define HAVE_INTTYPES_H 1
| #define HAVE_STDINT_H 1
| #define HAVE_UNISTD_H 1
| #define __EXTENSIONS__ 1
| #define INSTALLPREFIX "/usr/local"
| #define HAVE_DLFCN_H 1
| #define HAVE_VISIBILITY 1
| #define HAVE_ICONV 1
| #define ICONV_CONST const
| /* end confdefs.h.  */
| #include <CoreFoundation/CFPreferences.h>
| int
| main ()
| {
| CFPreferencesCopyAppValue(NULL, NULL)
|   ;
|   return 0;
| }
configure:22602: result: no
configure:22611: checking for CFLocaleCopyCurrent
configure:22639: gcc -o conftest -g -O2   conftest.c  -Wl,-framework -Wl,CoreFoundation >&5
In file included from /System/Library/Frameworks/CoreFoundation.framework/Headers/CFLocale.h:8,
                 from conftest.c:27:
/System/Library/Frameworks/CoreFoundation.framework/Headers/CFBase.h:53:41: error: CarbonCore/MacTypes.h: No such file or directory
In file included from /System/Library/Frameworks/CoreFoundation.framework/Headers/CFLocale.h:8,
                 from conftest.c:27:
/System/Library/Frameworks/CoreFoundation.framework/Headers/CFBase.h:271: error: expected '=', ',', ';', 'asm' or '__attribute__' before 'AVAILABLE_MAC_OS_X_VERSION_10_4_AND_LATER'
/System/Library/Frameworks/CoreFoundation.framework/Headers/CFBase.h: In function 'CFMakeCollectable':
/System/Library/Frameworks/CoreFoundation.framework/Headers/CFBase.h:375: error: expected declaration specifiers before 'AVAILABLE_MAC_OS_X_VERSION_10_4_AND_LATER'
/System/Library/Frameworks/CoreFoundation.framework/Headers/CFBase.h:378: error: storage class specified for parameter 'CFEqual'
/System/Library/Frameworks/CoreFoundation.framework/Headers/CFBase.h:381: error: storage class specified for parameter 'CFHash'
/System/Library/Frameworks/CoreFoundation.framework/Headers/CFBase.h:384: error: storage class specified for parameter 'CFCopyDescription'
/System/Library/Frameworks/CoreFoundation.framework/Headers/CFBase.h:387: error: storage class specified for parameter 'CFGetAllocator'
In file included from /System/Library/Frameworks/CoreFoundation.framework/Headers/CFLocale.h:9,
                 from conftest.c:27:
/System/Library/Frameworks/CoreFoundation.framework/Headers/CFArray.h:80: error: storage class specified for parameter 'CFArrayRetainCallBack'
/System/Library/Frameworks/CoreFoundation.framework/Headers/CFArray.h:81: error: storage class specified for parameter 'CFArrayReleaseCallBack'
/System/Library/Frameworks/CoreFoundation.framework/Headers/CFArray.h:82: error: storage class specified for parameter 'CFArrayCopyDescriptionCallBack'
/System/Library/Frameworks/CoreFoundation.framework/Headers/CFArray.h:83: error: storage class specified for parameter 'CFArrayEqualCallBack'
/System/Library/Frameworks/CoreFoundation.framework/Headers/CFArray.h:86: error: expected specifier-qualifier-list before 'CFArrayRetainCallBack'
/System/Library/Frameworks/CoreFoundation.framework/Headers/CFArray.h:90: error: storage class specified for parameter 'CFArrayCallBacks'
/System/Library/Frameworks/CoreFoundation.framework/Headers/CFArray.h:98: error: expected '=', ',', ';', 'asm' or '__attribute__' before 'kCFTypeArrayCallBacks'
/System/Library/Frameworks/CoreFoundation.framework/Headers/CFArray.h:108: error: storage class specified for parameter 'CFArrayApplierFunction'
/System/Library/Frameworks/CoreFoundation.framework/Headers/CFArray.h:114: error: storage class specified for parameter 'CFArrayRef'
/System/Library/Frameworks/CoreFoundation.framework/Headers/CFArray.h:120: error: storage class specified for parameter 'CFMutableArrayRef'
/System/Library/Frameworks/CoreFoundation.framework/Headers/CFArray.h:127: error: storage class specified for parameter 'CFArrayGetTypeID'
/System/Library/Frameworks/CoreFoundation.framework/Headers/CFArray.h:180: error: expected '=', ',', ';', 'asm' or '__attribute__' before 'CFArrayCreate'
/System/Library/Frameworks/CoreFoundation.framework/Headers/CFArray.h:201: error: expected '=', ',', ';', 'asm' or '__attribute__' before 'CFArrayCreateCopy'
/System/Library/Frameworks/CoreFoundation.framework/Headers/CFArray.h:246: error: expected '=', ',', ';', 'asm' or '__attribute__' before 'CFArrayCreateMutable'
/System/Library/Frameworks/CoreFoundation.framework/Headers/CFArray.h:276: error: expected '=', ',', ';', 'asm' or '__attribute__' before 'CFArrayCreateMutableCopy'
/System/Library/Frameworks/CoreFoundation.framework/Headers/CFArray.h:286: error: expected ')' before 'theArray'
/System/Library/Frameworks/CoreFoundation.framework/Headers/CFArray.h:309: error: expected ')' before 'theArray'
/System/Library/Frameworks/CoreFoundation.framework/Headers/CFArray.h:332: error: expected ')' before 'theArray'
/System/Library/Frameworks/CoreFoundation.framework/Headers/CFArray.h:346: error: expected ')' before 'theArray'
/System/Library/Frameworks/CoreFoundation.framework/Headers/CFArray.h:367: error: expected ')' before 'theArray'
/System/Library/Frameworks/CoreFoundation.framework/Headers/CFArray.h:394: error: expected ')' before 'theArray'
/System/Library/Frameworks/CoreFoundation.framework/Headers/CFArray.h:419: error: expected ')' before 'theArray'
/System/Library/Frameworks/CoreFoundation.framework/Headers/CFArray.h:444: error: expected ')' before 'theArray'
/System/Library/Frameworks/CoreFoundation.framework/Headers/CFArray.h:483: error: expected ')' before 'theArray'
/System/Library/Frameworks/CoreFoundation.framework/Headers/CFArray.h:500: error: expected ')' before 'theArray'
/System/Library/Frameworks/CoreFoundation.framework/Headers/CFArray.h:522: error: expected ')' before 'theArray'
/System/Library/Frameworks/CoreFoundation.framework/Headers/CFArray.h:545: error: expected ')' before 'theArray'
/System/Library/Frameworks/CoreFoundation.framework/Headers/CFArray.h:559: error: expected ')' before 'theArray'
/System/Library/Frameworks/CoreFoundation.framework/Headers/CFArray.h:569: error: expected ')' before 'theArray'
/System/Library/Frameworks/CoreFoundation.framework/Headers/CFArray.h:603: error: expected ')' before 'theArray'
/System/Library/Frameworks/CoreFoundation.framework/Headers/CFArray.h:621: error: expected ')' before 'theArray'
/System/Library/Frameworks/CoreFoundation.framework/Headers/CFArray.h:651: error: expected ')' before 'theArray'
/System/Library/Frameworks/CoreFoundation.framework/Headers/CFArray.h:681: error: expected ')' before 'theArray'
In file included from /System/Library/Frameworks/CoreFoundation.framework/Headers/CFLocale.h:10,
                 from conftest.c:27:
/System/Library/Frameworks/CoreFoundation.framework/Headers/CFDictionary.h:98: error: storage class specified for parameter 'CFDictionaryRetainCallBack'
/System/Library/Frameworks/CoreFoundation.framework/Headers/CFDictionary.h:99: error: storage class specified for parameter 'CFDictionaryReleaseCallBack'
/System/Library/Frameworks/CoreFoundation.framework/Headers/CFDictionary.h:100: error: storage class specified for parameter 'CFDictionaryCopyDescriptionCallBack'
/System/Library/Frameworks/CoreFoundation.framework/Headers/CFDictionary.h:101: error: storage class specified for parameter 'CFDictionaryEqualCallBack'
/System/Library/Frameworks/CoreFoundation.framework/Headers/CFDictionary.h:102: error: storage class specified for parameter 'CFDictionaryHashCallBack'
/System/Library/Frameworks/CoreFoundation.framework/Headers/CFDictionary.h:105: error: expected specifier-qualifier-list before 'CFDictionaryRetainCallBack'
/System/Library/Frameworks/CoreFoundation.framework/Headers/CFDictionary.h:110: error: storage class specified for parameter 'CFDictionaryKeyCallBacks'
/System/Library/Frameworks/CoreFoundation.framework/Headers/CFDictionary.h:119: error: expected '=', ',', ';', 'asm' or '__attribute__' before 'kCFTypeDictionaryKeyCallBacks'
/System/Library/Frameworks/CoreFoundation.framework/Headers/CFDictionary.h:130: error: expected '=', ',', ';', 'asm' or '__attribute__' before 'kCFCopyStringDictionaryKeyCallBacks'
/System/Library/Frameworks/CoreFoundation.framework/Headers/CFDictionary.h:157: error: expected specifier-qualifier-list before 'CFDictionaryRetainCallBack'
/System/Library/Frameworks/CoreFoundation.framework/Headers/CFDictionary.h:161: error: storage class specified for parameter 'CFDictionaryValueCallBacks'
/System/Library/Frameworks/CoreFoundation.framework/Headers/CFDictionary.h:170: error: expected '=', ',', ';', 'asm' or '__attribute__' before 'kCFTypeDictionaryValueCallBacks'
/System/Library/Frameworks/CoreFoundation.framework/Headers/CFDictionary.h:181: error: storage class specified for parameter 'CFDictionaryApplierFunction'
/System/Library/Frameworks/CoreFoundation.framework/Headers/CFDictionary.h:187: error: storage class specified for parameter 'CFDictionaryRef'
/System/Library/Frameworks/CoreFoundation.framework/Headers/CFDictionary.h:193: error: storage class specified for parameter 'CFMutableDictionaryRef'
/System/Library/Frameworks/CoreFoundation.framework/Headers/CFDictionary.h:200: error: storage class specified for parameter 'CFDictionaryGetTypeID'
/System/Library/Frameworks/CoreFoundation.framework/Headers/CFDictionary.h:285: error: expected '=', ',', ';', 'asm' or '__attribute__' before 'CFDictionaryCreate'
/System/Library/Frameworks/CoreFoundation.framework/Headers/CFDictionary.h:309: error: expected '=', ',', ';', 'asm' or '__attribute__' before 'CFDictionaryCreateCopy'
/System/Library/Frameworks/CoreFoundation.framework/Headers/CFDictionary.h:382: error: expected '=', ',', ';', 'asm' or '__attribute__' before 'CFDictionaryCreateMutable'
/System/Library/Frameworks/CoreFoundation.framework/Headers/CFDictionary.h:415: error: expected '=', ',', ';', 'asm' or '__attribute__' before 'CFDictionaryCreateMutableCopy'
/System/Library/Frameworks/CoreFoundation.framework/Headers/CFDictionary.h:425: error: expected ')' before 'theDict'
/System/Library/Frameworks/CoreFoundation.framework/Headers/CFDictionary.h:444: error: expected ')' before 'theDict'
/System/Library/Frameworks/CoreFoundation.framework/Headers/CFDictionary.h:460: error: expected ')' before 'theDict'
/System/Library/Frameworks/CoreFoundation.framework/Headers/CFDictionary.h:478: error: expected ')' before 'theDict'
/System/Library/Frameworks/CoreFoundation.framework/Headers/CFDictionary.h:494: error: expected ')' before 'theDict'
/System/Library/Frameworks/CoreFoundation.framework/Headers/CFDictionary.h:516: error: expected ')' before 'theDict'
/System/Library/Frameworks/CoreFoundation.framework/Headers/CFDictionary.h:541: error: expected ')' before 'theDict'
/System/Library/Frameworks/CoreFoundation.framework/Headers/CFDictionary.h:564: error: expected ')' before 'theDict'
/System/Library/Frameworks/CoreFoundation.framework/Headers/CFDictionary.h:584: error: expected ')' before 'theDict'
/System/Library/Frameworks/CoreFoundation.framework/Headers/CFDictionary.h:605: error: expected ')' before 'theDict'
/System/Library/Frameworks/CoreFoundation.framework/Headers/CFDictionary.h:630: error: expected ')' before 'theDict'
/System/Library/Frameworks/CoreFoundation.framework/Headers/CFDictionary.h:649: error: expected ')' before 'theDict'
/System/Library/Frameworks/CoreFoundation.framework/Headers/CFDictionary.h:663: error: expected ')' before 'theDict'
/System/Library/Frameworks/CoreFoundation.framework/Headers/CFDictionary.h:673: error: expected ')' before 'theDict'
In file included from conftest.c:27:
/System/Library/Frameworks/CoreFoundation.framework/Headers/CFLocale.h:18: error: storage class specified for parameter 'CFLocaleRef'
/System/Library/Frameworks/CoreFoundation.framework/Headers/CFLocale.h:23: error: expected '=', ',', ';', 'asm' or '__attribute__' before 'AVAILABLE_MAC_OS_X_VERSION_10_3_AND_LATER'
/System/Library/Frameworks/CoreFoundation.framework/Headers/CFLocale.h:26: error: expected '=', ',', ';', 'asm' or '__attribute__' before 'CFLocaleGetSystem'
/System/Library/Frameworks/CoreFoundation.framework/Headers/CFLocale.h:30: error: expected '=', ',', ';', 'asm' or '__attribute__' before 'CFLocaleCopyCurrent'
/System/Library/Frameworks/CoreFoundation.framework/Headers/CFLocale.h:41: error: expected '=', ',', ';', 'asm' or '__attribute__' before 'CFLocaleCopyAvailableLocaleIdentifiers'
/System/Library/Frameworks/CoreFoundation.framework/Headers/CFLocale.h:46: error: expected '=', ',', ';', 'asm' or '__attribute__' before 'CFLocaleCopyISOLanguageCodes'
/System/Library/Frameworks/CoreFoundation.framework/Headers/CFLocale.h:52: error: expected '=', ',', ';', 'asm' or '__attribute__' before 'CFLocaleCopyISOCountryCodes'
/System/Library/Frameworks/CoreFoundation.framework/Headers/CFLocale.h:58: error: expected '=', ',', ';', 'asm' or '__attribute__' before 'CFLocaleCopyISOCurrencyCodes'
/System/Library/Frameworks/CoreFoundation.framework/Headers/CFLocale.h:64: error: expected '=', ',', ';', 'asm' or '__attribute__' before 'AVAILABLE_MAC_OS_X_VERSION_10_4_AND_LATER'
/System/Library/Frameworks/CoreFoundation.framework/Headers/CFLocale.h:69: error: expected '=', ',', ';', 'asm' or '__attribute__' before 'AVAILABLE_MAC_OS_X_VERSION_10_3_AND_LATER'
/System/Library/Frameworks/CoreFoundation.framework/Headers/CFLocale.h:75: error: expected declaration specifiers or '...' before 'LangCode'
/System/Library/Frameworks/CoreFoundation.framework/Headers/CFLocale.h:75: error: expected declaration specifiers or '...' before 'RegionCode'
/System/Library/Frameworks/CoreFoundation.framework/Headers/CFLocale.h:75: error: expected '=', ',', ';', 'asm' or '__attribute__' before 'AVAILABLE_MAC_OS_X_VERSION_10_3_AND_LATER'
/System/Library/Frameworks/CoreFoundation.framework/Headers/CFLocale.h:80: error: expected '=', ',', ';', 'asm' or '__attribute__' before 'CFLocaleCreateComponentsFromLocaleIdentifier'
/System/Library/Frameworks/CoreFoundation.framework/Headers/CFLocale.h:90: error: expected declaration specifiers or '...' before 'CFDictionaryRef'
/System/Library/Frameworks/CoreFoundation.framework/Headers/CFLocale.h:90: error: expected '=', ',', ';', 'asm' or '__attribute__' before 'AVAILABLE_MAC_OS_X_VERSION_10_4_AND_LATER'
/System/Library/Frameworks/CoreFoundation.framework/Headers/CFLocale.h:98: error: expected '=', ',', ';', 'asm' or '__attribute__' before 'CFLocaleCreate'
/System/Library/Frameworks/CoreFoundation.framework/Headers/CFLocale.h:102: error: expected '=', ',', ';', 'asm' or '__attribute__' before 'CFLocaleCreateCopy'
/System/Library/Frameworks/CoreFoundation.framework/Headers/CFLocale.h:108: error: expected ')' before 'locale'
/System/Library/Frameworks/CoreFoundation.framework/Headers/CFLocale.h:113: error: expected ')' before 'locale'
/System/Library/Frameworks/CoreFoundation.framework/Headers/CFLocale.h:118: error: expected ')' before 'displayLocale'
/System/Library/Frameworks/CoreFoundation.framework/Headers/CFLocale.h:126: error: expected '=', ',', ';', 'asm' or '__attribute__' before 'AVAILABLE_MAC_OS_X_VERSION_10_4_AND_LATER'
/System/Library/Frameworks/CoreFoundation.framework/Headers/CFLocale.h:127: error: expected '=', ',', ';', 'asm' or '__attribute__' before 'AVAILABLE_MAC_OS_X_VERSION_10_4_AND_LATER'
/System/Library/Frameworks/CoreFoundation.framework/Headers/CFLocale.h:128: error: expected '=', ',', ';', 'asm' or '__attribute__' before 'AVAILABLE_MAC_OS_X_VERSION_10_4_AND_LATER'
/System/Library/Frameworks/CoreFoundation.framework/Headers/CFLocale.h:129: error: expected '=', ',', ';', 'asm' or '__attribute__' before 'AVAILABLE_MAC_OS_X_VERSION_10_4_AND_LATER'
/System/Library/Frameworks/CoreFoundation.framework/Headers/CFLocale.h:130: error: expected '=', ',', ';', 'asm' or '__attribute__' before 'AVAILABLE_MAC_OS_X_VERSION_10_4_AND_LATER'
/System/Library/Frameworks/CoreFoundation.framework/Headers/CFLocale.h:132: error: expected '=', ',', ';', 'asm' or '__attribute__' before 'AVAILABLE_MAC_OS_X_VERSION_10_4_AND_LATER'
/System/Library/Frameworks/CoreFoundation.framework/Headers/CFLocale.h:133: error: expected '=', ',', ';', 'asm' or '__attribute__' before 'AVAILABLE_MAC_OS_X_VERSION_10_4_AND_LATER'
/System/Library/Frameworks/CoreFoundation.framework/Headers/CFLocale.h:134: error: expected '=', ',', ';', 'asm' or '__attribute__' before 'AVAILABLE_MAC_OS_X_VERSION_10_4_AND_LATER'
/System/Library/Frameworks/CoreFoundation.framework/Headers/CFLocale.h:135: error: expected '=', ',', ';', 'asm' or '__attribute__' before 'AVAILABLE_MAC_OS_X_VERSION_10_4_AND_LATER'
/System/Library/Frameworks/CoreFoundation.framework/Headers/CFLocale.h:136: error: expected '=', ',', ';', 'asm' or '__attribute__' before 'AVAILABLE_MAC_OS_X_VERSION_10_4_AND_LATER'
/System/Library/Frameworks/CoreFoundation.framework/Headers/CFLocale.h:137: error: expected '=', ',', ';', 'asm' or '__attribute__' before 'AVAILABLE_MAC_OS_X_VERSION_10_3_AND_LATER'
/System/Library/Frameworks/CoreFoundation.framework/Headers/CFLocale.h:138: error: expected '=', ',', ';', 'asm' or '__attribute__' before 'AVAILABLE_MAC_OS_X_VERSION_10_3_AND_LATER'
/System/Library/Frameworks/CoreFoundation.framework/Headers/CFLocale.h:139: error: expected '=', ',', ';', 'asm' or '__attribute__' before 'AVAILABLE_MAC_OS_X_VERSION_10_3_AND_LATER'
/System/Library/Frameworks/CoreFoundation.framework/Headers/CFLocale.h:140: error: expected '=', ',', ';', 'asm' or '__attribute__' before 'AVAILABLE_MAC_OS_X_VERSION_10_3_AND_LATER'
/System/Library/Frameworks/CoreFoundation.framework/Headers/CFLocale.h:141: error: expected '=', ',', ';', 'asm' or '__attribute__' before 'AVAILABLE_MAC_OS_X_VERSION_10_3_AND_LATER'
/System/Library/Frameworks/CoreFoundation.framework/Headers/CFLocale.h:144: error: expected '=', ',', ';', 'asm' or '__attribute__' before 'AVAILABLE_MAC_OS_X_VERSION_10_3_AND_LATER'
/System/Library/Frameworks/CoreFoundation.framework/Headers/CFLocale.h:145: error: expected '=', ',', ';', 'asm' or '__attribute__' before 'AVAILABLE_MAC_OS_X_VERSION_10_4_AND_LATER'
/System/Library/Frameworks/CoreFoundation.framework/Headers/CFLocale.h:146: error: expected '=', ',', ';', 'asm' or '__attribute__' before 'AVAILABLE_MAC_OS_X_VERSION_10_4_AND_LATER'
/System/Library/Frameworks/CoreFoundation.framework/Headers/CFLocale.h:147: error: expected '=', ',', ';', 'asm' or '__attribute__' before 'AVAILABLE_MAC_OS_X_VERSION_10_4_AND_LATER'
/System/Library/Frameworks/CoreFoundation.framework/Headers/CFLocale.h:148: error: expected '=', ',', ';', 'asm' or '__attribute__' before 'AVAILABLE_MAC_OS_X_VERSION_10_4_AND_LATER'
/System/Library/Frameworks/CoreFoundation.framework/Headers/CFLocale.h:149: error: expected '=', ',', ';', 'asm' or '__attribute__' before 'AVAILABLE_MAC_OS_X_VERSION_10_4_AND_LATER'
/System/Library/Frameworks/CoreFoundation.framework/Headers/CFLocale.h:150: error: expected '=', ',', ';', 'asm' or '__attribute__' before 'AVAILABLE_MAC_OS_X_VERSION_10_4_AND_LATER'
conftest.c:30: error: expected '=', ',', ';', 'asm' or '__attribute__' before '{' token
conftest.c:34: error: old-style parameter declarations in prototyped function definition
conftest.c:34: error: expected '{' at end of input
configure:22645: $? = 1
configure: failed program was:
| /* confdefs.h.  */
| #define PACKAGE_NAME ""
| #define PACKAGE_TARNAME ""
| #define PACKAGE_VERSION ""
| #define PACKAGE_STRING ""
| #define PACKAGE_BUGREPORT ""
| #define PACKAGE "libiconv"
| #define VERSION "1.11"
| #define _GNU_SOURCE 1
| #define STDC_HEADERS 1
| #define HAVE_SYS_TYPES_H 1
| #define HAVE_SYS_STAT_H 1
| #define HAVE_STDLIB_H 1
| #define HAVE_STRING_H 1
| #define HAVE_MEMORY_H 1
| #define HAVE_STRINGS_H 1
| #define HAVE_INTTYPES_H 1
| #define HAVE_STDINT_H 1
| #define HAVE_UNISTD_H 1
| #define __EXTENSIONS__ 1
| #define INSTALLPREFIX "/usr/local"
| #define HAVE_DLFCN_H 1
| #define HAVE_VISIBILITY 1
| #define HAVE_ICONV 1
| #define ICONV_CONST const
| /* end confdefs.h.  */
| #include <CoreFoundation/CFLocale.h>
| int
| main ()
| {
| CFLocaleCopyCurrent();
|   ;
|   return 0;
| }
configure:22679: result: no
configure:22710: checking for GNU gettext in libc
configure:22739: gcc -o conftest -g -O2   conftest.c  >&5
conftest.c:27:21: error: libintl.h: No such file or directory
conftest.c: In function 'main':
conftest.c:34: warning: incompatible implicit declaration of built-in function 'gettext'
conftest.c:34: error: invalid type argument of 'unary *'
configure:22745: $? = 1
configure: failed program was:
| /* confdefs.h.  */
| #define PACKAGE_NAME ""
| #define PACKAGE_TARNAME ""
| #define PACKAGE_VERSION ""
| #define PACKAGE_STRING ""
| #define PACKAGE_BUGREPORT ""
| #define PACKAGE "libiconv"
| #define VERSION "1.11"
| #define _GNU_SOURCE 1
| #define STDC_HEADERS 1
| #define HAVE_SYS_TYPES_H 1
| #define HAVE_SYS_STAT_H 1
| #define HAVE_STDLIB_H 1
| #define HAVE_STRING_H 1
| #define HAVE_MEMORY_H 1
| #define HAVE_STRINGS_H 1
| #define HAVE_INTTYPES_H 1
| #define HAVE_STDINT_H 1
| #define HAVE_UNISTD_H 1
| #define __EXTENSIONS__ 1
| #define INSTALLPREFIX "/usr/local"
| #define HAVE_DLFCN_H 1
| #define HAVE_VISIBILITY 1
| #define HAVE_ICONV 1
| #define ICONV_CONST const
| /* end confdefs.h.  */
| #include <libintl.h>
| extern int _nl_msg_cat_cntr;
| extern int *_nl_domain_bindings;
| int
| main ()
| {
| bindtextdomain ("", "");
| return * gettext ("") + * ngettext ("", "", 0) + _nl_msg_cat_cntr + *_nl_domain_bindings
|   ;
|   return 0;
| }
configure:22778: result: no
configure:22812: checking for iconv
configure:22952: result: yes
configure:22962: checking how to link with libiconv
configure:22964: result: -liconv
configure:23354: checking for GNU gettext in libintl
configure:23391: gcc -o conftest -g -O2    conftest.c  -lintl >&5
conftest.c:28:21: error: libintl.h: No such file or directory
conftest.c: In function 'main':
conftest.c:39: warning: incompatible implicit declaration of built-in function 'gettext'
conftest.c:39: error: invalid type argument of 'unary *'
configure:23397: $? = 1
configure: failed program was:
| /* confdefs.h.  */
| #define PACKAGE_NAME ""
| #define PACKAGE_TARNAME ""
| #define PACKAGE_VERSION ""
| #define PACKAGE_STRING ""
| #define PACKAGE_BUGREPORT ""
| #define PACKAGE "libiconv"
| #define VERSION "1.11"
| #define _GNU_SOURCE 1
| #define STDC_HEADERS 1
| #define HAVE_SYS_TYPES_H 1
| #define HAVE_SYS_STAT_H 1
| #define HAVE_STDLIB_H 1
| #define HAVE_STRING_H 1
| #define HAVE_MEMORY_H 1
| #define HAVE_STRINGS_H 1
| #define HAVE_INTTYPES_H 1
| #define HAVE_STDINT_H 1
| #define HAVE_UNISTD_H 1
| #define __EXTENSIONS__ 1
| #define INSTALLPREFIX "/usr/local"
| #define HAVE_DLFCN_H 1
| #define HAVE_VISIBILITY 1
| #define HAVE_ICONV 1
| #define ICONV_CONST const
| #define HAVE_ICONV 1
| /* end confdefs.h.  */
| #include <libintl.h>
| extern int _nl_msg_cat_cntr;
| extern
| #ifdef __cplusplus
| "C"
| #endif
| const char *_nl_expand_alias (const char *);
| int
| main ()
| {
| bindtextdomain ("", "");
| return * gettext ("") + * ngettext ("", "", 0) + _nl_msg_cat_cntr + *_nl_expand_alias ("")
|   ;
|   return 0;
| }
configure:23459: gcc -o conftest -g -O2    conftest.c  -lintl -liconv >&5
conftest.c:28:21: error: libintl.h: No such file or directory
conftest.c: In function 'main':
conftest.c:39: warning: incompatible implicit declaration of built-in function 'gettext'
conftest.c:39: error: invalid type argument of 'unary *'
configure:23465: $? = 1
configure: failed program was:
| /* confdefs.h.  */
| #define PACKAGE_NAME ""
| #define PACKAGE_TARNAME ""
| #define PACKAGE_VERSION ""
| #define PACKAGE_STRING ""
| #define PACKAGE_BUGREPORT ""
| #define PACKAGE "libiconv"
| #define VERSION "1.11"
| #define _GNU_SOURCE 1
| #define STDC_HEADERS 1
| #define HAVE_SYS_TYPES_H 1
| #define HAVE_SYS_STAT_H 1
| #define HAVE_STDLIB_H 1
| #define HAVE_STRING_H 1
| #define HAVE_MEMORY_H 1
| #define HAVE_STRINGS_H 1
| #define HAVE_INTTYPES_H 1
| #define HAVE_STDINT_H 1
| #define HAVE_UNISTD_H 1
| #define __EXTENSIONS__ 1
| #define INSTALLPREFIX "/usr/local"
| #define HAVE_DLFCN_H 1
| #define HAVE_VISIBILITY 1
| #define HAVE_ICONV 1
| #define ICONV_CONST const
| #define HAVE_ICONV 1
| /* end confdefs.h.  */
| #include <libintl.h>
| extern int _nl_msg_cat_cntr;
| extern
| #ifdef __cplusplus
| "C"
| #endif
| const char *_nl_expand_alias (const char *);
| int
| main ()
| {
| bindtextdomain ("", "");
| return * gettext ("") + * ngettext ("", "", 0) + _nl_msg_cat_cntr + *_nl_expand_alias ("")
|   ;
|   return 0;
| }
configure:23504: result: no
configure:23541: checking whether to use NLS
configure:23543: result: no
configure:23620: checking for ANSI C header files
configure:23801: result: yes
configure:23829: checking locale.h usability
configure:23846: gcc -c -g -O2  conftest.c >&5
configure:23852: $? = 0
configure:23859: test -z "$ac_c_werror_flag" || test ! -s conftest.err
configure:23862: $? = 0
configure:23869: test -s conftest.o
configure:23872: $? = 0
configure:23883: result: yes
configure:23887: checking locale.h presence
configure:23902: gcc -E  conftest.c
configure:23908: $? = 0
configure:23929: result: yes
configure:23957: checking for locale.h
configure:23965: result: yes
configure:23829: checking stddef.h usability
configure:23846: gcc -c -g -O2  conftest.c >&5
configure:23852: $? = 0
configure:23859: test -z "$ac_c_werror_flag" || test ! -s conftest.err
configure:23862: $? = 0
configure:23869: test -s conftest.o
configure:23872: $? = 0
configure:23883: result: yes
configure:23887: checking stddef.h presence
configure:23902: gcc -E  conftest.c
configure:23908: $? = 0
configure:23929: result: yes
configure:23957: checking for stddef.h
configure:23965: result: yes
configure:23819: checking for stdlib.h
configure:23825: result: yes
configure:23819: checking for string.h
configure:23825: result: yes
configure:23984: checking for unistd.h
configure:23990: result: yes
configure:24153: checking for mbstate_t
configure:24180: gcc -c -g -O2  conftest.c >&5
configure:24186: $? = 0
configure:24193: test -z "$ac_c_werror_flag" || test ! -s conftest.err
configure:24196: $? = 0
configure:24203: test -s conftest.o
configure:24206: $? = 0
configure:24218: result: yes
configure:24249: checking wchar.h usability
configure:24266: gcc -c -g -O2  conftest.c >&5
configure:24272: $? = 0
configure:24279: test -z "$ac_c_werror_flag" || test ! -s conftest.err
configure:24282: $? = 0
configure:24289: test -s conftest.o
configure:24292: $? = 0
configure:24303: result: yes
configure:24307: checking wchar.h presence
configure:24322: gcc -E  conftest.c
configure:24328: $? = 0
configure:24349: result: yes
configure:24377: checking for wchar.h
configure:24385: result: yes
configure:24405: checking for stdint.h
configure:24411: result: yes
configure:24571: checking for inttypes.h
configure:24577: result: yes
configure:24731: checking for size_t
configure:24761: gcc -c -g -O2  conftest.c >&5
configure:24767: $? = 0
configure:24774: test -z "$ac_c_werror_flag" || test ! -s conftest.err
configure:24777: $? = 0
configure:24784: test -s conftest.o
configure:24787: $? = 0
configure:24799: result: yes
configure:24812: checking for wchar_t
configure:24839: gcc -c -g -O2  conftest.c >&5
configure:24845: $? = 0
configure:24852: test -z "$ac_c_werror_flag" || test ! -s conftest.err
configure:24855: $? = 0
configure:24862: test -s conftest.o
configure:24865: $? = 0
configure:24877: result: yes
configure:24903: checking for stdint.h
configure:24932: gcc -c -g -O2  conftest.c >&5
configure:24938: $? = 0
configure:24945: test -z "$ac_c_werror_flag" || test ! -s conftest.err
configure:24948: $? = 0
configure:24955: test -s conftest.o
configure:24958: $? = 0
configure:24971: result: yes
configure:24982: checking full path to <stdint.h>
configure:25007: result: /usr/lib/gcc/powerpc-apple-darwin8/4.2.1/include/stdint.h
configure:25023: checking for inttypes.h
configure:25052: gcc -c -g -O2  conftest.c >&5
configure:25058: $? = 0
configure:25065: test -z "$ac_c_werror_flag" || test ! -s conftest.err
configure:25068: $? = 0
configure:25075: test -s conftest.o
configure:25078: $? = 0
configure:25091: result: yes
configure:25102: checking full path to <inttypes.h>
configure:25127: result: /usr/include/inttypes.h
configure:25157: checking sys/inttypes.h usability
configure:25174: gcc -c -g -O2  conftest.c >&5
conftest.c:76:26: error: sys/inttypes.h: No such file or directory
configure:25180: $? = 1
configure: failed program was:
| /* confdefs.h.  */
| #define PACKAGE_NAME ""
| #define PACKAGE_TARNAME ""
| #define PACKAGE_VERSION ""
| #define PACKAGE_STRING ""
| #define PACKAGE_BUGREPORT ""
| #define PACKAGE "libiconv"
| #define VERSION "1.11"
| #define _GNU_SOURCE 1
| #define STDC_HEADERS 1
| #define HAVE_SYS_TYPES_H 1
| #define HAVE_SYS_STAT_H 1
| #define HAVE_STDLIB_H 1
| #define HAVE_STRING_H 1
| #define HAVE_MEMORY_H 1
| #define HAVE_STRINGS_H 1
| #define HAVE_INTTYPES_H 1
| #define HAVE_STDINT_H 1
| #define HAVE_UNISTD_H 1
| #define __EXTENSIONS__ 1
| #define INSTALLPREFIX "/usr/local"
| #define HAVE_DLFCN_H 1
| #define HAVE_VISIBILITY 1
| #define HAVE_ICONV 1
| #define ICONV_CONST const
| #define HAVE_ICONV 1
| #define STDC_HEADERS 1
| #define HAVE_LOCALE_H 1
| #define HAVE_STDDEF_H 1
| #define HAVE_STDLIB_H 1
| #define HAVE_STRING_H 1
| #define HAVE_UNISTD_H 1
| #define HAVE_MBSTATE_T 1
| #define HAVE_WCHAR_H 1
| #define HAVE_STDINT_H 1
| #define HAVE_INTTYPES_H 1
| #define HAVE_WCHAR_T 1
| #define HAVE_STDINT_H 1
| #define FULL_PATH_STDINT_H </usr/lib/gcc/powerpc-apple-darwin8/4.2.1/include/stdint.h>
| #define HAVE_INTTYPES_H 1
| #define FULL_PATH_INTTYPES_H </usr/include/inttypes.h>
| /* end confdefs.h.  */
| #include <stdio.h>
| #if HAVE_SYS_TYPES_H
| # include <sys/types.h>
| #endif
| #if HAVE_SYS_STAT_H
| # include <sys/stat.h>
| #endif
| #if STDC_HEADERS
| # include <stdlib.h>
| # include <stddef.h>
| #else
| # if HAVE_STDLIB_H
| #  include <stdlib.h>
| # endif
| #endif
| #if HAVE_STRING_H
| # if !STDC_HEADERS && HAVE_MEMORY_H
| #  include <memory.h>
| # endif
| # include <string.h>
| #endif
| #if HAVE_STRINGS_H
| # include <strings.h>
| #endif
| #if HAVE_INTTYPES_H
| # include <inttypes.h>
| #endif
| #if HAVE_STDINT_H
| # include <stdint.h>
| #endif
| #if HAVE_UNISTD_H
| # include <unistd.h>
| #endif
| #include <sys/inttypes.h>
configure:25211: result: no
configure:25215: checking sys/inttypes.h presence
configure:25230: gcc -E  conftest.c
conftest.c:43:26: error: sys/inttypes.h: No such file or directory
configure:25236: $? = 1
configure: failed program was:
| /* confdefs.h.  */
| #define PACKAGE_NAME ""
| #define PACKAGE_TARNAME ""
| #define PACKAGE_VERSION ""
| #define PACKAGE_STRING ""
| #define PACKAGE_BUGREPORT ""
| #define PACKAGE "libiconv"
| #define VERSION "1.11"
| #define _GNU_SOURCE 1
| #define STDC_HEADERS 1
| #define HAVE_SYS_TYPES_H 1
| #define HAVE_SYS_STAT_H 1
| #define HAVE_STDLIB_H 1
| #define HAVE_STRING_H 1
| #define HAVE_MEMORY_H 1
| #define HAVE_STRINGS_H 1
| #define HAVE_INTTYPES_H 1
| #define HAVE_STDINT_H 1
| #define HAVE_UNISTD_H 1
| #define __EXTENSIONS__ 1
| #define INSTALLPREFIX "/usr/local"
| #define HAVE_DLFCN_H 1
| #define HAVE_VISIBILITY 1
| #define HAVE_ICONV 1
| #define ICONV_CONST const
| #define HAVE_ICONV 1
| #define STDC_HEADERS 1
| #define HAVE_LOCALE_H 1
| #define HAVE_STDDEF_H 1
| #define HAVE_STDLIB_H 1
| #define HAVE_STRING_H 1
| #define HAVE_UNISTD_H 1
| #define HAVE_MBSTATE_T 1
| #define HAVE_WCHAR_H 1
| #define HAVE_STDINT_H 1
| #define HAVE_INTTYPES_H 1
| #define HAVE_WCHAR_T 1
| #define HAVE_STDINT_H 1
| #define FULL_PATH_STDINT_H </usr/lib/gcc/powerpc-apple-darwin8/4.2.1/include/stdint.h>
| #define HAVE_INTTYPES_H 1
| #define FULL_PATH_INTTYPES_H </usr/include/inttypes.h>
| /* end confdefs.h.  */
| #include <sys/inttypes.h>
configure:25257: result: no
configure:25285: checking for sys/inttypes.h
configure:25293: result: no
configure:25328: checking sys/bitypes.h usability
configure:25345: gcc -c -g -O2  conftest.c >&5
conftest.c:76:25: error: sys/bitypes.h: No such file or directory
configure:25351: $? = 1
configure: failed program was:
| /* confdefs.h.  */
| #define PACKAGE_NAME ""
| #define PACKAGE_TARNAME ""
| #define PACKAGE_VERSION ""
| #define PACKAGE_STRING ""
| #define PACKAGE_BUGREPORT ""
| #define PACKAGE "libiconv"
| #define VERSION "1.11"
| #define _GNU_SOURCE 1
| #define STDC_HEADERS 1
| #define HAVE_SYS_TYPES_H 1
| #define HAVE_SYS_STAT_H 1
| #define HAVE_STDLIB_H 1
| #define HAVE_STRING_H 1
| #define HAVE_MEMORY_H 1
| #define HAVE_STRINGS_H 1
| #define HAVE_INTTYPES_H 1
| #define HAVE_STDINT_H 1
| #define HAVE_UNISTD_H 1
| #define __EXTENSIONS__ 1
| #define INSTALLPREFIX "/usr/local"
| #define HAVE_DLFCN_H 1
| #define HAVE_VISIBILITY 1
| #define HAVE_ICONV 1
| #define ICONV_CONST const
| #define HAVE_ICONV 1
| #define STDC_HEADERS 1
| #define HAVE_LOCALE_H 1
| #define HAVE_STDDEF_H 1
| #define HAVE_STDLIB_H 1
| #define HAVE_STRING_H 1
| #define HAVE_UNISTD_H 1
| #define HAVE_MBSTATE_T 1
| #define HAVE_WCHAR_H 1
| #define HAVE_STDINT_H 1
| #define HAVE_INTTYPES_H 1
| #define HAVE_WCHAR_T 1
| #define HAVE_STDINT_H 1
| #define FULL_PATH_STDINT_H </usr/lib/gcc/powerpc-apple-darwin8/4.2.1/include/stdint.h>
| #define HAVE_INTTYPES_H 1
| #define FULL_PATH_INTTYPES_H </usr/include/inttypes.h>
| /* end confdefs.h.  */
| #include <stdio.h>
| #if HAVE_SYS_TYPES_H
| # include <sys/types.h>
| #endif
| #if HAVE_SYS_STAT_H
| # include <sys/stat.h>
| #endif
| #if STDC_HEADERS
| # include <stdlib.h>
| # include <stddef.h>
| #else
| # if HAVE_STDLIB_H
| #  include <stdlib.h>
| # endif
| #endif
| #if HAVE_STRING_H
| # if !STDC_HEADERS && HAVE_MEMORY_H
| #  include <memory.h>
| # endif
| # include <string.h>
| #endif
| #if HAVE_STRINGS_H
| # include <strings.h>
| #endif
| #if HAVE_INTTYPES_H
| # include <inttypes.h>
| #endif
| #if HAVE_STDINT_H
| # include <stdint.h>
| #endif
| #if HAVE_UNISTD_H
| # include <unistd.h>
| #endif
| #include <sys/bitypes.h>
configure:25382: result: no
configure:25386: checking sys/bitypes.h presence
configure:25401: gcc -E  conftest.c
conftest.c:43:25: error: sys/bitypes.h: No such file or directory
configure:25407: $? = 1
configure: failed program was:
| /* confdefs.h.  */
| #define PACKAGE_NAME ""
| #define PACKAGE_TARNAME ""
| #define PACKAGE_VERSION ""
| #define PACKAGE_STRING ""
| #define PACKAGE_BUGREPORT ""
| #define PACKAGE "libiconv"
| #define VERSION "1.11"
| #define _GNU_SOURCE 1
| #define STDC_HEADERS 1
| #define HAVE_SYS_TYPES_H 1
| #define HAVE_SYS_STAT_H 1
| #define HAVE_STDLIB_H 1
| #define HAVE_STRING_H 1
| #define HAVE_MEMORY_H 1
| #define HAVE_STRINGS_H 1
| #define HAVE_INTTYPES_H 1
| #define HAVE_STDINT_H 1
| #define HAVE_UNISTD_H 1
| #define __EXTENSIONS__ 1
| #define INSTALLPREFIX "/usr/local"
| #define HAVE_DLFCN_H 1
| #define HAVE_VISIBILITY 1
| #define HAVE_ICONV 1
| #define ICONV_CONST const
| #define HAVE_ICONV 1
| #define STDC_HEADERS 1
| #define HAVE_LOCALE_H 1
| #define HAVE_STDDEF_H 1
| #define HAVE_STDLIB_H 1
| #define HAVE_STRING_H 1
| #define HAVE_UNISTD_H 1
| #define HAVE_MBSTATE_T 1
| #define HAVE_WCHAR_H 1
| #define HAVE_STDINT_H 1
| #define HAVE_INTTYPES_H 1
| #define HAVE_WCHAR_T 1
| #define HAVE_STDINT_H 1
| #define FULL_PATH_STDINT_H </usr/lib/gcc/powerpc-apple-darwin8/4.2.1/include/stdint.h>
| #define HAVE_INTTYPES_H 1
| #define FULL_PATH_INTTYPES_H </usr/include/inttypes.h>
| /* end confdefs.h.  */
| #include <sys/bitypes.h>
configure:25428: result: no
configure:25456: checking for sys/bitypes.h
configure:25464: result: no
configure:25484: checking whether 'long' is 64 bit wide
configure:25515: gcc -c -g -O2  conftest.c >&5
conftest.c:46: error: size of array 'array' is negative
configure:25521: $? = 1
configure: failed program was:
| /* confdefs.h.  */
| #define PACKAGE_NAME ""
| #define PACKAGE_TARNAME ""
| #define PACKAGE_VERSION ""
| #define PACKAGE_STRING ""
| #define PACKAGE_BUGREPORT ""
| #define PACKAGE "libiconv"
| #define VERSION "1.11"
| #define _GNU_SOURCE 1
| #define STDC_HEADERS 1
| #define HAVE_SYS_TYPES_H 1
| #define HAVE_SYS_STAT_H 1
| #define HAVE_STDLIB_H 1
| #define HAVE_STRING_H 1
| #define HAVE_MEMORY_H 1
| #define HAVE_STRINGS_H 1
| #define HAVE_INTTYPES_H 1
| #define HAVE_STDINT_H 1
| #define HAVE_UNISTD_H 1
| #define __EXTENSIONS__ 1
| #define INSTALLPREFIX "/usr/local"
| #define HAVE_DLFCN_H 1
| #define HAVE_VISIBILITY 1
| #define HAVE_ICONV 1
| #define ICONV_CONST const
| #define HAVE_ICONV 1
| #define STDC_HEADERS 1
| #define HAVE_LOCALE_H 1
| #define HAVE_STDDEF_H 1
| #define HAVE_STDLIB_H 1
| #define HAVE_STRING_H 1
| #define HAVE_UNISTD_H 1
| #define HAVE_MBSTATE_T 1
| #define HAVE_WCHAR_H 1
| #define HAVE_STDINT_H 1
| #define HAVE_INTTYPES_H 1
| #define HAVE_WCHAR_T 1
| #define HAVE_STDINT_H 1
| #define FULL_PATH_STDINT_H </usr/lib/gcc/powerpc-apple-darwin8/4.2.1/include/stdint.h>
| #define HAVE_INTTYPES_H 1
| #define FULL_PATH_INTTYPES_H </usr/include/inttypes.h>
| /* end confdefs.h.  */
| 
| #define POW63  ((((((long) 1 << 15) << 15) << 15) << 15) << 3)
| #define POW64  ((((((long) 1 << 15) << 15) << 15) << 15) << 4)
| typedef int array [2 * (POW63 != 0 && POW64 == 0) - 1];
| 
| int
| main ()
| {
| 
|   ;
|   return 0;
| }
configure:25553: result: no
configure:25562: checking whether 'long long' is 64 bit wide
configure:25593: gcc -c -g -O2  conftest.c >&5
configure:25599: $? = 0
configure:25606: test -z "$ac_c_werror_flag" || test ! -s conftest.err
configure:25609: $? = 0
configure:25616: test -s conftest.o
configure:25619: $? = 0
configure:25631: result: yes
configure:25702: checking for int8_t
configure:25729: gcc -c -g -O2  conftest.c >&5
configure:25735: $? = 0
configure:25742: test -z "$ac_c_werror_flag" || test ! -s conftest.err
configure:25745: $? = 0
configure:25752: test -s conftest.o
configure:25755: $? = 0
configure:25767: result: yes
configure:25702: checking for int16_t
configure:25729: gcc -c -g -O2  conftest.c >&5
configure:25735: $? = 0
configure:25742: test -z "$ac_c_werror_flag" || test ! -s conftest.err
configure:25745: $? = 0
configure:25752: test -s conftest.o
configure:25755: $? = 0
configure:25767: result: yes
configure:25702: checking for int32_t
configure:25729: gcc -c -g -O2  conftest.c >&5
configure:25735: $? = 0
configure:25742: test -z "$ac_c_werror_flag" || test ! -s conftest.err
configure:25745: $? = 0
configure:25752: test -s conftest.o
configure:25755: $? = 0
configure:25767: result: yes
configure:25702: checking for int64_t
configure:25729: gcc -c -g -O2  conftest.c >&5
configure:25735: $? = 0
configure:25742: test -z "$ac_c_werror_flag" || test ! -s conftest.err
configure:25745: $? = 0
configure:25752: test -s conftest.o
configure:25755: $? = 0
configure:25767: result: yes
configure:25702: checking for uint8_t
configure:25729: gcc -c -g -O2  conftest.c >&5
configure:25735: $? = 0
configure:25742: test -z "$ac_c_werror_flag" || test ! -s conftest.err
configure:25745: $? = 0
configure:25752: test -s conftest.o
configure:25755: $? = 0
configure:25767: result: yes
configure:25702: checking for uint16_t
configure:25729: gcc -c -g -O2  conftest.c >&5
configure:25735: $? = 0
configure:25742: test -z "$ac_c_werror_flag" || test ! -s conftest.err
configure:25745: $? = 0
configure:25752: test -s conftest.o
configure:25755: $? = 0
configure:25767: result: yes
configure:25702: checking for uint32_t
configure:25729: gcc -c -g -O2  conftest.c >&5
configure:25735: $? = 0
configure:25742: test -z "$ac_c_werror_flag" || test ! -s conftest.err
configure:25745: $? = 0
configure:25752: test -s conftest.o
configure:25755: $? = 0
configure:25767: result: yes
configure:25702: checking for uint64_t
configure:25729: gcc -c -g -O2  conftest.c >&5
configure:25735: $? = 0
configure:25742: test -z "$ac_c_werror_flag" || test ! -s conftest.err
configure:25745: $? = 0
configure:25752: test -s conftest.o
configure:25755: $? = 0
configure:25767: result: yes
configure:25702: checking for int_least8_t
configure:25729: gcc -c -g -O2  conftest.c >&5
configure:25735: $? = 0
configure:25742: test -z "$ac_c_werror_flag" || test ! -s conftest.err
configure:25745: $? = 0
configure:25752: test -s conftest.o
configure:25755: $? = 0
configure:25767: result: yes
configure:25702: checking for int_least16_t
configure:25729: gcc -c -g -O2  conftest.c >&5
configure:25735: $? = 0
configure:25742: test -z "$ac_c_werror_flag" || test ! -s conftest.err
configure:25745: $? = 0
configure:25752: test -s conftest.o
configure:25755: $? = 0
configure:25767: result: yes
configure:25702: checking for int_least32_t
configure:25729: gcc -c -g -O2  conftest.c >&5
configure:25735: $? = 0
configure:25742: test -z "$ac_c_werror_flag" || test ! -s conftest.err
configure:25745: $? = 0
configure:25752: test -s conftest.o
configure:25755: $? = 0
configure:25767: result: yes
configure:25702: checking for int_least64_t
configure:25729: gcc -c -g -O2  conftest.c >&5
configure:25735: $? = 0
configure:25742: test -z "$ac_c_werror_flag" || test ! -s conftest.err
configure:25745: $? = 0
configure:25752: test -s conftest.o
configure:25755: $? = 0
configure:25767: result: yes
configure:25702: checking for uint_least8_t
configure:25729: gcc -c -g -O2  conftest.c >&5
configure:25735: $? = 0
configure:25742: test -z "$ac_c_werror_flag" || test ! -s conftest.err
configure:25745: $? = 0
configure:25752: test -s conftest.o
configure:25755: $? = 0
configure:25767: result: yes
configure:25702: checking for uint_least16_t
configure:25729: gcc -c -g -O2  conftest.c >&5
configure:25735: $? = 0
configure:25742: test -z "$ac_c_werror_flag" || test ! -s conftest.err
configure:25745: $? = 0
configure:25752: test -s conftest.o
configure:25755: $? = 0
configure:25767: result: yes
configure:25702: checking for uint_least32_t
configure:25729: gcc -c -g -O2  conftest.c >&5
configure:25735: $? = 0
configure:25742: test -z "$ac_c_werror_flag" || test ! -s conftest.err
configure:25745: $? = 0
configure:25752: test -s conftest.o
configure:25755: $? = 0
configure:25767: result: yes
configure:25702: checking for uint_least64_t
configure:25729: gcc -c -g -O2  conftest.c >&5
configure:25735: $? = 0
configure:25742: test -z "$ac_c_werror_flag" || test ! -s conftest.err
configure:25745: $? = 0
configure:25752: test -s conftest.o
configure:25755: $? = 0
configure:25767: result: yes
configure:25702: checking for int_fast8_t
configure:25729: gcc -c -g -O2  conftest.c >&5
configure:25735: $? = 0
configure:25742: test -z "$ac_c_werror_flag" || test ! -s conftest.err
configure:25745: $? = 0
configure:25752: test -s conftest.o
configure:25755: $? = 0
configure:25767: result: yes
configure:25702: checking for int_fast16_t
configure:25729: gcc -c -g -O2  conftest.c >&5
configure:25735: $? = 0
configure:25742: test -z "$ac_c_werror_flag" || test ! -s conftest.err
configure:25745: $? = 0
configure:25752: test -s conftest.o
configure:25755: $? = 0
configure:25767: result: yes
configure:25702: checking for int_fast32_t
configure:25729: gcc -c -g -O2  conftest.c >&5
configure:25735: $? = 0
configure:25742: test -z "$ac_c_werror_flag" || test ! -s conftest.err
configure:25745: $? = 0
configure:25752: test -s conftest.o
configure:25755: $? = 0
configure:25767: result: yes
configure:25702: checking for int_fast64_t
configure:25729: gcc -c -g -O2  conftest.c >&5
configure:25735: $? = 0
configure:25742: test -z "$ac_c_werror_flag" || test ! -s conftest.err
configure:25745: $? = 0
configure:25752: test -s conftest.o
configure:25755: $? = 0
configure:25767: result: yes
configure:25702: checking for uint_fast8_t
configure:25729: gcc -c -g -O2  conftest.c >&5
configure:25735: $? = 0
configure:25742: test -z "$ac_c_werror_flag" || test ! -s conftest.err
configure:25745: $? = 0
configure:25752: test -s conftest.o
configure:25755: $? = 0
configure:25767: result: yes
configure:25702: checking for uint_fast16_t
configure:25729: gcc -c -g -O2  conftest.c >&5
configure:25735: $? = 0
configure:25742: test -z "$ac_c_werror_flag" || test ! -s conftest.err
configure:25745: $? = 0
configure:25752: test -s conftest.o
configure:25755: $? = 0
configure:25767: result: yes
configure:25702: checking for uint_fast32_t
configure:25729: gcc -c -g -O2  conftest.c >&5
configure:25735: $? = 0
configure:25742: test -z "$ac_c_werror_flag" || test ! -s conftest.err
configure:25745: $? = 0
configure:25752: test -s conftest.o
configure:25755: $? = 0
configure:25767: result: yes
configure:25702: checking for uint_fast64_t
configure:25729: gcc -c -g -O2  conftest.c >&5
configure:25735: $? = 0
configure:25742: test -z "$ac_c_werror_flag" || test ! -s conftest.err
configure:25745: $? = 0
configure:25752: test -s conftest.o
configure:25755: $? = 0
configure:25767: result: yes
configure:25702: checking for intptr_t
configure:25729: gcc -c -g -O2  conftest.c >&5
configure:25735: $? = 0
configure:25742: test -z "$ac_c_werror_flag" || test ! -s conftest.err
configure:25745: $? = 0
configure:25752: test -s conftest.o
configure:25755: $? = 0
configure:25767: result: yes
configure:25702: checking for uintptr_t
configure:25729: gcc -c -g -O2  conftest.c >&5
configure:25735: $? = 0
configure:25742: test -z "$ac_c_werror_flag" || test ! -s conftest.err
configure:25745: $? = 0
configure:25752: test -s conftest.o
configure:25755: $? = 0
configure:25767: result: yes
configure:25702: checking for intmax_t
configure:25729: gcc -c -g -O2  conftest.c >&5
configure:25735: $? = 0
configure:25742: test -z "$ac_c_werror_flag" || test ! -s conftest.err
configure:25745: $? = 0
configure:25752: test -s conftest.o
configure:25755: $? = 0
configure:25767: result: yes
configure:25702: checking for uintmax_t
configure:25729: gcc -c -g -O2  conftest.c >&5
configure:25735: $? = 0
configure:25742: test -z "$ac_c_werror_flag" || test ! -s conftest.err
configure:25745: $? = 0
configure:25752: test -s conftest.o
configure:25755: $? = 0
configure:25767: result: yes
configure:25796: checking for int64_t
configure:25823: gcc -c -g -O2  conftest.c >&5
configure:25829: $? = 0
configure:25836: test -z "$ac_c_werror_flag" || test ! -s conftest.err
configure:25839: $? = 0
configure:25846: test -s conftest.o
configure:25849: $? = 0
configure:25861: result: yes
configure:25796: checking for uint64_t
configure:25823: gcc -c -g -O2  conftest.c >&5
configure:25829: $? = 0
configure:25836: test -z "$ac_c_werror_flag" || test ! -s conftest.err
configure:25839: $? = 0
configure:25846: test -s conftest.o
configure:25849: $? = 0
configure:25861: result: yes
configure:25796: checking for int_least64_t
configure:25823: gcc -c -g -O2  conftest.c >&5
configure:25829: $? = 0
configure:25836: test -z "$ac_c_werror_flag" || test ! -s conftest.err
configure:25839: $? = 0
configure:25846: test -s conftest.o
configure:25849: $? = 0
configure:25861: result: yes
configure:25796: checking for uint_least64_t
configure:25823: gcc -c -g -O2  conftest.c >&5
configure:25829: $? = 0
configure:25836: test -z "$ac_c_werror_flag" || test ! -s conftest.err
configure:25839: $? = 0
configure:25846: test -s conftest.o
configure:25849: $? = 0
configure:25861: result: yes
configure:25796: checking for int_fast64_t
configure:25823: gcc -c -g -O2  conftest.c >&5
configure:25829: $? = 0
configure:25836: test -z "$ac_c_werror_flag" || test ! -s conftest.err
configure:25839: $? = 0
configure:25846: test -s conftest.o
configure:25849: $? = 0
configure:25861: result: yes
configure:25796: checking for uint_fast64_t
configure:25823: gcc -c -g -O2  conftest.c >&5
configure:25829: $? = 0
configure:25836: test -z "$ac_c_werror_flag" || test ! -s conftest.err
configure:25839: $? = 0
configure:25846: test -s conftest.o
configure:25849: $? = 0
configure:25861: result: yes
configure:25941: gcc -c -g -O2  conftest.c >&5
configure:25947: $? = 0
configure:25954: test -z "$ac_c_werror_flag" || test ! -s conftest.err
configure:25957: $? = 0
configure:25964: test -s conftest.o
configure:25967: $? = 0
configure:26014: checking for INT8_MIN
configure:26040: result: yes
configure:26051: checking for INT8_MAX
configure:26077: result: yes
configure:26088: checking for UINT8_MAX
configure:26114: result: yes
configure:26125: checking for INT16_MIN
configure:26151: result: yes
configure:26162: checking for INT16_MAX
configure:26188: result: yes
configure:26199: checking for UINT16_MAX
configure:26225: result: yes
configure:26236: checking for INT32_MIN
configure:26262: result: yes
configure:26273: checking for INT32_MAX
configure:26299: result: yes
configure:26310: checking for UINT32_MAX
configure:26336: result: yes
configure:26348: checking for INT64_MIN
configure:26374: result: yes
configure:26385: checking for INT64_MAX
configure:26411: result: yes
configure:26424: checking for UINT64_MAX
configure:26450: result: yes
configure:26462: checking for INT_LEAST8_MIN
configure:26488: result: yes
configure:26499: checking for INT_LEAST8_MAX
configure:26525: result: yes
configure:26536: checking for UINT_LEAST8_MAX
configure:26562: result: yes
configure:26573: checking for INT_LEAST16_MIN
configure:26599: result: yes
configure:26610: checking for INT_LEAST16_MAX
configure:26636: result: yes
configure:26647: checking for UINT_LEAST16_MAX
configure:26673: result: yes
configure:26684: checking for INT_LEAST32_MIN
configure:26710: result: yes
configure:26721: checking for INT_LEAST32_MAX
configure:26747: result: yes
configure:26758: checking for UINT_LEAST32_MAX
configure:26784: result: yes
configure:26796: checking for INT_LEAST64_MIN
configure:26822: result: yes
configure:26833: checking for INT_LEAST64_MAX
configure:26859: result: yes
configure:26872: checking for UINT_LEAST64_MAX
configure:26898: result: yes
configure:26929: checking for INT_FAST8_MIN
configure:27022: result: yes
configure:26929: checking for INT_FAST8_MAX
configure:27022: result: yes
configure:26929: checking for UINT_FAST8_MAX
configure:27022: result: yes
configure:26929: checking for INT_FAST16_MIN
configure:27022: result: yes
configure:26929: checking for INT_FAST16_MAX
configure:27022: result: yes
configure:26929: checking for UINT_FAST16_MAX
configure:27022: result: yes
configure:26929: checking for INT_FAST32_MIN
configure:27022: result: yes
configure:26929: checking for INT_FAST32_MAX
configure:27022: result: yes
configure:26929: checking for UINT_FAST32_MAX
configure:27022: result: yes
configure:27046: checking for INT_FAST64_MIN
configure:27139: result: yes
configure:27046: checking for INT_FAST64_MAX
configure:27139: result: yes
configure:27163: checking for UINT_FAST64_MAX
configure:27256: result: yes
configure:27285: checking for INTPTR_MIN
configure:27378: result: yes
configure:27285: checking for INTPTR_MAX
configure:27378: result: yes
configure:27285: checking for UINTPTR_MAX
configure:27378: result: yes
configure:27285: checking for INTMAX_MIN
configure:27378: result: yes
configure:27285: checking for INTMAX_MAX
configure:27378: result: yes
configure:27285: checking for UINTMAX_MAX
configure:27378: result: yes
configure:27401: checking for PTRDIFF_MIN
configure:27494: result: yes
configure:27401: checking for PTRDIFF_MAX
configure:27494: result: yes
configure:27512: checking for stdint.h
configure:27518: result: yes
configure:27671: checking for SIZE_MAX
configure:28564: result: yes
configure:28582: checking for SIG_ATOMIC_MIN
configure:28779: result: yes
configure:28582: checking for SIG_ATOMIC_MAX
configure:28779: result: yes
configure:28799: checking for WINT_MIN
configure:29008: result: yes
configure:28799: checking for WINT_MAX
configure:29008: result: yes
configure:32710: checking for wchar_t
configure:32775: result: yes
configure:32809: checking for getc_unlocked
configure:32865: gcc -o conftest -g -O2   conftest.c  >&5
configure:32871: $? = 0
configure:32878: test -z "$ac_c_werror_flag" || test ! -s conftest.err
configure:32881: $? = 0
configure:32888: test -s conftest
configure:32891: $? = 0
configure:32905: result: yes
configure:32809: checking for mbrtowc
configure:32865: gcc -o conftest -g -O2   conftest.c  >&5
configure:32871: $? = 0
configure:32878: test -z "$ac_c_werror_flag" || test ! -s conftest.err
configure:32881: $? = 0
configure:32888: test -s conftest
configure:32891: $? = 0
configure:32905: result: yes
configure:32809: checking for wcrtomb
configure:32865: gcc -o conftest -g -O2   conftest.c  >&5
configure:32871: $? = 0
configure:32878: test -z "$ac_c_werror_flag" || test ! -s conftest.err
configure:32881: $? = 0
configure:32888: test -s conftest
configure:32891: $? = 0
configure:32905: result: yes
configure:32809: checking for mbsinit
configure:32865: gcc -o conftest -g -O2   conftest.c  >&5
configure:32871: $? = 0
configure:32878: test -z "$ac_c_werror_flag" || test ! -s conftest.err
configure:32881: $? = 0
configure:32888: test -s conftest
configure:32891: $? = 0
configure:32905: result: yes
configure:32809: checking for setlocale
configure:32865: gcc -o conftest -g -O2   conftest.c  >&5
configure:32871: $? = 0
configure:32878: test -z "$ac_c_werror_flag" || test ! -s conftest.err
configure:32881: $? = 0
configure:32888: test -s conftest
configure:32891: $? = 0
configure:32905: result: yes
configure:32919: checking for memmove
configure:32975: gcc -o conftest -g -O2   conftest.c  >&5
conftest.c:107: warning: conflicting types for built-in function 'memmove'
configure:32981: $? = 0
configure:32988: test -z "$ac_c_werror_flag" || test ! -s conftest.err
configure:32991: $? = 0
configure:32998: test -s conftest
configure:33001: $? = 0
configure:33015: result: yes
configure:33029: checking for nl_langinfo and CODESET
configure:33055: gcc -o conftest -g -O2   conftest.c  >&5
configure:33061: $? = 0
configure:33068: test -z "$ac_c_werror_flag" || test ! -s conftest.err
configure:33071: $? = 0
configure:33078: test -s conftest
configure:33081: $? = 0
configure:33095: result: yes
configure:33113: checking for wchar.h
configure:33119: result: yes
configure:33273: checking for EILSEQ
configure:33770: result: yes
configure:33783: checking byte ordering
configure:33816: gcc -o conftest -g -O2   conftest.c  >&5
conftest.c: In function 'main':
conftest.c:95: warning: incompatible implicit declaration of built-in function 'exit'
configure:33819: $? = 0
configure:33825: ./conftest
configure:33828: $? = 0
configure:33886: result: big endian
configure:33901: checking for working alloca.h
configure:33928: gcc -o conftest -g -O2   conftest.c  >&5
configure:33934: $? = 0
configure:33941: test -z "$ac_c_werror_flag" || test ! -s conftest.err
configure:33944: $? = 0
configure:33951: test -s conftest
configure:33954: $? = 0
configure:33967: result: yes
configure:33977: checking for alloca
configure:34024: gcc -o conftest -g -O2   conftest.c  >&5
configure:34030: $? = 0
configure:34037: test -z "$ac_c_werror_flag" || test ! -s conftest.err
configure:34040: $? = 0
configure:34047: test -s conftest
configure:34050: $? = 0
configure:34063: result: yes
configure:34312: checking for stdlib.h
configure:34318: result: yes
configure:34478: checking for string.h
configure:34484: result: yes
configure:34688: checking for stdlib.h
configure:34694: result: yes
configure:34847: checking for GNU libc compatible malloc
configure:34881: gcc -o conftest -g -O2   conftest.c  >&5
configure:34884: $? = 0
configure:34890: ./conftest
configure:34893: $? = 0
configure:34909: result: yes
configure:34925: checking for long long
configure:34952: gcc -o conftest -g -O2   conftest.c  >&5
configure:34958: $? = 0
configure:34965: test -z "$ac_c_werror_flag" || test ! -s conftest.err
configure:34968: $? = 0
configure:34975: test -s conftest
configure:34978: $? = 0
configure:34991: result: yes
configure:35002: checking for long double
configure:35075: result: yes
configure:35107: checking sys/param.h usability
configure:35124: gcc -c -g -O2  conftest.c >&5
configure:35130: $? = 0
configure:35137: test -z "$ac_c_werror_flag" || test ! -s conftest.err
configure:35140: $? = 0
configure:35147: test -s conftest.o
configure:35150: $? = 0
configure:35161: result: yes
configure:35165: checking sys/param.h presence
configure:35180: gcc -E  conftest.c
configure:35186: $? = 0
configure:35207: result: yes
configure:35235: checking for sys/param.h
configure:35243: result: yes
configure:35263: checking for unistd.h
configure:35269: result: yes
configure:35428: checking for canonicalize_file_name
configure:35484: gcc -o conftest -g -O2   conftest.c  >&5
Undefined symbols:
  "_canonicalize_file_name", referenced from:
      _main in ccwRozTy.o
ld: symbol(s) not found
collect2: ld returned 1 exit status
configure:35490: $? = 1
configure: failed program was:
| /* confdefs.h.  */
| #define PACKAGE_NAME ""
| #define PACKAGE_TARNAME ""
| #define PACKAGE_VERSION ""
| #define PACKAGE_STRING ""
| #define PACKAGE_BUGREPORT ""
| #define PACKAGE "libiconv"
| #define VERSION "1.11"
| #define _GNU_SOURCE 1
| #define STDC_HEADERS 1
| #define HAVE_SYS_TYPES_H 1
| #define HAVE_SYS_STAT_H 1
| #define HAVE_STDLIB_H 1
| #define HAVE_STRING_H 1
| #define HAVE_MEMORY_H 1
| #define HAVE_STRINGS_H 1
| #define HAVE_INTTYPES_H 1
| #define HAVE_STDINT_H 1
| #define HAVE_UNISTD_H 1
| #define __EXTENSIONS__ 1
| #define INSTALLPREFIX "/usr/local"
| #define HAVE_DLFCN_H 1
| #define HAVE_VISIBILITY 1
| #define HAVE_ICONV 1
| #define ICONV_CONST const
| #define HAVE_ICONV 1
| #define STDC_HEADERS 1
| #define HAVE_LOCALE_H 1
| #define HAVE_STDDEF_H 1
| #define HAVE_STDLIB_H 1
| #define HAVE_STRING_H 1
| #define HAVE_UNISTD_H 1
| #define HAVE_MBSTATE_T 1
| #define HAVE_WCHAR_H 1
| #define HAVE_STDINT_H 1
| #define HAVE_INTTYPES_H 1
| #define HAVE_WCHAR_T 1
| #define HAVE_STDINT_H 1
| #define FULL_PATH_STDINT_H </usr/lib/gcc/powerpc-apple-darwin8/4.2.1/include/stdint.h>
| #define HAVE_INTTYPES_H 1
| #define FULL_PATH_INTTYPES_H </usr/include/inttypes.h>
| #define HAVE_INT8_T 1
| #define HAVE_INT16_T 1
| #define HAVE_INT32_T 1
| #define HAVE_INT64_T 1
| #define HAVE_UINT8_T 1
| #define HAVE_UINT16_T 1
| #define HAVE_UINT32_T 1
| #define HAVE_UINT64_T 1
| #define HAVE_INT_LEAST8_T 1
| #define HAVE_INT_LEAST16_T 1
| #define HAVE_INT_LEAST32_T 1
| #define HAVE_INT_LEAST64_T 1
| #define HAVE_UINT_LEAST8_T 1
| #define HAVE_UINT_LEAST16_T 1
| #define HAVE_UINT_LEAST32_T 1
| #define HAVE_UINT_LEAST64_T 1
| #define HAVE_INT_FAST8_T 1
| #define HAVE_INT_FAST16_T 1
| #define HAVE_INT_FAST32_T 1
| #define HAVE_INT_FAST64_T 1
| #define HAVE_UINT_FAST8_T 1
| #define HAVE_UINT_FAST16_T 1
| #define HAVE_UINT_FAST32_T 1
| #define HAVE_UINT_FAST64_T 1
| #define HAVE_INTPTR_T 1
| #define HAVE_UINTPTR_T 1
| #define HAVE_INTMAX_T 1
| #define HAVE_UINTMAX_T 1
| #define HAVE_INT64_T_IN_STDINT_H 1
| #define HAVE_UINT64_T_IN_STDINT_H 1
| #define HAVE_INT_LEAST64_T_IN_STDINT_H 1
| #define HAVE_UINT_LEAST64_T_IN_STDINT_H 1
| #define HAVE_INT_FAST64_T_IN_STDINT_H 1
| #define HAVE_UINT_FAST64_T_IN_STDINT_H 1
| #define HAVE_STDINT_H 1
| #define HAVE_WCHAR_T 1
| #define HAVE_GETC_UNLOCKED 1
| #define HAVE_MBRTOWC 1
| #define HAVE_WCRTOMB 1
| #define HAVE_MBSINIT 1
| #define HAVE_SETLOCALE 1
| #define HAVE_MEMMOVE 1
| #define HAVE_LANGINFO_CODESET 1
| #define HAVE_WCHAR_H 1
| #define HAVE_ALLOCA_H 1
| #define HAVE_ALLOCA 1
| #define HAVE_STDLIB_H 1
| #define HAVE_STRING_H 1
| #define HAVE_STDLIB_H 1
| #define MALLOC_0_IS_NONNULL 1
| #define HAVE_LONG_LONG 1
| #define HAVE_LONG_DOUBLE 1
| #define HAVE_SYS_PARAM_H 1
| #define HAVE_UNISTD_H 1
| /* end confdefs.h.  */
| /* Define canonicalize_file_name to an innocuous variant, in case <limits.h> declares canonicalize_file_name.
|    For example, HP-UX 11i <limits.h> declares gettimeofday.  */
| #define canonicalize_file_name innocuous_canonicalize_file_name
| 
| /* System header to define __stub macros and hopefully few prototypes,
|     which can conflict with char canonicalize_file_name (); below.
|     Prefer <limits.h> to <assert.h> if __STDC__ is defined, since
|     <limits.h> exists even on freestanding compilers.  */
| 
| #ifdef __STDC__
| # include <limits.h>
| #else
| # include <assert.h>
| #endif
| 
| #undef canonicalize_file_name
| 
| /* Override any GCC internal prototype to avoid an error.
|    Use char because int might match the return type of a GCC
|    builtin and then its argument prototype would still apply.  */
| #ifdef __cplusplus
| extern "C"
| #endif
| char canonicalize_file_name ();
| /* The GNU C library defines this for functions which it implements
|     to always fail with ENOSYS.  Some functions are actually named
|     something starting with __ and the normal name is an alias.  */
| #if defined __stub_canonicalize_file_name || defined __stub___canonicalize_file_name
| choke me
| #endif
| 
| int
| main ()
| {
| return canonicalize_file_name ();
|   ;
|   return 0;
| }
configure:35524: result: no
configure:35557: checking for getcwd
configure:35613: gcc -o conftest -g -O2   conftest.c  >&5
configure:35619: $? = 0
configure:35626: test -z "$ac_c_werror_flag" || test ! -s conftest.err
configure:35629: $? = 0
configure:35636: test -s conftest
configure:35639: $? = 0
configure:35653: result: yes
configure:35557: checking for readlink
configure:35613: gcc -o conftest -g -O2   conftest.c  >&5
configure:35619: $? = 0
configure:35626: test -z "$ac_c_werror_flag" || test ! -s conftest.err
configure:35629: $? = 0
configure:35636: test -s conftest
configure:35639: $? = 0
configure:35653: result: yes
configure:35667: checking whether clearerr_unlocked is declared
configure:35697: gcc -c -g -O2  conftest.c >&5
configure:35703: $? = 0
configure:35710: test -z "$ac_c_werror_flag" || test ! -s conftest.err
configure:35713: $? = 0
configure:35720: test -s conftest.o
configure:35723: $? = 0
configure:35735: result: yes
configure:35755: checking whether feof_unlocked is declared
configure:35785: gcc -c -g -O2  conftest.c >&5
configure:35791: $? = 0
configure:35798: test -z "$ac_c_werror_flag" || test ! -s conftest.err
configure:35801: $? = 0
configure:35808: test -s conftest.o
configure:35811: $? = 0
configure:35823: result: yes
configure:35843: checking whether ferror_unlocked is declared
configure:35873: gcc -c -g -O2  conftest.c >&5
configure:35879: $? = 0
configure:35886: test -z "$ac_c_werror_flag" || test ! -s conftest.err
configure:35889: $? = 0
configure:35896: test -s conftest.o
configure:35899: $? = 0
configure:35911: result: yes
configure:35931: checking whether fflush_unlocked is declared
configure:35961: gcc -c -g -O2  conftest.c >&5
conftest.c: In function 'main':
conftest.c:140: error: 'fflush_unlocked' undeclared (first use in this function)
conftest.c:140: error: (Each undeclared identifier is reported only once
conftest.c:140: error: for each function it appears in.)
configure:35967: $? = 1
configure: failed program was:
| /* confdefs.h.  */
| #define PACKAGE_NAME ""
| #define PACKAGE_TARNAME ""
| #define PACKAGE_VERSION ""
| #define PACKAGE_STRING ""
| #define PACKAGE_BUGREPORT ""
| #define PACKAGE "libiconv"
| #define VERSION "1.11"
| #define _GNU_SOURCE 1
| #define STDC_HEADERS 1
| #define HAVE_SYS_TYPES_H 1
| #define HAVE_SYS_STAT_H 1
| #define HAVE_STDLIB_H 1
| #define HAVE_STRING_H 1
| #define HAVE_MEMORY_H 1
| #define HAVE_STRINGS_H 1
| #define HAVE_INTTYPES_H 1
| #define HAVE_STDINT_H 1
| #define HAVE_UNISTD_H 1
| #define __EXTENSIONS__ 1
| #define INSTALLPREFIX "/usr/local"
| #define HAVE_DLFCN_H 1
| #define HAVE_VISIBILITY 1
| #define HAVE_ICONV 1
| #define ICONV_CONST const
| #define HAVE_ICONV 1
| #define STDC_HEADERS 1
| #define HAVE_LOCALE_H 1
| #define HAVE_STDDEF_H 1
| #define HAVE_STDLIB_H 1
| #define HAVE_STRING_H 1
| #define HAVE_UNISTD_H 1
| #define HAVE_MBSTATE_T 1
| #define HAVE_WCHAR_H 1
| #define HAVE_STDINT_H 1
| #define HAVE_INTTYPES_H 1
| #define HAVE_WCHAR_T 1
| #define HAVE_STDINT_H 1
| #define FULL_PATH_STDINT_H </usr/lib/gcc/powerpc-apple-darwin8/4.2.1/include/stdint.h>
| #define HAVE_INTTYPES_H 1
| #define FULL_PATH_INTTYPES_H </usr/include/inttypes.h>
| #define HAVE_INT8_T 1
| #define HAVE_INT16_T 1
| #define HAVE_INT32_T 1
| #define HAVE_INT64_T 1
| #define HAVE_UINT8_T 1
| #define HAVE_UINT16_T 1
| #define HAVE_UINT32_T 1
| #define HAVE_UINT64_T 1
| #define HAVE_INT_LEAST8_T 1
| #define HAVE_INT_LEAST16_T 1
| #define HAVE_INT_LEAST32_T 1
| #define HAVE_INT_LEAST64_T 1
| #define HAVE_UINT_LEAST8_T 1
| #define HAVE_UINT_LEAST16_T 1
| #define HAVE_UINT_LEAST32_T 1
| #define HAVE_UINT_LEAST64_T 1
| #define HAVE_INT_FAST8_T 1
| #define HAVE_INT_FAST16_T 1
| #define HAVE_INT_FAST32_T 1
| #define HAVE_INT_FAST64_T 1
| #define HAVE_UINT_FAST8_T 1
| #define HAVE_UINT_FAST16_T 1
| #define HAVE_UINT_FAST32_T 1
| #define HAVE_UINT_FAST64_T 1
| #define HAVE_INTPTR_T 1
| #define HAVE_UINTPTR_T 1
| #define HAVE_INTMAX_T 1
| #define HAVE_UINTMAX_T 1
| #define HAVE_INT64_T_IN_STDINT_H 1
| #define HAVE_UINT64_T_IN_STDINT_H 1
| #define HAVE_INT_LEAST64_T_IN_STDINT_H 1
| #define HAVE_UINT_LEAST64_T_IN_STDINT_H 1
| #define HAVE_INT_FAST64_T_IN_STDINT_H 1
| #define HAVE_UINT_FAST64_T_IN_STDINT_H 1
| #define HAVE_STDINT_H 1
| #define HAVE_WCHAR_T 1
| #define HAVE_GETC_UNLOCKED 1
| #define HAVE_MBRTOWC 1
| #define HAVE_WCRTOMB 1
| #define HAVE_MBSINIT 1
| #define HAVE_SETLOCALE 1
| #define HAVE_MEMMOVE 1
| #define HAVE_LANGINFO_CODESET 1
| #define HAVE_WCHAR_H 1
| #define HAVE_ALLOCA_H 1
| #define HAVE_ALLOCA 1
| #define HAVE_STDLIB_H 1
| #define HAVE_STRING_H 1
| #define HAVE_STDLIB_H 1
| #define MALLOC_0_IS_NONNULL 1
| #define HAVE_LONG_LONG 1
| #define HAVE_LONG_DOUBLE 1
| #define HAVE_SYS_PARAM_H 1
| #define HAVE_UNISTD_H 1
| #define realpath rpl_realpath
| #define HAVE_GETCWD 1
| #define HAVE_READLINK 1
| #define HAVE_DECL_CLEARERR_UNLOCKED 1
| #define HAVE_DECL_FEOF_UNLOCKED 1
| #define HAVE_DECL_FERROR_UNLOCKED 1
| /* end confdefs.h.  */
| #include <stdio.h>
| #if HAVE_SYS_TYPES_H
| # include <sys/types.h>
| #endif
| #if HAVE_SYS_STAT_H
| # include <sys/stat.h>
| #endif
| #if STDC_HEADERS
| # include <stdlib.h>
| # include <stddef.h>
| #else
| # if HAVE_STDLIB_H
| #  include <stdlib.h>
| # endif
| #endif
| #if HAVE_STRING_H
| # if !STDC_HEADERS && HAVE_MEMORY_H
| #  include <memory.h>
| # endif
| # include <string.h>
| #endif
| #if HAVE_STRINGS_H
| # include <strings.h>
| #endif
| #if HAVE_INTTYPES_H
| # include <inttypes.h>
| #endif
| #if HAVE_STDINT_H
| # include <stdint.h>
| #endif
| #if HAVE_UNISTD_H
| # include <unistd.h>
| #endif
| int
| main ()
| {
| #ifndef fflush_unlocked
|   char *p = (char *) fflush_unlocked;
|   return !p;
| #endif
| 
|   ;
|   return 0;
| }
configure:35999: result: no
configure:36019: checking whether fgets_unlocked is declared
configure:36049: gcc -c -g -O2  conftest.c >&5
conftest.c: In function 'main':
conftest.c:141: error: 'fgets_unlocked' undeclared (first use in this function)
conftest.c:141: error: (Each undeclared identifier is reported only once
conftest.c:141: error: for each function it appears in.)
configure:36055: $? = 1
configure: failed program was:
| /* confdefs.h.  */
| #define PACKAGE_NAME ""
| #define PACKAGE_TARNAME ""
| #define PACKAGE_VERSION ""
| #define PACKAGE_STRING ""
| #define PACKAGE_BUGREPORT ""
| #define PACKAGE "libiconv"
| #define VERSION "1.11"
| #define _GNU_SOURCE 1
| #define STDC_HEADERS 1
| #define HAVE_SYS_TYPES_H 1
| #define HAVE_SYS_STAT_H 1
| #define HAVE_STDLIB_H 1
| #define HAVE_STRING_H 1
| #define HAVE_MEMORY_H 1
| #define HAVE_STRINGS_H 1
| #define HAVE_INTTYPES_H 1
| #define HAVE_STDINT_H 1
| #define HAVE_UNISTD_H 1
| #define __EXTENSIONS__ 1
| #define INSTALLPREFIX "/usr/local"
| #define HAVE_DLFCN_H 1
| #define HAVE_VISIBILITY 1
| #define HAVE_ICONV 1
| #define ICONV_CONST const
| #define HAVE_ICONV 1
| #define STDC_HEADERS 1
| #define HAVE_LOCALE_H 1
| #define HAVE_STDDEF_H 1
| #define HAVE_STDLIB_H 1
| #define HAVE_STRING_H 1
| #define HAVE_UNISTD_H 1
| #define HAVE_MBSTATE_T 1
| #define HAVE_WCHAR_H 1
| #define HAVE_STDINT_H 1
| #define HAVE_INTTYPES_H 1
| #define HAVE_WCHAR_T 1
| #define HAVE_STDINT_H 1
| #define FULL_PATH_STDINT_H </usr/lib/gcc/powerpc-apple-darwin8/4.2.1/include/stdint.h>
| #define HAVE_INTTYPES_H 1
| #define FULL_PATH_INTTYPES_H </usr/include/inttypes.h>
| #define HAVE_INT8_T 1
| #define HAVE_INT16_T 1
| #define HAVE_INT32_T 1
| #define HAVE_INT64_T 1
| #define HAVE_UINT8_T 1
| #define HAVE_UINT16_T 1
| #define HAVE_UINT32_T 1
| #define HAVE_UINT64_T 1
| #define HAVE_INT_LEAST8_T 1
| #define HAVE_INT_LEAST16_T 1
| #define HAVE_INT_LEAST32_T 1
| #define HAVE_INT_LEAST64_T 1
| #define HAVE_UINT_LEAST8_T 1
| #define HAVE_UINT_LEAST16_T 1
| #define HAVE_UINT_LEAST32_T 1
| #define HAVE_UINT_LEAST64_T 1
| #define HAVE_INT_FAST8_T 1
| #define HAVE_INT_FAST16_T 1
| #define HAVE_INT_FAST32_T 1
| #define HAVE_INT_FAST64_T 1
| #define HAVE_UINT_FAST8_T 1
| #define HAVE_UINT_FAST16_T 1
| #define HAVE_UINT_FAST32_T 1
| #define HAVE_UINT_FAST64_T 1
| #define HAVE_INTPTR_T 1
| #define HAVE_UINTPTR_T 1
| #define HAVE_INTMAX_T 1
| #define HAVE_UINTMAX_T 1
| #define HAVE_INT64_T_IN_STDINT_H 1
| #define HAVE_UINT64_T_IN_STDINT_H 1
| #define HAVE_INT_LEAST64_T_IN_STDINT_H 1
| #define HAVE_UINT_LEAST64_T_IN_STDINT_H 1
| #define HAVE_INT_FAST64_T_IN_STDINT_H 1
| #define HAVE_UINT_FAST64_T_IN_STDINT_H 1
| #define HAVE_STDINT_H 1
| #define HAVE_WCHAR_T 1
| #define HAVE_GETC_UNLOCKED 1
| #define HAVE_MBRTOWC 1
| #define HAVE_WCRTOMB 1
| #define HAVE_MBSINIT 1
| #define HAVE_SETLOCALE 1
| #define HAVE_MEMMOVE 1
| #define HAVE_LANGINFO_CODESET 1
| #define HAVE_WCHAR_H 1
| #define HAVE_ALLOCA_H 1
| #define HAVE_ALLOCA 1
| #define HAVE_STDLIB_H 1
| #define HAVE_STRING_H 1
| #define HAVE_STDLIB_H 1
| #define MALLOC_0_IS_NONNULL 1
| #define HAVE_LONG_LONG 1
| #define HAVE_LONG_DOUBLE 1
| #define HAVE_SYS_PARAM_H 1
| #define HAVE_UNISTD_H 1
| #define realpath rpl_realpath
| #define HAVE_GETCWD 1
| #define HAVE_READLINK 1
| #define HAVE_DECL_CLEARERR_UNLOCKED 1
| #define HAVE_DECL_FEOF_UNLOCKED 1
| #define HAVE_DECL_FERROR_UNLOCKED 1
| #define HAVE_DECL_FFLUSH_UNLOCKED 0
| /* end confdefs.h.  */
| #include <stdio.h>
| #if HAVE_SYS_TYPES_H
| # include <sys/types.h>
| #endif
| #if HAVE_SYS_STAT_H
| # include <sys/stat.h>
| #endif
| #if STDC_HEADERS
| # include <stdlib.h>
| # include <stddef.h>
| #else
| # if HAVE_STDLIB_H
| #  include <stdlib.h>
| # endif
| #endif
| #if HAVE_STRING_H
| # if !STDC_HEADERS && HAVE_MEMORY_H
| #  include <memory.h>
| # endif
| # include <string.h>
| #endif
| #if HAVE_STRINGS_H
| # include <strings.h>
| #endif
| #if HAVE_INTTYPES_H
| # include <inttypes.h>
| #endif
| #if HAVE_STDINT_H
| # include <stdint.h>
| #endif
| #if HAVE_UNISTD_H
| # include <unistd.h>
| #endif
| int
| main ()
| {
| #ifndef fgets_unlocked
|   char *p = (char *) fgets_unlocked;
|   return !p;
| #endif
| 
|   ;
|   return 0;
| }
configure:36087: result: no
configure:36107: checking whether fputc_unlocked is declared
configure:36137: gcc -c -g -O2  conftest.c >&5
conftest.c: In function 'main':
conftest.c:142: error: 'fputc_unlocked' undeclared (first use in this function)
conftest.c:142: error: (Each undeclared identifier is reported only once
conftest.c:142: error: for each function it appears in.)
configure:36143: $? = 1
configure: failed program was:
| /* confdefs.h.  */
| #define PACKAGE_NAME ""
| #define PACKAGE_TARNAME ""
| #define PACKAGE_VERSION ""
| #define PACKAGE_STRING ""
| #define PACKAGE_BUGREPORT ""
| #define PACKAGE "libiconv"
| #define VERSION "1.11"
| #define _GNU_SOURCE 1
| #define STDC_HEADERS 1
| #define HAVE_SYS_TYPES_H 1
| #define HAVE_SYS_STAT_H 1
| #define HAVE_STDLIB_H 1
| #define HAVE_STRING_H 1
| #define HAVE_MEMORY_H 1
| #define HAVE_STRINGS_H 1
| #define HAVE_INTTYPES_H 1
| #define HAVE_STDINT_H 1
| #define HAVE_UNISTD_H 1
| #define __EXTENSIONS__ 1
| #define INSTALLPREFIX "/usr/local"
| #define HAVE_DLFCN_H 1
| #define HAVE_VISIBILITY 1
| #define HAVE_ICONV 1
| #define ICONV_CONST const
| #define HAVE_ICONV 1
| #define STDC_HEADERS 1
| #define HAVE_LOCALE_H 1
| #define HAVE_STDDEF_H 1
| #define HAVE_STDLIB_H 1
| #define HAVE_STRING_H 1
| #define HAVE_UNISTD_H 1
| #define HAVE_MBSTATE_T 1
| #define HAVE_WCHAR_H 1
| #define HAVE_STDINT_H 1
| #define HAVE_INTTYPES_H 1
| #define HAVE_WCHAR_T 1
| #define HAVE_STDINT_H 1
| #define FULL_PATH_STDINT_H </usr/lib/gcc/powerpc-apple-darwin8/4.2.1/include/stdint.h>
| #define HAVE_INTTYPES_H 1
| #define FULL_PATH_INTTYPES_H </usr/include/inttypes.h>
| #define HAVE_INT8_T 1
| #define HAVE_INT16_T 1
| #define HAVE_INT32_T 1
| #define HAVE_INT64_T 1
| #define HAVE_UINT8_T 1
| #define HAVE_UINT16_T 1
| #define HAVE_UINT32_T 1
| #define HAVE_UINT64_T 1
| #define HAVE_INT_LEAST8_T 1
| #define HAVE_INT_LEAST16_T 1
| #define HAVE_INT_LEAST32_T 1
| #define HAVE_INT_LEAST64_T 1
| #define HAVE_UINT_LEAST8_T 1
| #define HAVE_UINT_LEAST16_T 1
| #define HAVE_UINT_LEAST32_T 1
| #define HAVE_UINT_LEAST64_T 1
| #define HAVE_INT_FAST8_T 1
| #define HAVE_INT_FAST16_T 1
| #define HAVE_INT_FAST32_T 1
| #define HAVE_INT_FAST64_T 1
| #define HAVE_UINT_FAST8_T 1
| #define HAVE_UINT_FAST16_T 1
| #define HAVE_UINT_FAST32_T 1
| #define HAVE_UINT_FAST64_T 1
| #define HAVE_INTPTR_T 1
| #define HAVE_UINTPTR_T 1
| #define HAVE_INTMAX_T 1
| #define HAVE_UINTMAX_T 1
| #define HAVE_INT64_T_IN_STDINT_H 1
| #define HAVE_UINT64_T_IN_STDINT_H 1
| #define HAVE_INT_LEAST64_T_IN_STDINT_H 1
| #define HAVE_UINT_LEAST64_T_IN_STDINT_H 1
| #define HAVE_INT_FAST64_T_IN_STDINT_H 1
| #define HAVE_UINT_FAST64_T_IN_STDINT_H 1
| #define HAVE_STDINT_H 1
| #define HAVE_WCHAR_T 1
| #define HAVE_GETC_UNLOCKED 1
| #define HAVE_MBRTOWC 1
| #define HAVE_WCRTOMB 1
| #define HAVE_MBSINIT 1
| #define HAVE_SETLOCALE 1
| #define HAVE_MEMMOVE 1
| #define HAVE_LANGINFO_CODESET 1
| #define HAVE_WCHAR_H 1
| #define HAVE_ALLOCA_H 1
| #define HAVE_ALLOCA 1
| #define HAVE_STDLIB_H 1
| #define HAVE_STRING_H 1
| #define HAVE_STDLIB_H 1
| #define MALLOC_0_IS_NONNULL 1
| #define HAVE_LONG_LONG 1
| #define HAVE_LONG_DOUBLE 1
| #define HAVE_SYS_PARAM_H 1
| #define HAVE_UNISTD_H 1
| #define realpath rpl_realpath
| #define HAVE_GETCWD 1
| #define HAVE_READLINK 1
| #define HAVE_DECL_CLEARERR_UNLOCKED 1
| #define HAVE_DECL_FEOF_UNLOCKED 1
| #define HAVE_DECL_FERROR_UNLOCKED 1
| #define HAVE_DECL_FFLUSH_UNLOCKED 0
| #define HAVE_DECL_FGETS_UNLOCKED 0
| /* end confdefs.h.  */
| #include <stdio.h>
| #if HAVE_SYS_TYPES_H
| # include <sys/types.h>
| #endif
| #if HAVE_SYS_STAT_H
| # include <sys/stat.h>
| #endif
| #if STDC_HEADERS
| # include <stdlib.h>
| # include <stddef.h>
| #else
| # if HAVE_STDLIB_H
| #  include <stdlib.h>
| # endif
| #endif
| #if HAVE_STRING_H
| # if !STDC_HEADERS && HAVE_MEMORY_H
| #  include <memory.h>
| # endif
| # include <string.h>
| #endif
| #if HAVE_STRINGS_H
| # include <strings.h>
| #endif
| #if HAVE_INTTYPES_H
| # include <inttypes.h>
| #endif
| #if HAVE_STDINT_H
| # include <stdint.h>
| #endif
| #if HAVE_UNISTD_H
| # include <unistd.h>
| #endif
| int
| main ()
| {
| #ifndef fputc_unlocked
|   char *p = (char *) fputc_unlocked;
|   return !p;
| #endif
| 
|   ;
|   return 0;
| }
configure:36175: result: no
configure:36195: checking whether fputs_unlocked is declared
configure:36225: gcc -c -g -O2  conftest.c >&5
conftest.c: In function 'main':
conftest.c:143: error: 'fputs_unlocked' undeclared (first use in this function)
conftest.c:143: error: (Each undeclared identifier is reported only once
conftest.c:143: error: for each function it appears in.)
configure:36231: $? = 1
configure: failed program was:
| /* confdefs.h.  */
| #define PACKAGE_NAME ""
| #define PACKAGE_TARNAME ""
| #define PACKAGE_VERSION ""
| #define PACKAGE_STRING ""
| #define PACKAGE_BUGREPORT ""
| #define PACKAGE "libiconv"
| #define VERSION "1.11"
| #define _GNU_SOURCE 1
| #define STDC_HEADERS 1
| #define HAVE_SYS_TYPES_H 1
| #define HAVE_SYS_STAT_H 1
| #define HAVE_STDLIB_H 1
| #define HAVE_STRING_H 1
| #define HAVE_MEMORY_H 1
| #define HAVE_STRINGS_H 1
| #define HAVE_INTTYPES_H 1
| #define HAVE_STDINT_H 1
| #define HAVE_UNISTD_H 1
| #define __EXTENSIONS__ 1
| #define INSTALLPREFIX "/usr/local"
| #define HAVE_DLFCN_H 1
| #define HAVE_VISIBILITY 1
| #define HAVE_ICONV 1
| #define ICONV_CONST const
| #define HAVE_ICONV 1
| #define STDC_HEADERS 1
| #define HAVE_LOCALE_H 1
| #define HAVE_STDDEF_H 1
| #define HAVE_STDLIB_H 1
| #define HAVE_STRING_H 1
| #define HAVE_UNISTD_H 1
| #define HAVE_MBSTATE_T 1
| #define HAVE_WCHAR_H 1
| #define HAVE_STDINT_H 1
| #define HAVE_INTTYPES_H 1
| #define HAVE_WCHAR_T 1
| #define HAVE_STDINT_H 1
| #define FULL_PATH_STDINT_H </usr/lib/gcc/powerpc-apple-darwin8/4.2.1/include/stdint.h>
| #define HAVE_INTTYPES_H 1
| #define FULL_PATH_INTTYPES_H </usr/include/inttypes.h>
| #define HAVE_INT8_T 1
| #define HAVE_INT16_T 1
| #define HAVE_INT32_T 1
| #define HAVE_INT64_T 1
| #define HAVE_UINT8_T 1
| #define HAVE_UINT16_T 1
| #define HAVE_UINT32_T 1
| #define HAVE_UINT64_T 1
| #define HAVE_INT_LEAST8_T 1
| #define HAVE_INT_LEAST16_T 1
| #define HAVE_INT_LEAST32_T 1
| #define HAVE_INT_LEAST64_T 1
| #define HAVE_UINT_LEAST8_T 1
| #define HAVE_UINT_LEAST16_T 1
| #define HAVE_UINT_LEAST32_T 1
| #define HAVE_UINT_LEAST64_T 1
| #define HAVE_INT_FAST8_T 1
| #define HAVE_INT_FAST16_T 1
| #define HAVE_INT_FAST32_T 1
| #define HAVE_INT_FAST64_T 1
| #define HAVE_UINT_FAST8_T 1
| #define HAVE_UINT_FAST16_T 1
| #define HAVE_UINT_FAST32_T 1
| #define HAVE_UINT_FAST64_T 1
| #define HAVE_INTPTR_T 1
| #define HAVE_UINTPTR_T 1
| #define HAVE_INTMAX_T 1
| #define HAVE_UINTMAX_T 1
| #define HAVE_INT64_T_IN_STDINT_H 1
| #define HAVE_UINT64_T_IN_STDINT_H 1
| #define HAVE_INT_LEAST64_T_IN_STDINT_H 1
| #define HAVE_UINT_LEAST64_T_IN_STDINT_H 1
| #define HAVE_INT_FAST64_T_IN_STDINT_H 1
| #define HAVE_UINT_FAST64_T_IN_STDINT_H 1
| #define HAVE_STDINT_H 1
| #define HAVE_WCHAR_T 1
| #define HAVE_GETC_UNLOCKED 1
| #define HAVE_MBRTOWC 1
| #define HAVE_WCRTOMB 1
| #define HAVE_MBSINIT 1
| #define HAVE_SETLOCALE 1
| #define HAVE_MEMMOVE 1
| #define HAVE_LANGINFO_CODESET 1
| #define HAVE_WCHAR_H 1
| #define HAVE_ALLOCA_H 1
| #define HAVE_ALLOCA 1
| #define HAVE_STDLIB_H 1
| #define HAVE_STRING_H 1
| #define HAVE_STDLIB_H 1
| #define MALLOC_0_IS_NONNULL 1
| #define HAVE_LONG_LONG 1
| #define HAVE_LONG_DOUBLE 1
| #define HAVE_SYS_PARAM_H 1
| #define HAVE_UNISTD_H 1
| #define realpath rpl_realpath
| #define HAVE_GETCWD 1
| #define HAVE_READLINK 1
| #define HAVE_DECL_CLEARERR_UNLOCKED 1
| #define HAVE_DECL_FEOF_UNLOCKED 1
| #define HAVE_DECL_FERROR_UNLOCKED 1
| #define HAVE_DECL_FFLUSH_UNLOCKED 0
| #define HAVE_DECL_FGETS_UNLOCKED 0
| #define HAVE_DECL_FPUTC_UNLOCKED 0
| /* end confdefs.h.  */
| #include <stdio.h>
| #if HAVE_SYS_TYPES_H
| # include <sys/types.h>
| #endif
| #if HAVE_SYS_STAT_H
| # include <sys/stat.h>
| #endif
| #if STDC_HEADERS
| # include <stdlib.h>
| # include <stddef.h>
| #else
| # if HAVE_STDLIB_H
| #  include <stdlib.h>
| # endif
| #endif
| #if HAVE_STRING_H
| # if !STDC_HEADERS && HAVE_MEMORY_H
| #  include <memory.h>
| # endif
| # include <string.h>
| #endif
| #if HAVE_STRINGS_H
| # include <strings.h>
| #endif
| #if HAVE_INTTYPES_H
| # include <inttypes.h>
| #endif
| #if HAVE_STDINT_H
| # include <stdint.h>
| #endif
| #if HAVE_UNISTD_H
| # include <unistd.h>
| #endif
| int
| main ()
| {
| #ifndef fputs_unlocked
|   char *p = (char *) fputs_unlocked;
|   return !p;
| #endif
| 
|   ;
|   return 0;
| }
configure:36263: result: no
configure:36283: checking whether fread_unlocked is declared
configure:36313: gcc -c -g -O2  conftest.c >&5
conftest.c: In function 'main':
conftest.c:144: error: 'fread_unlocked' undeclared (first use in this function)
conftest.c:144: error: (Each undeclared identifier is reported only once
conftest.c:144: error: for each function it appears in.)
configure:36319: $? = 1
configure: failed program was:
| /* confdefs.h.  */
| #define PACKAGE_NAME ""
| #define PACKAGE_TARNAME ""
| #define PACKAGE_VERSION ""
| #define PACKAGE_STRING ""
| #define PACKAGE_BUGREPORT ""
| #define PACKAGE "libiconv"
| #define VERSION "1.11"
| #define _GNU_SOURCE 1
| #define STDC_HEADERS 1
| #define HAVE_SYS_TYPES_H 1
| #define HAVE_SYS_STAT_H 1
| #define HAVE_STDLIB_H 1
| #define HAVE_STRING_H 1
| #define HAVE_MEMORY_H 1
| #define HAVE_STRINGS_H 1
| #define HAVE_INTTYPES_H 1
| #define HAVE_STDINT_H 1
| #define HAVE_UNISTD_H 1
| #define __EXTENSIONS__ 1
| #define INSTALLPREFIX "/usr/local"
| #define HAVE_DLFCN_H 1
| #define HAVE_VISIBILITY 1
| #define HAVE_ICONV 1
| #define ICONV_CONST const
| #define HAVE_ICONV 1
| #define STDC_HEADERS 1
| #define HAVE_LOCALE_H 1
| #define HAVE_STDDEF_H 1
| #define HAVE_STDLIB_H 1
| #define HAVE_STRING_H 1
| #define HAVE_UNISTD_H 1
| #define HAVE_MBSTATE_T 1
| #define HAVE_WCHAR_H 1
| #define HAVE_STDINT_H 1
| #define HAVE_INTTYPES_H 1
| #define HAVE_WCHAR_T 1
| #define HAVE_STDINT_H 1
| #define FULL_PATH_STDINT_H </usr/lib/gcc/powerpc-apple-darwin8/4.2.1/include/stdint.h>
| #define HAVE_INTTYPES_H 1
| #define FULL_PATH_INTTYPES_H </usr/include/inttypes.h>
| #define HAVE_INT8_T 1
| #define HAVE_INT16_T 1
| #define HAVE_INT32_T 1
| #define HAVE_INT64_T 1
| #define HAVE_UINT8_T 1
| #define HAVE_UINT16_T 1
| #define HAVE_UINT32_T 1
| #define HAVE_UINT64_T 1
| #define HAVE_INT_LEAST8_T 1
| #define HAVE_INT_LEAST16_T 1
| #define HAVE_INT_LEAST32_T 1
| #define HAVE_INT_LEAST64_T 1
| #define HAVE_UINT_LEAST8_T 1
| #define HAVE_UINT_LEAST16_T 1
| #define HAVE_UINT_LEAST32_T 1
| #define HAVE_UINT_LEAST64_T 1
| #define HAVE_INT_FAST8_T 1
| #define HAVE_INT_FAST16_T 1
| #define HAVE_INT_FAST32_T 1
| #define HAVE_INT_FAST64_T 1
| #define HAVE_UINT_FAST8_T 1
| #define HAVE_UINT_FAST16_T 1
| #define HAVE_UINT_FAST32_T 1
| #define HAVE_UINT_FAST64_T 1
| #define HAVE_INTPTR_T 1
| #define HAVE_UINTPTR_T 1
| #define HAVE_INTMAX_T 1
| #define HAVE_UINTMAX_T 1
| #define HAVE_INT64_T_IN_STDINT_H 1
| #define HAVE_UINT64_T_IN_STDINT_H 1
| #define HAVE_INT_LEAST64_T_IN_STDINT_H 1
| #define HAVE_UINT_LEAST64_T_IN_STDINT_H 1
| #define HAVE_INT_FAST64_T_IN_STDINT_H 1
| #define HAVE_UINT_FAST64_T_IN_STDINT_H 1
| #define HAVE_STDINT_H 1
| #define HAVE_WCHAR_T 1
| #define HAVE_GETC_UNLOCKED 1
| #define HAVE_MBRTOWC 1
| #define HAVE_WCRTOMB 1
| #define HAVE_MBSINIT 1
| #define HAVE_SETLOCALE 1
| #define HAVE_MEMMOVE 1
| #define HAVE_LANGINFO_CODESET 1
| #define HAVE_WCHAR_H 1
| #define HAVE_ALLOCA_H 1
| #define HAVE_ALLOCA 1
| #define HAVE_STDLIB_H 1
| #define HAVE_STRING_H 1
| #define HAVE_STDLIB_H 1
| #define MALLOC_0_IS_NONNULL 1
| #define HAVE_LONG_LONG 1
| #define HAVE_LONG_DOUBLE 1
| #define HAVE_SYS_PARAM_H 1
| #define HAVE_UNISTD_H 1
| #define realpath rpl_realpath
| #define HAVE_GETCWD 1
| #define HAVE_READLINK 1
| #define HAVE_DECL_CLEARERR_UNLOCKED 1
| #define HAVE_DECL_FEOF_UNLOCKED 1
| #define HAVE_DECL_FERROR_UNLOCKED 1
| #define HAVE_DECL_FFLUSH_UNLOCKED 0
| #define HAVE_DECL_FGETS_UNLOCKED 0
| #define HAVE_DECL_FPUTC_UNLOCKED 0
| #define HAVE_DECL_FPUTS_UNLOCKED 0
| /* end confdefs.h.  */
| #include <stdio.h>
| #if HAVE_SYS_TYPES_H
| # include <sys/types.h>
| #endif
| #if HAVE_SYS_STAT_H
| # include <sys/stat.h>
| #endif
| #if STDC_HEADERS
| # include <stdlib.h>
| # include <stddef.h>
| #else
| # if HAVE_STDLIB_H
| #  include <stdlib.h>
| # endif
| #endif
| #if HAVE_STRING_H
| # if !STDC_HEADERS && HAVE_MEMORY_H
| #  include <memory.h>
| # endif
| # include <string.h>
| #endif
| #if HAVE_STRINGS_H
| # include <strings.h>
| #endif
| #if HAVE_INTTYPES_H
| # include <inttypes.h>
| #endif
| #if HAVE_STDINT_H
| # include <stdint.h>
| #endif
| #if HAVE_UNISTD_H
| # include <unistd.h>
| #endif
| int
| main ()
| {
| #ifndef fread_unlocked
|   char *p = (char *) fread_unlocked;
|   return !p;
| #endif
| 
|   ;
|   return 0;
| }
configure:36351: result: no
configure:36371: checking whether fwrite_unlocked is declared
configure:36401: gcc -c -g -O2  conftest.c >&5
conftest.c: In function 'main':
conftest.c:145: error: 'fwrite_unlocked' undeclared (first use in this function)
conftest.c:145: error: (Each undeclared identifier is reported only once
conftest.c:145: error: for each function it appears in.)
configure:36407: $? = 1
configure: failed program was:
| /* confdefs.h.  */
| #define PACKAGE_NAME ""
| #define PACKAGE_TARNAME ""
| #define PACKAGE_VERSION ""
| #define PACKAGE_STRING ""
| #define PACKAGE_BUGREPORT ""
| #define PACKAGE "libiconv"
| #define VERSION "1.11"
| #define _GNU_SOURCE 1
| #define STDC_HEADERS 1
| #define HAVE_SYS_TYPES_H 1
| #define HAVE_SYS_STAT_H 1
| #define HAVE_STDLIB_H 1
| #define HAVE_STRING_H 1
| #define HAVE_MEMORY_H 1
| #define HAVE_STRINGS_H 1
| #define HAVE_INTTYPES_H 1
| #define HAVE_STDINT_H 1
| #define HAVE_UNISTD_H 1
| #define __EXTENSIONS__ 1
| #define INSTALLPREFIX "/usr/local"
| #define HAVE_DLFCN_H 1
| #define HAVE_VISIBILITY 1
| #define HAVE_ICONV 1
| #define ICONV_CONST const
| #define HAVE_ICONV 1
| #define STDC_HEADERS 1
| #define HAVE_LOCALE_H 1
| #define HAVE_STDDEF_H 1
| #define HAVE_STDLIB_H 1
| #define HAVE_STRING_H 1
| #define HAVE_UNISTD_H 1
| #define HAVE_MBSTATE_T 1
| #define HAVE_WCHAR_H 1
| #define HAVE_STDINT_H 1
| #define HAVE_INTTYPES_H 1
| #define HAVE_WCHAR_T 1
| #define HAVE_STDINT_H 1
| #define FULL_PATH_STDINT_H </usr/lib/gcc/powerpc-apple-darwin8/4.2.1/include/stdint.h>
| #define HAVE_INTTYPES_H 1
| #define FULL_PATH_INTTYPES_H </usr/include/inttypes.h>
| #define HAVE_INT8_T 1
| #define HAVE_INT16_T 1
| #define HAVE_INT32_T 1
| #define HAVE_INT64_T 1
| #define HAVE_UINT8_T 1
| #define HAVE_UINT16_T 1
| #define HAVE_UINT32_T 1
| #define HAVE_UINT64_T 1
| #define HAVE_INT_LEAST8_T 1
| #define HAVE_INT_LEAST16_T 1
| #define HAVE_INT_LEAST32_T 1
| #define HAVE_INT_LEAST64_T 1
| #define HAVE_UINT_LEAST8_T 1
| #define HAVE_UINT_LEAST16_T 1
| #define HAVE_UINT_LEAST32_T 1
| #define HAVE_UINT_LEAST64_T 1
| #define HAVE_INT_FAST8_T 1
| #define HAVE_INT_FAST16_T 1
| #define HAVE_INT_FAST32_T 1
| #define HAVE_INT_FAST64_T 1
| #define HAVE_UINT_FAST8_T 1
| #define HAVE_UINT_FAST16_T 1
| #define HAVE_UINT_FAST32_T 1
| #define HAVE_UINT_FAST64_T 1
| #define HAVE_INTPTR_T 1
| #define HAVE_UINTPTR_T 1
| #define HAVE_INTMAX_T 1
| #define HAVE_UINTMAX_T 1
| #define HAVE_INT64_T_IN_STDINT_H 1
| #define HAVE_UINT64_T_IN_STDINT_H 1
| #define HAVE_INT_LEAST64_T_IN_STDINT_H 1
| #define HAVE_UINT_LEAST64_T_IN_STDINT_H 1
| #define HAVE_INT_FAST64_T_IN_STDINT_H 1
| #define HAVE_UINT_FAST64_T_IN_STDINT_H 1
| #define HAVE_STDINT_H 1
| #define HAVE_WCHAR_T 1
| #define HAVE_GETC_UNLOCKED 1
| #define HAVE_MBRTOWC 1
| #define HAVE_WCRTOMB 1
| #define HAVE_MBSINIT 1
| #define HAVE_SETLOCALE 1
| #define HAVE_MEMMOVE 1
| #define HAVE_LANGINFO_CODESET 1
| #define HAVE_WCHAR_H 1
| #define HAVE_ALLOCA_H 1
| #define HAVE_ALLOCA 1
| #define HAVE_STDLIB_H 1
| #define HAVE_STRING_H 1
| #define HAVE_STDLIB_H 1
| #define MALLOC_0_IS_NONNULL 1
| #define HAVE_LONG_LONG 1
| #define HAVE_LONG_DOUBLE 1
| #define HAVE_SYS_PARAM_H 1
| #define HAVE_UNISTD_H 1
| #define realpath rpl_realpath
| #define HAVE_GETCWD 1
| #define HAVE_READLINK 1
| #define HAVE_DECL_CLEARERR_UNLOCKED 1
| #define HAVE_DECL_FEOF_UNLOCKED 1
| #define HAVE_DECL_FERROR_UNLOCKED 1
| #define HAVE_DECL_FFLUSH_UNLOCKED 0
| #define HAVE_DECL_FGETS_UNLOCKED 0
| #define HAVE_DECL_FPUTC_UNLOCKED 0
| #define HAVE_DECL_FPUTS_UNLOCKED 0
| #define HAVE_DECL_FREAD_UNLOCKED 0
| /* end confdefs.h.  */
| #include <stdio.h>
| #if HAVE_SYS_TYPES_H
| # include <sys/types.h>
| #endif
| #if HAVE_SYS_STAT_H
| # include <sys/stat.h>
| #endif
| #if STDC_HEADERS
| # include <stdlib.h>
| # include <stddef.h>
| #else
| # if HAVE_STDLIB_H
| #  include <stdlib.h>
| # endif
| #endif
| #if HAVE_STRING_H
| # if !STDC_HEADERS && HAVE_MEMORY_H
| #  include <memory.h>
| # endif
| # include <string.h>
| #endif
| #if HAVE_STRINGS_H
| # include <strings.h>
| #endif
| #if HAVE_INTTYPES_H
| # include <inttypes.h>
| #endif
| #if HAVE_STDINT_H
| # include <stdint.h>
| #endif
| #if HAVE_UNISTD_H
| # include <unistd.h>
| #endif
| int
| main ()
| {
| #ifndef fwrite_unlocked
|   char *p = (char *) fwrite_unlocked;
|   return !p;
| #endif
| 
|   ;
|   return 0;
| }
configure:36439: result: no
configure:36459: checking whether getc_unlocked is declared
configure:36489: gcc -c -g -O2  conftest.c >&5
configure:36495: $? = 0
configure:36502: test -z "$ac_c_werror_flag" || test ! -s conftest.err
configure:36505: $? = 0
configure:36512: test -s conftest.o
configure:36515: $? = 0
configure:36527: result: yes
configure:36547: checking whether getchar_unlocked is declared
configure:36577: gcc -c -g -O2  conftest.c >&5
configure:36583: $? = 0
configure:36590: test -z "$ac_c_werror_flag" || test ! -s conftest.err
configure:36593: $? = 0
configure:36600: test -s conftest.o
configure:36603: $? = 0
configure:36615: result: yes
configure:36635: checking whether putc_unlocked is declared
configure:36665: gcc -c -g -O2  conftest.c >&5
configure:36671: $? = 0
configure:36678: test -z "$ac_c_werror_flag" || test ! -s conftest.err
configure:36681: $? = 0
configure:36688: test -s conftest.o
configure:36691: $? = 0
configure:36703: result: yes
configure:36723: checking whether putchar_unlocked is declared
configure:36753: gcc -c -g -O2  conftest.c >&5
configure:36759: $? = 0
configure:36766: test -z "$ac_c_werror_flag" || test ! -s conftest.err
configure:36769: $? = 0
configure:36776: test -s conftest.o
configure:36779: $? = 0
configure:36791: result: yes
configure:36863: checking whether strerror_r is declared
configure:36893: gcc -c -g -O2  conftest.c >&5
configure:36899: $? = 0
configure:36906: test -z "$ac_c_werror_flag" || test ! -s conftest.err
configure:36909: $? = 0
configure:36916: test -s conftest.o
configure:36919: $? = 0
configure:36931: result: yes
configure:36953: checking for strerror_r
configure:37009: gcc -o conftest -g -O2   conftest.c  >&5
configure:37015: $? = 0
configure:37022: test -z "$ac_c_werror_flag" || test ! -s conftest.err
configure:37025: $? = 0
configure:37032: test -s conftest
configure:37035: $? = 0
configure:37049: result: yes
configure:37059: checking whether strerror_r returns char *
configure:37093: gcc -c -g -O2  conftest.c >&5
conftest.c: In function 'main':
conftest.c:154: error: invalid type argument of 'unary *'
conftest.c:155: warning: initialization makes pointer from integer without a cast
configure:37099: $? = 1
configure: failed program was:
| /* confdefs.h.  */
| #define PACKAGE_NAME ""
| #define PACKAGE_TARNAME ""
| #define PACKAGE_VERSION ""
| #define PACKAGE_STRING ""
| #define PACKAGE_BUGREPORT ""
| #define PACKAGE "libiconv"
| #define VERSION "1.11"
| #define _GNU_SOURCE 1
| #define STDC_HEADERS 1
| #define HAVE_SYS_TYPES_H 1
| #define HAVE_SYS_STAT_H 1
| #define HAVE_STDLIB_H 1
| #define HAVE_STRING_H 1
| #define HAVE_MEMORY_H 1
| #define HAVE_STRINGS_H 1
| #define HAVE_INTTYPES_H 1
| #define HAVE_STDINT_H 1
| #define HAVE_UNISTD_H 1
| #define __EXTENSIONS__ 1
| #define INSTALLPREFIX "/usr/local"
| #define HAVE_DLFCN_H 1
| #define HAVE_VISIBILITY 1
| #define HAVE_ICONV 1
| #define ICONV_CONST const
| #define HAVE_ICONV 1
| #define STDC_HEADERS 1
| #define HAVE_LOCALE_H 1
| #define HAVE_STDDEF_H 1
| #define HAVE_STDLIB_H 1
| #define HAVE_STRING_H 1
| #define HAVE_UNISTD_H 1
| #define HAVE_MBSTATE_T 1
| #define HAVE_WCHAR_H 1
| #define HAVE_STDINT_H 1
| #define HAVE_INTTYPES_H 1
| #define HAVE_WCHAR_T 1
| #define HAVE_STDINT_H 1
| #define FULL_PATH_STDINT_H </usr/lib/gcc/powerpc-apple-darwin8/4.2.1/include/stdint.h>
| #define HAVE_INTTYPES_H 1
| #define FULL_PATH_INTTYPES_H </usr/include/inttypes.h>
| #define HAVE_INT8_T 1
| #define HAVE_INT16_T 1
| #define HAVE_INT32_T 1
| #define HAVE_INT64_T 1
| #define HAVE_UINT8_T 1
| #define HAVE_UINT16_T 1
| #define HAVE_UINT32_T 1
| #define HAVE_UINT64_T 1
| #define HAVE_INT_LEAST8_T 1
| #define HAVE_INT_LEAST16_T 1
| #define HAVE_INT_LEAST32_T 1
| #define HAVE_INT_LEAST64_T 1
| #define HAVE_UINT_LEAST8_T 1
| #define HAVE_UINT_LEAST16_T 1
| #define HAVE_UINT_LEAST32_T 1
| #define HAVE_UINT_LEAST64_T 1
| #define HAVE_INT_FAST8_T 1
| #define HAVE_INT_FAST16_T 1
| #define HAVE_INT_FAST32_T 1
| #define HAVE_INT_FAST64_T 1
| #define HAVE_UINT_FAST8_T 1
| #define HAVE_UINT_FAST16_T 1
| #define HAVE_UINT_FAST32_T 1
| #define HAVE_UINT_FAST64_T 1
| #define HAVE_INTPTR_T 1
| #define HAVE_UINTPTR_T 1
| #define HAVE_INTMAX_T 1
| #define HAVE_UINTMAX_T 1
| #define HAVE_INT64_T_IN_STDINT_H 1
| #define HAVE_UINT64_T_IN_STDINT_H 1
| #define HAVE_INT_LEAST64_T_IN_STDINT_H 1
| #define HAVE_UINT_LEAST64_T_IN_STDINT_H 1
| #define HAVE_INT_FAST64_T_IN_STDINT_H 1
| #define HAVE_UINT_FAST64_T_IN_STDINT_H 1
| #define HAVE_STDINT_H 1
| #define HAVE_WCHAR_T 1
| #define HAVE_GETC_UNLOCKED 1
| #define HAVE_MBRTOWC 1
| #define HAVE_WCRTOMB 1
| #define HAVE_MBSINIT 1
| #define HAVE_SETLOCALE 1
| #define HAVE_MEMMOVE 1
| #define HAVE_LANGINFO_CODESET 1
| #define HAVE_WCHAR_H 1
| #define HAVE_ALLOCA_H 1
| #define HAVE_ALLOCA 1
| #define HAVE_STDLIB_H 1
| #define HAVE_STRING_H 1
| #define HAVE_STDLIB_H 1
| #define MALLOC_0_IS_NONNULL 1
| #define HAVE_LONG_LONG 1
| #define HAVE_LONG_DOUBLE 1
| #define HAVE_SYS_PARAM_H 1
| #define HAVE_UNISTD_H 1
| #define realpath rpl_realpath
| #define HAVE_GETCWD 1
| #define HAVE_READLINK 1
| #define HAVE_DECL_CLEARERR_UNLOCKED 1
| #define HAVE_DECL_FEOF_UNLOCKED 1
| #define HAVE_DECL_FERROR_UNLOCKED 1
| #define HAVE_DECL_FFLUSH_UNLOCKED 0
| #define HAVE_DECL_FGETS_UNLOCKED 0
| #define HAVE_DECL_FPUTC_UNLOCKED 0
| #define HAVE_DECL_FPUTS_UNLOCKED 0
| #define HAVE_DECL_FREAD_UNLOCKED 0
| #define HAVE_DECL_FWRITE_UNLOCKED 0
| #define HAVE_DECL_GETC_UNLOCKED 1
| #define HAVE_DECL_GETCHAR_UNLOCKED 1
| #define HAVE_DECL_PUTC_UNLOCKED 1
| #define HAVE_DECL_PUTCHAR_UNLOCKED 1
| #define USE_UNLOCKED_IO 1
| #define HAVE_DECL_STRERROR_R 1
| #define HAVE_STRERROR_R 1
| /* end confdefs.h.  */
| #include <stdio.h>
| #if HAVE_SYS_TYPES_H
| # include <sys/types.h>
| #endif
| #if HAVE_SYS_STAT_H
| # include <sys/stat.h>
| #endif
| #if STDC_HEADERS
| # include <stdlib.h>
| # include <stddef.h>
| #else
| # if HAVE_STDLIB_H
| #  include <stdlib.h>
| # endif
| #endif
| #if HAVE_STRING_H
| # if !STDC_HEADERS && HAVE_MEMORY_H
| #  include <memory.h>
| # endif
| # include <string.h>
| #endif
| #if HAVE_STRINGS_H
| # include <strings.h>
| #endif
| #if HAVE_INTTYPES_H
| # include <inttypes.h>
| #endif
| #if HAVE_STDINT_H
| # include <stdint.h>
| #endif
| #if HAVE_UNISTD_H
| # include <unistd.h>
| #endif
| int
| main ()
| {
| 
| 	  char buf[100];
| 	  char x = *strerror_r (0, buf, sizeof buf);
| 	  char *p = strerror_r (0, buf, sizeof buf);
| 	  return !p || x;
| 
|   ;
|   return 0;
| }
configure:37192: result: no
configure:37203: checking for error_at_line
configure:37229: gcc -o conftest -g -O2   conftest.c  >&5
Undefined symbols:
  "_error_at_line", referenced from:
      _main in ccEGQj6Z.o
ld: symbol(s) not found
collect2: ld returned 1 exit status
configure:37235: $? = 1
configure: failed program was:
| /* confdefs.h.  */
| #define PACKAGE_NAME ""
| #define PACKAGE_TARNAME ""
| #define PACKAGE_VERSION ""
| #define PACKAGE_STRING ""
| #define PACKAGE_BUGREPORT ""
| #define PACKAGE "libiconv"
| #define VERSION "1.11"
| #define _GNU_SOURCE 1
| #define STDC_HEADERS 1
| #define HAVE_SYS_TYPES_H 1
| #define HAVE_SYS_STAT_H 1
| #define HAVE_STDLIB_H 1
| #define HAVE_STRING_H 1
| #define HAVE_MEMORY_H 1
| #define HAVE_STRINGS_H 1
| #define HAVE_INTTYPES_H 1
| #define HAVE_STDINT_H 1
| #define HAVE_UNISTD_H 1
| #define __EXTENSIONS__ 1
| #define INSTALLPREFIX "/usr/local"
| #define HAVE_DLFCN_H 1
| #define HAVE_VISIBILITY 1
| #define HAVE_ICONV 1
| #define ICONV_CONST const
| #define HAVE_ICONV 1
| #define STDC_HEADERS 1
| #define HAVE_LOCALE_H 1
| #define HAVE_STDDEF_H 1
| #define HAVE_STDLIB_H 1
| #define HAVE_STRING_H 1
| #define HAVE_UNISTD_H 1
| #define HAVE_MBSTATE_T 1
| #define HAVE_WCHAR_H 1
| #define HAVE_STDINT_H 1
| #define HAVE_INTTYPES_H 1
| #define HAVE_WCHAR_T 1
| #define HAVE_STDINT_H 1
| #define FULL_PATH_STDINT_H </usr/lib/gcc/powerpc-apple-darwin8/4.2.1/include/stdint.h>
| #define HAVE_INTTYPES_H 1
| #define FULL_PATH_INTTYPES_H </usr/include/inttypes.h>
| #define HAVE_INT8_T 1
| #define HAVE_INT16_T 1
| #define HAVE_INT32_T 1
| #define HAVE_INT64_T 1
| #define HAVE_UINT8_T 1
| #define HAVE_UINT16_T 1
| #define HAVE_UINT32_T 1
| #define HAVE_UINT64_T 1
| #define HAVE_INT_LEAST8_T 1
| #define HAVE_INT_LEAST16_T 1
| #define HAVE_INT_LEAST32_T 1
| #define HAVE_INT_LEAST64_T 1
| #define HAVE_UINT_LEAST8_T 1
| #define HAVE_UINT_LEAST16_T 1
| #define HAVE_UINT_LEAST32_T 1
| #define HAVE_UINT_LEAST64_T 1
| #define HAVE_INT_FAST8_T 1
| #define HAVE_INT_FAST16_T 1
| #define HAVE_INT_FAST32_T 1
| #define HAVE_INT_FAST64_T 1
| #define HAVE_UINT_FAST8_T 1
| #define HAVE_UINT_FAST16_T 1
| #define HAVE_UINT_FAST32_T 1
| #define HAVE_UINT_FAST64_T 1
| #define HAVE_INTPTR_T 1
| #define HAVE_UINTPTR_T 1
| #define HAVE_INTMAX_T 1
| #define HAVE_UINTMAX_T 1
| #define HAVE_INT64_T_IN_STDINT_H 1
| #define HAVE_UINT64_T_IN_STDINT_H 1
| #define HAVE_INT_LEAST64_T_IN_STDINT_H 1
| #define HAVE_UINT_LEAST64_T_IN_STDINT_H 1
| #define HAVE_INT_FAST64_T_IN_STDINT_H 1
| #define HAVE_UINT_FAST64_T_IN_STDINT_H 1
| #define HAVE_STDINT_H 1
| #define HAVE_WCHAR_T 1
| #define HAVE_GETC_UNLOCKED 1
| #define HAVE_MBRTOWC 1
| #define HAVE_WCRTOMB 1
| #define HAVE_MBSINIT 1
| #define HAVE_SETLOCALE 1
| #define HAVE_MEMMOVE 1
| #define HAVE_LANGINFO_CODESET 1
| #define HAVE_WCHAR_H 1
| #define HAVE_ALLOCA_H 1
| #define HAVE_ALLOCA 1
| #define HAVE_STDLIB_H 1
| #define HAVE_STRING_H 1
| #define HAVE_STDLIB_H 1
| #define MALLOC_0_IS_NONNULL 1
| #define HAVE_LONG_LONG 1
| #define HAVE_LONG_DOUBLE 1
| #define HAVE_SYS_PARAM_H 1
| #define HAVE_UNISTD_H 1
| #define realpath rpl_realpath
| #define HAVE_GETCWD 1
| #define HAVE_READLINK 1
| #define HAVE_DECL_CLEARERR_UNLOCKED 1
| #define HAVE_DECL_FEOF_UNLOCKED 1
| #define HAVE_DECL_FERROR_UNLOCKED 1
| #define HAVE_DECL_FFLUSH_UNLOCKED 0
| #define HAVE_DECL_FGETS_UNLOCKED 0
| #define HAVE_DECL_FPUTC_UNLOCKED 0
| #define HAVE_DECL_FPUTS_UNLOCKED 0
| #define HAVE_DECL_FREAD_UNLOCKED 0
| #define HAVE_DECL_FWRITE_UNLOCKED 0
| #define HAVE_DECL_GETC_UNLOCKED 1
| #define HAVE_DECL_GETCHAR_UNLOCKED 1
| #define HAVE_DECL_PUTC_UNLOCKED 1
| #define HAVE_DECL_PUTCHAR_UNLOCKED 1
| #define USE_UNLOCKED_IO 1
| #define HAVE_DECL_STRERROR_R 1
| #define HAVE_STRERROR_R 1
| /* end confdefs.h.  */
| #include <stdio.h>
| #if HAVE_SYS_TYPES_H
| # include <sys/types.h>
| #endif
| #if HAVE_SYS_STAT_H
| # include <sys/stat.h>
| #endif
| #if STDC_HEADERS
| # include <stdlib.h>
| # include <stddef.h>
| #else
| # if HAVE_STDLIB_H
| #  include <stdlib.h>
| # endif
| #endif
| #if HAVE_STRING_H
| # if !STDC_HEADERS && HAVE_MEMORY_H
| #  include <memory.h>
| # endif
| # include <string.h>
| #endif
| #if HAVE_STRINGS_H
| # include <strings.h>
| #endif
| #if HAVE_INTTYPES_H
| # include <inttypes.h>
| #endif
| #if HAVE_STDINT_H
| # include <stdint.h>
| #endif
| #if HAVE_UNISTD_H
| # include <unistd.h>
| #endif
| int
| main ()
| {
| error_at_line (0, 0, "", 0, "");
|   ;
|   return 0;
| }
configure:37268: result: no
configure:37297: checking for setenv
configure:37353: gcc -o conftest -g -O2   conftest.c  >&5
configure:37359: $? = 0
configure:37366: test -z "$ac_c_werror_flag" || test ! -s conftest.err
configure:37369: $? = 0
configure:37376: test -s conftest
configure:37379: $? = 0
configure:37393: result: yes
configure:37297: checking for unsetenv
configure:37353: gcc -o conftest -g -O2   conftest.c  >&5
configure:37359: $? = 0
configure:37366: test -z "$ac_c_werror_flag" || test ! -s conftest.err
configure:37369: $? = 0
configure:37376: test -s conftest
configure:37379: $? = 0
configure:37393: result: yes
configure:38018: checking for unsetenv() return type
configure:38054: gcc -c -g -O2  conftest.c >&5
conftest.c:124: error: conflicting types for 'unsetenv'
/usr/include/stdlib.h:243: error: previous declaration of 'unsetenv' was here
configure:38060: $? = 1
configure: failed program was:
| /* confdefs.h.  */
| #define PACKAGE_NAME ""
| #define PACKAGE_TARNAME ""
| #define PACKAGE_VERSION ""
| #define PACKAGE_STRING ""
| #define PACKAGE_BUGREPORT ""
| #define PACKAGE "libiconv"
| #define VERSION "1.11"
| #define _GNU_SOURCE 1
| #define STDC_HEADERS 1
| #define HAVE_SYS_TYPES_H 1
| #define HAVE_SYS_STAT_H 1
| #define HAVE_STDLIB_H 1
| #define HAVE_STRING_H 1
| #define HAVE_MEMORY_H 1
| #define HAVE_STRINGS_H 1
| #define HAVE_INTTYPES_H 1
| #define HAVE_STDINT_H 1
| #define HAVE_UNISTD_H 1
| #define __EXTENSIONS__ 1
| #define INSTALLPREFIX "/usr/local"
| #define HAVE_DLFCN_H 1
| #define HAVE_VISIBILITY 1
| #define HAVE_ICONV 1
| #define ICONV_CONST const
| #define HAVE_ICONV 1
| #define STDC_HEADERS 1
| #define HAVE_LOCALE_H 1
| #define HAVE_STDDEF_H 1
| #define HAVE_STDLIB_H 1
| #define HAVE_STRING_H 1
| #define HAVE_UNISTD_H 1
| #define HAVE_MBSTATE_T 1
| #define HAVE_WCHAR_H 1
| #define HAVE_STDINT_H 1
| #define HAVE_INTTYPES_H 1
| #define HAVE_WCHAR_T 1
| #define HAVE_STDINT_H 1
| #define FULL_PATH_STDINT_H </usr/lib/gcc/powerpc-apple-darwin8/4.2.1/include/stdint.h>
| #define HAVE_INTTYPES_H 1
| #define FULL_PATH_INTTYPES_H </usr/include/inttypes.h>
| #define HAVE_INT8_T 1
| #define HAVE_INT16_T 1
| #define HAVE_INT32_T 1
| #define HAVE_INT64_T 1
| #define HAVE_UINT8_T 1
| #define HAVE_UINT16_T 1
| #define HAVE_UINT32_T 1
| #define HAVE_UINT64_T 1
| #define HAVE_INT_LEAST8_T 1
| #define HAVE_INT_LEAST16_T 1
| #define HAVE_INT_LEAST32_T 1
| #define HAVE_INT_LEAST64_T 1
| #define HAVE_UINT_LEAST8_T 1
| #define HAVE_UINT_LEAST16_T 1
| #define HAVE_UINT_LEAST32_T 1
| #define HAVE_UINT_LEAST64_T 1
| #define HAVE_INT_FAST8_T 1
| #define HAVE_INT_FAST16_T 1
| #define HAVE_INT_FAST32_T 1
| #define HAVE_INT_FAST64_T 1
| #define HAVE_UINT_FAST8_T 1
| #define HAVE_UINT_FAST16_T 1
| #define HAVE_UINT_FAST32_T 1
| #define HAVE_UINT_FAST64_T 1
| #define HAVE_INTPTR_T 1
| #define HAVE_UINTPTR_T 1
| #define HAVE_INTMAX_T 1
| #define HAVE_UINTMAX_T 1
| #define HAVE_INT64_T_IN_STDINT_H 1
| #define HAVE_UINT64_T_IN_STDINT_H 1
| #define HAVE_INT_LEAST64_T_IN_STDINT_H 1
| #define HAVE_UINT_LEAST64_T_IN_STDINT_H 1
| #define HAVE_INT_FAST64_T_IN_STDINT_H 1
| #define HAVE_UINT_FAST64_T_IN_STDINT_H 1
| #define HAVE_STDINT_H 1
| #define HAVE_WCHAR_T 1
| #define HAVE_GETC_UNLOCKED 1
| #define HAVE_MBRTOWC 1
| #define HAVE_WCRTOMB 1
| #define HAVE_MBSINIT 1
| #define HAVE_SETLOCALE 1
| #define HAVE_MEMMOVE 1
| #define HAVE_LANGINFO_CODESET 1
| #define HAVE_WCHAR_H 1
| #define HAVE_ALLOCA_H 1
| #define HAVE_ALLOCA 1
| #define HAVE_STDLIB_H 1
| #define HAVE_STRING_H 1
| #define HAVE_STDLIB_H 1
| #define MALLOC_0_IS_NONNULL 1
| #define HAVE_LONG_LONG 1
| #define HAVE_LONG_DOUBLE 1
| #define HAVE_SYS_PARAM_H 1
| #define HAVE_UNISTD_H 1
| #define realpath rpl_realpath
| #define HAVE_GETCWD 1
| #define HAVE_READLINK 1
| #define HAVE_DECL_CLEARERR_UNLOCKED 1
| #define HAVE_DECL_FEOF_UNLOCKED 1
| #define HAVE_DECL_FERROR_UNLOCKED 1
| #define HAVE_DECL_FFLUSH_UNLOCKED 0
| #define HAVE_DECL_FGETS_UNLOCKED 0
| #define HAVE_DECL_FPUTC_UNLOCKED 0
| #define HAVE_DECL_FPUTS_UNLOCKED 0
| #define HAVE_DECL_FREAD_UNLOCKED 0
| #define HAVE_DECL_FWRITE_UNLOCKED 0
| #define HAVE_DECL_GETC_UNLOCKED 1
| #define HAVE_DECL_GETCHAR_UNLOCKED 1
| #define HAVE_DECL_PUTC_UNLOCKED 1
| #define HAVE_DECL_PUTCHAR_UNLOCKED 1
| #define USE_UNLOCKED_IO 1
| #define HAVE_DECL_STRERROR_R 1
| #define HAVE_STRERROR_R 1
| #define HAVE_SETENV 1
| #define HAVE_UNSETENV 1
| /* end confdefs.h.  */
| #include <stdlib.h>
| extern
| #ifdef __cplusplus
| "C"
| #endif
| #if defined(__STDC__) || defined(__cplusplus)
| int unsetenv (const char *name);
| #else
| int unsetenv();
| #endif
| 
| int
| main ()
| {
| 
|   ;
|   return 0;
| }
configure:38092: result: void
configure:38103: checking for stdbool.h that conforms to C99
configure:38167: gcc -c -g -O2  conftest.c >&5
configure:38173: $? = 0
configure:38180: test -z "$ac_c_werror_flag" || test ! -s conftest.err
configure:38183: $? = 0
configure:38190: test -s conftest.o
configure:38193: $? = 0
configure:38205: result: yes
configure:38207: checking for _Bool
configure:38237: gcc -c -g -O2  conftest.c >&5
configure:38243: $? = 0
configure:38250: test -z "$ac_c_werror_flag" || test ! -s conftest.err
configure:38253: $? = 0
configure:38260: test -s conftest.o
configure:38263: $? = 0
configure:38275: result: yes
configure:38317: checking for strerror
configure:38373: gcc -o conftest -g -O2   conftest.c  >&5
configure:38379: $? = 0
configure:38386: test -z "$ac_c_werror_flag" || test ! -s conftest.err
configure:38389: $? = 0
configure:38396: test -s conftest
configure:38399: $? = 0
configure:38413: result: yes
configure:38436: checking for readlink
configure:38532: result: yes
configure:38550: checking for ssize_t
configure:38577: gcc -c -g -O2  conftest.c >&5
configure:38583: $? = 0
configure:38590: test -z "$ac_c_werror_flag" || test ! -s conftest.err
configure:38593: $? = 0
configure:38600: test -s conftest.o
configure:38603: $? = 0
configure:38615: result: yes
configure:38827: creating ./config.status

## ---------------------- ##
## Running config.status. ##
## ---------------------- ##

This file was extended by config.status, which was
generated by GNU Autoconf 2.60.  Invocation command line was

  CONFIG_FILES    = 
  CONFIG_HEADERS  = 
  CONFIG_LINKS    = 
  CONFIG_COMMANDS = 
  $ ./config.status 

on mike-mikes-powerbook-g4-15.local

config.status:799: creating Makefile
config.status:799: creating lib/Makefile
config.status:799: creating srclib/Makefile
config.status:799: creating src/Makefile
config.status:799: creating po/Makefile.in
config.status:799: creating man/Makefile
config.status:799: creating tests/Makefile
config.status:799: creating include/iconv.h
config.status:799: creating include/iconv.h.inst
config.status:799: creating config.h
config.status:799: creating lib/config.h
config.status:1184: executing depfiles commands
config.status:1184: executing po-directories commands
configure:40439: === configuring in libcharset (/Users/mikemike/dev/ppc/xnu/xnu-ppc/xnu-792.25.20-deps/base-stuff/libiconv-35/libiconv/libcharset)
configure:40542: running /bin/sh ./configure --prefix=/usr/local  --cache-file=/dev/null --srcdir=.

## ---------------- ##
## Cache variables. ##
## ---------------- ##

ac_cv_build=powerpc-apple-darwin8.11.0
ac_cv_c_compiler_gnu=yes
ac_cv_cxx_compiler_gnu=yes
ac_cv_decl_EILSEQ=yes
ac_cv_env_CCC_set=
ac_cv_env_CCC_value=
ac_cv_env_CC_set=
ac_cv_env_CC_value=
ac_cv_env_CFLAGS_set=
ac_cv_env_CFLAGS_value=
ac_cv_env_CPPFLAGS_set=
ac_cv_env_CPPFLAGS_value=
ac_cv_env_CPP_set=
ac_cv_env_CPP_value=
ac_cv_env_CXXCPP_set=
ac_cv_env_CXXCPP_value=
ac_cv_env_CXXFLAGS_set=
ac_cv_env_CXXFLAGS_value=
ac_cv_env_CXX_set=
ac_cv_env_CXX_value=
ac_cv_env_F77_set=
ac_cv_env_F77_value=
ac_cv_env_FFLAGS_set=
ac_cv_env_FFLAGS_value=
ac_cv_env_LDFLAGS_set=
ac_cv_env_LDFLAGS_value=
ac_cv_env_build_alias_set=
ac_cv_env_build_alias_value=
ac_cv_env_host_alias_set=
ac_cv_env_host_alias_value=
ac_cv_env_target_alias_set=
ac_cv_env_target_alias_value=
ac_cv_f77_compiler_gnu=yes
ac_cv_func_alloca_works=yes
ac_cv_func_canonicalize_file_name=no
ac_cv_func_getc_unlocked=yes
ac_cv_func_getcwd=yes
ac_cv_func_malloc_0_nonnull=yes
ac_cv_func_mbrtowc=yes
ac_cv_func_mbsinit=yes
ac_cv_func_memmove=yes
ac_cv_func_readlink=yes
ac_cv_func_setenv=yes
ac_cv_func_setlocale=yes
ac_cv_func_strerror=yes
ac_cv_func_strerror_r=yes
ac_cv_func_strerror_r_char_p=no
ac_cv_func_unsetenv=yes
ac_cv_func_wcrtomb=yes
ac_cv_have_decl_clearerr_unlocked=yes
ac_cv_have_decl_feof_unlocked=yes
ac_cv_have_decl_ferror_unlocked=yes
ac_cv_have_decl_fflush_unlocked=no
ac_cv_have_decl_fgets_unlocked=no
ac_cv_have_decl_fputc_unlocked=no
ac_cv_have_decl_fputs_unlocked=no
ac_cv_have_decl_fread_unlocked=no
ac_cv_have_decl_fwrite_unlocked=no
ac_cv_have_decl_getc_unlocked=yes
ac_cv_have_decl_getchar_unlocked=yes
ac_cv_have_decl_putc_unlocked=yes
ac_cv_have_decl_putchar_unlocked=yes
ac_cv_have_decl_strerror_r=yes
ac_cv_header_dlfcn_h=yes
ac_cv_header_inttypes_h=yes
ac_cv_header_locale_h=yes
ac_cv_header_memory_h=yes
ac_cv_header_minix_config_h=no
ac_cv_header_stdbool_h=yes
ac_cv_header_stdc=yes
ac_cv_header_stddef_h=yes
ac_cv_header_stdint_h=yes
ac_cv_header_stdlib_h=yes
ac_cv_header_string_h=yes
ac_cv_header_strings_h=yes
ac_cv_header_sys_bitypes_h=no
ac_cv_header_sys_inttypes_h=no
ac_cv_header_sys_param_h=yes
ac_cv_header_sys_stat_h=yes
ac_cv_header_sys_types_h=yes
ac_cv_header_unistd_h=yes
ac_cv_header_wchar_h=yes
ac_cv_host=powerpc-apple-darwin8.11.0
ac_cv_lib_error_at_line=no
ac_cv_objext=o
ac_cv_path_EGREP='/usr/bin/grep -E'
ac_cv_path_GMSGFMT=/sw/bin/msgfmt
ac_cv_path_GREP=/usr/bin/grep
ac_cv_path_INTLTOOL_PERL=/usr/bin/perl
ac_cv_path_MSGFMT=/sw/bin/msgfmt
ac_cv_path_MSGMERGE=/sw/bin/msgmerge
ac_cv_path_XGETTEXT=/sw/bin/xgettext
ac_cv_path_install='/usr/bin/install -c'
ac_cv_prog_AWK=awk
ac_cv_prog_CPP='gcc -E'
ac_cv_prog_CXXCPP='g++ -E'
ac_cv_prog_ac_ct_AR=ar
ac_cv_prog_ac_ct_CC=gcc
ac_cv_prog_ac_ct_CXX=g++
ac_cv_prog_ac_ct_F77=gfortran
ac_cv_prog_ac_ct_RANLIB=ranlib
ac_cv_prog_ac_ct_STRIP=strip
ac_cv_prog_cc_c89=
ac_cv_prog_cc_g=yes
ac_cv_prog_cxx_g=yes
ac_cv_prog_f77_g=yes
ac_cv_prog_gcc_traditional=no
ac_cv_prog_make_make_set=yes
ac_cv_search_strerror='none required'
ac_cv_type__Bool=yes
ac_cv_type_long_long=yes
ac_cv_type_mbstate_t=yes
ac_cv_type_size_t=yes
ac_cv_working_alloca_h=yes
acl_cv_hardcode_direct=no
acl_cv_hardcode_libdir_flag_spec=
acl_cv_hardcode_libdir_separator=
acl_cv_hardcode_minus_L=no
acl_cv_libext=a
acl_cv_libpath=DYLD_LIBRARY_PATH
acl_cv_path_LD=/usr/libexec/gcc/powerpc-apple-darwin8/4.2.1/ld
acl_cv_prog_gnu_ld=no
acl_cv_rpath=done
acl_cv_shlibext=dylib
acl_cv_shlibpath_var=DYLD_LIBRARY_PATH
acl_cv_wl=-Wl,
am_cv_CC_dependencies_compiler_type=none
am_cv_CXX_dependencies_compiler_type=none
am_cv_func_iconv=yes
am_cv_langinfo_codeset=yes
am_cv_lib_iconv=yes
am_cv_proto_iconv='extern size_t iconv (iconv_t cd, const char * *inbuf, size_t *inbytesleft, char * *outbuf, size_t *outbytesleft);'
am_cv_proto_iconv_arg1=const
cl_cv_prog_LN=ln
cl_cv_prog_cp='cp -p'
cl_cv_sys_endian='big endian'
gl_cv_cc_visibility=yes
gl_cv_full_path_inttypes_h=/usr/include/inttypes.h
gl_cv_full_path_stdint_h=/usr/lib/gcc/powerpc-apple-darwin8/4.2.1/include/stdint.h
gl_cv_func_malloc_0_nonnull=1
gl_cv_header_inttypes_h=yes
gl_cv_header_stdint_h=yes
gl_cv_header_working_stdint_h=yes
gl_cv_long_bitsize_64=no
gl_cv_longlong_bitsize_64=yes
gl_cv_stdint_INT16_MAX=yes
gl_cv_stdint_INT16_MIN=yes
gl_cv_stdint_INT32_MAX=yes
gl_cv_stdint_INT32_MIN=yes
gl_cv_stdint_INT64_MAX=yes
gl_cv_stdint_INT64_MIN=yes
gl_cv_stdint_INT8_MAX=yes
gl_cv_stdint_INT8_MIN=yes
gl_cv_stdint_INTMAX_MAX=yes
gl_cv_stdint_INTMAX_MIN=yes
gl_cv_stdint_INTPTR_MAX=yes
gl_cv_stdint_INTPTR_MIN=yes
gl_cv_stdint_INT_FAST16_MAX=yes
gl_cv_stdint_INT_FAST16_MIN=yes
gl_cv_stdint_INT_FAST32_MAX=yes
gl_cv_stdint_INT_FAST32_MIN=yes
gl_cv_stdint_INT_FAST64_MAX=yes
gl_cv_stdint_INT_FAST64_MIN=yes
gl_cv_stdint_INT_FAST8_MAX=yes
gl_cv_stdint_INT_FAST8_MIN=yes
gl_cv_stdint_INT_LEAST16_MAX=yes
gl_cv_stdint_INT_LEAST16_MIN=yes
gl_cv_stdint_INT_LEAST32_MAX=yes
gl_cv_stdint_INT_LEAST32_MIN=yes
gl_cv_stdint_INT_LEAST64_MAX=yes
gl_cv_stdint_INT_LEAST64_MIN=yes
gl_cv_stdint_INT_LEAST8_MAX=yes
gl_cv_stdint_INT_LEAST8_MIN=yes
gl_cv_stdint_PTRDIFF_MAX=yes
gl_cv_stdint_PTRDIFF_MIN=yes
gl_cv_stdint_SIG_ATOMIC_MAX=yes
gl_cv_stdint_SIG_ATOMIC_MIN=yes
gl_cv_stdint_UINT16_MAX=yes
gl_cv_stdint_UINT32_MAX=yes
gl_cv_stdint_UINT64_MAX=yes
gl_cv_stdint_UINT8_MAX=yes
gl_cv_stdint_UINTMAX_MAX=yes
gl_cv_stdint_UINTPTR_MAX=yes
gl_cv_stdint_UINT_FAST16_MAX=yes
gl_cv_stdint_UINT_FAST32_MAX=yes
gl_cv_stdint_UINT_FAST64_MAX=yes
gl_cv_stdint_UINT_FAST8_MAX=yes
gl_cv_stdint_UINT_LEAST16_MAX=yes
gl_cv_stdint_UINT_LEAST32_MAX=yes
gl_cv_stdint_UINT_LEAST64_MAX=yes
gl_cv_stdint_UINT_LEAST8_MAX=yes
gl_cv_stdint_WINT_MAX=yes
gl_cv_stdint_WINT_MIN=yes
gl_cv_stdint_int64_t=yes
gl_cv_stdint_int_fast64_t=yes
gl_cv_stdint_int_least64_t=yes
gl_cv_stdint_uint64_t=yes
gl_cv_stdint_uint_fast64_t=yes
gl_cv_stdint_uint_least64_t=yes
gl_cv_type_int16_t=yes
gl_cv_type_int32_t=yes
gl_cv_type_int64_t=yes
gl_cv_type_int8_t=yes
gl_cv_type_int_fast16_t=yes
gl_cv_type_int_fast32_t=yes
gl_cv_type_int_fast64_t=yes
gl_cv_type_int_fast8_t=yes
gl_cv_type_int_least16_t=yes
gl_cv_type_int_least32_t=yes
gl_cv_type_int_least64_t=yes
gl_cv_type_int_least8_t=yes
gl_cv_type_intmax_t=yes
gl_cv_type_intptr_t=yes
gl_cv_type_uint16_t=yes
gl_cv_type_uint32_t=yes
gl_cv_type_uint64_t=yes
gl_cv_type_uint8_t=yes
gl_cv_type_uint_fast16_t=yes
gl_cv_type_uint_fast32_t=yes
gl_cv_type_uint_fast64_t=yes
gl_cv_type_uint_fast8_t=yes
gl_cv_type_uint_least16_t=yes
gl_cv_type_uint_least32_t=yes
gl_cv_type_uint_least64_t=yes
gl_cv_type_uint_least8_t=yes
gl_cv_type_uintmax_t=yes
gl_cv_type_uintptr_t=yes
gt_cv_c_long_double=yes
gt_cv_c_wchar_t=yes
gt_cv_func_CFLocaleCopyCurrent=no
gt_cv_func_CFPreferencesCopyAppValue=no
gt_cv_func_gnugettext2_libc=no
gt_cv_func_gnugettext2_libintl=no
gt_cv_func_unsetenv_ret=void
gt_cv_ssize_t=yes
lt_cv_deplibs_check_method=pass_all
lt_cv_file_magic_cmd='$MAGIC_CMD'
lt_cv_file_magic_test_file=
lt_cv_ld_reload_flag=-r
lt_cv_objdir=.libs
lt_cv_path_LD=/usr/libexec/gcc/powerpc-apple-darwin8/4.2.1/ld
lt_cv_path_LDCXX=/usr/libexec/gcc/powerpc-apple-darwin8/4.2.1/ld
lt_cv_path_NM='/usr/bin/nm -p'
lt_cv_path_SED=/usr/bin/sed
lt_cv_prog_compiler_c_o=yes
lt_cv_prog_compiler_c_o_CXX=yes
lt_cv_prog_compiler_c_o_F77=yes
lt_cv_prog_compiler_rtti_exceptions=no
lt_cv_prog_gnu_ld=no
lt_cv_prog_gnu_ldcxx=no
lt_cv_sys_global_symbol_pipe='sed -n -e '\''s/^.*[ 	]\([BCDEGRST][BCDEGRST]*\)[ 	][ 	]*_\([_A-Za-z][_A-Za-z0-9]*\)$/\1 _\2 \2/p'\'''
lt_cv_sys_global_symbol_to_c_name_address='sed -n -e '\''s/^: \([^ ]*\) $/  {\"\1\", (lt_ptr) 0},/p'\'' -e '\''s/^[BCDEGRST] \([^ ]*\) \([^ ]*\)$/  {"\2", (lt_ptr) \&\2},/p'\'''
lt_cv_sys_global_symbol_to_cdecl='sed -n -e '\''s/^. .* \(.*\)$/extern int \1;/p'\'''
lt_cv_sys_max_cmd_len=196608
lt_lt_cv_prog_compiler_c_o='"yes"'
lt_lt_cv_prog_compiler_c_o_CXX='"yes"'
lt_lt_cv_prog_compiler_c_o_F77='"yes"'
lt_lt_cv_sys_global_symbol_pipe='"sed -n -e '\''s/^.*[ 	]\\([BCDEGRST][BCDEGRST]*\\)[ 	][ 	]*_\\([_A-Za-z][_A-Za-z0-9]*\\)\$/\\1 _\\2 \\2/p'\''"'
lt_lt_cv_sys_global_symbol_to_c_name_address='"sed -n -e '\''s/^: \\([^ ]*\\) \$/  {\\\"\\1\\\", (lt_ptr) 0},/p'\'' -e '\''s/^[BCDEGRST] \\([^ ]*\\) \\([^ ]*\\)\$/  {\"\\2\", (lt_ptr) \\&\\2},/p'\''"'
lt_lt_cv_sys_global_symbol_to_cdecl='"sed -n -e '\''s/^. .* \\(.*\\)\$/extern int \\1;/p'\''"'

## ----------------- ##
## Output variables. ##
## ----------------- ##

ACLOCAL='${SHELL} /Users/mikemike/dev/ppc/xnu/xnu-ppc/xnu-792.25.20-deps/base-stuff/libiconv-35/libiconv/build-aux/missing --run aclocal-1.9'
ALLOCA=''
ALLOCA_H='alloca.h'
AMDEPBACKSLASH='\'
AMDEP_FALSE='#'
AMDEP_TRUE=''
AMTAR='${SHELL} /Users/mikemike/dev/ppc/xnu/xnu-ppc/xnu-792.25.20-deps/base-stuff/libiconv-35/libiconv/build-aux/missing --run tar'
AR='ar'
AS='as'
AUTOCONF='${SHELL} /Users/mikemike/dev/ppc/xnu/xnu-ppc/xnu-792.25.20-deps/base-stuff/libiconv-35/libiconv/build-aux/missing --run autoconf'
AUTOHEADER='${SHELL} /Users/mikemike/dev/ppc/xnu/xnu-ppc/xnu-792.25.20-deps/base-stuff/libiconv-35/libiconv/build-aux/missing --run autoheader'
AUTOMAKE='${SHELL} /Users/mikemike/dev/ppc/xnu/xnu-ppc/xnu-792.25.20-deps/base-stuff/libiconv-35/libiconv/build-aux/missing --run automake-1.9'
AWK='awk'
BITSIZEOF_INT16_T=''
BITSIZEOF_INT32_T=''
BITSIZEOF_INT64_T=''
BITSIZEOF_INT8_T=''
BITSIZEOF_INTMAX_T=''
BITSIZEOF_INTPTR_T=''
BITSIZEOF_INT_FAST16_T=''
BITSIZEOF_INT_FAST32_T=''
BITSIZEOF_INT_FAST64_T=''
BITSIZEOF_INT_FAST8_T=''
BITSIZEOF_INT_LEAST16_T=''
BITSIZEOF_INT_LEAST32_T=''
BITSIZEOF_INT_LEAST64_T=''
BITSIZEOF_INT_LEAST8_T=''
BITSIZEOF_LONG=''
BITSIZEOF_PTRDIFF_T=''
BITSIZEOF_SIG_ATOMIC_T=''
BITSIZEOF_SIZE_T=''
BITSIZEOF_UINT16_T=''
BITSIZEOF_UINT32_T=''
BITSIZEOF_UINT64_T=''
BITSIZEOF_UINT8_T=''
BITSIZEOF_UINTMAX_T=''
BITSIZEOF_UINTPTR_T=''
BITSIZEOF_UINT_FAST16_T=''
BITSIZEOF_UINT_FAST32_T=''
BITSIZEOF_UINT_FAST64_T=''
BITSIZEOF_UINT_FAST8_T=''
BITSIZEOF_UINT_LEAST16_T=''
BITSIZEOF_UINT_LEAST32_T=''
BITSIZEOF_UINT_LEAST64_T=''
BITSIZEOF_UINT_LEAST8_T=''
BITSIZEOF_UNSIGNED_INT=''
BITSIZEOF_UNSIGNED_LONG=''
BITSIZEOF_WCHAR_T=''
BITSIZEOF_WINT_T=''
CC='gcc'
CCDEPMODE='depmode=none'
CFLAGS='-g -O2'
CFLAG_VISIBILITY='-fvisibility=hidden'
CP='cp -p'
CPP='gcc -E'
CPPFLAGS=''
CXX='g++'
CXXCPP='g++ -E'
CXXDEPMODE='depmode=none'
CXXFLAGS='-g -O2'
CYGPATH_W='echo'
DEFS='-DHAVE_CONFIG_H'
DEPDIR='.deps'
DLLTOOL='dlltool'
DLL_VARIABLE=''
ECHO='/bin/echo'
ECHO_C='ECHO_N=''
ECHO_T=''
EGREP='/usr/bin/grep -E'
EILSEQ=''
EXEEXT=''
F77='gfortran'
FFLAGS='-g -O2'
FULL_PATH_INTTYPES_H='</usr/include/inttypes.h>'
FULL_PATH_STDINT_H='</usr/lib/gcc/powerpc-apple-darwin8/4.2.1/include/stdint.h>'
GCC='yes'
GMSGFMT='/sw/bin/msgfmt'
GMSGFMT_015='/sw/bin/msgfmt'
GREP='/usr/bin/grep'
HAVE_INT16_T='1'
HAVE_INT32_T='1'
HAVE_INT64_T='1'
HAVE_INT64_T_IN_STDINT_H='1'
HAVE_INT8_T='1'
HAVE_INTMAX_T='1'
HAVE_INTPTR_T='1'
HAVE_INTTYPES_H='1'
HAVE_INT_FAST16_T='1'
HAVE_INT_FAST32_T='1'
HAVE_INT_FAST64_T='1'
HAVE_INT_FAST64_T_IN_STDINT_H='1'
HAVE_INT_FAST8_T='1'
HAVE_INT_LEAST16_T='1'
HAVE_INT_LEAST32_T='1'
HAVE_INT_LEAST64_T='1'
HAVE_INT_LEAST64_T_IN_STDINT_H='1'
HAVE_INT_LEAST8_T='1'
HAVE_LONG_64BIT='0'
HAVE_LONG_LONG_64BIT='1'
HAVE_SIGNED_SIG_ATOMIC_T=''
HAVE_SIGNED_WCHAR_T=''
HAVE_SIGNED_WINT_T=''
HAVE_STDINT_H='1'
HAVE_SYS_BITYPES_H='0'
HAVE_SYS_INTTYPES_H='0'
HAVE_UINT16_T='1'
HAVE_UINT32_T='1'
HAVE_UINT64_T='1'
HAVE_UINT64_T_IN_STDINT_H='1'
HAVE_UINT8_T='1'
HAVE_UINTMAX_T='1'
HAVE_UINTPTR_T='1'
HAVE_UINT_FAST16_T='1'
HAVE_UINT_FAST32_T='1'
HAVE_UINT_FAST64_T='1'
HAVE_UINT_FAST64_T_IN_STDINT_H='1'
HAVE_UINT_FAST8_T='1'
HAVE_UINT_LEAST16_T='1'
HAVE_UINT_LEAST32_T='1'
HAVE_UINT_LEAST64_T='1'
HAVE_UINT_LEAST64_T_IN_STDINT_H='1'
HAVE_UINT_LEAST8_T='1'
HAVE_VISIBILITY='1'
HAVE_WCHAR_H='1'
HAVE_WCHAR_T='1'
HAVE__BOOL='1'
ICONV_CONST='const'
INSTALL_DATA='${INSTALL} -m 644'
INSTALL_PROGRAM='${INSTALL}'
INSTALL_SCRIPT='${INSTALL}'
INSTALL_STRIP_PROGRAM='${SHELL} $(install_sh) -c -s'
INTLLIBS=''
INTL_MACOSX_LIBS=''
LDFLAGS=''
LIBICONV='-liconv'
LIBINTL=''
LIBOBJS=''
LIBS=''
LIBTOOL='$(SHELL) $(top_builddir)/libtool'
LN='ln'
LN_S='ln -s'
LTLIBICONV='-liconv'
LTLIBINTL=''
LTLIBOBJS=''
MAKEINFO='${SHELL} /Users/mikemike/dev/ppc/xnu/xnu-ppc/xnu-792.25.20-deps/base-stuff/libiconv-35/libiconv/build-aux/missing --run makeinfo'
MSGFMT='/sw/bin/msgfmt'
MSGFMT_015='/sw/bin/msgfmt'
MSGMERGE='/sw/bin/msgmerge'
OBJDUMP='objdump'
OBJEXT='o'
OS=''
PACKAGE='libiconv'
PACKAGE_BUGREPORT=''
PACKAGE_NAME=''
PACKAGE_STRING=''
PACKAGE_TARNAME=''
PACKAGE_VERSION=''
PATH_SEPARATOR=':'
PLUGLIB=''
POSUB=''
RANLIB='ranlib'
RELOCATABLE='no'
RELOCATABLE_VIA_LD_FALSE=''
RELOCATABLE_VIA_LD_TRUE='#'
SAME_TYPE_PTRDIFF_T_LONG=''
SAME_TYPE_SIG_ATOMIC_T_LONG=''
SAME_TYPE_SIG_ATOMIC_T_UNSIGNED_LONG=''
SAME_TYPE_SIZE_T_UNSIGNED_LONG=''
SAME_TYPE_WCHAR_T_LONG=''
SAME_TYPE_WCHAR_T_UNSIGNED_LONG=''
SAME_TYPE_WINT_T_LONG=''
SAME_TYPE_WINT_T_UNSIGNED_LONG=''
SET_MAKE=''
SET_RELOCATABLE=''
SHELL='/bin/sh'
SRCLIBOBJS=' canonicalize.o error.o'
STDBOOL_H=''
STDINT_H=''
STRIP='strip'
UNISTD_H=''
USE_EXTRA_ENCODINGS='no'
USE_NLS='no'
VERSION='1.11'
WOE32DLL='no'
XGETTEXT='/sw/bin/xgettext'
XGETTEXT_015='/sw/bin/xgettext'
ac_ct_CC='gcc'
ac_ct_CXX='g++'
ac_ct_F77='gfortran'
am__fastdepCC_FALSE=''
am__fastdepCC_TRUE='#'
am__fastdepCXX_FALSE=''
am__fastdepCXX_TRUE='#'
am__include='include'
am__leading_dot='.'
am__quote=''
am__tar='${AMTAR} chof - "$$tardir"'
am__untar='${AMTAR} xf -'
bindir='${exec_prefix}/bin'
build='powerpc-apple-darwin8.11.0'
build_alias=''
build_cpu='powerpc'
build_os='darwin8.11.0'
build_vendor='apple'
datadir='${datarootdir}'
datarootdir='${prefix}/share'
docdir='${datarootdir}/doc/${PACKAGE}'
dvidir='${docdir}'
exec_prefix='${prefix}'
host='powerpc-apple-darwin8.11.0'
host_alias=''
host_cpu='powerpc'
host_os='darwin8.11.0'
host_vendor='apple'
htmldir='${docdir}'
includedir='${prefix}/include'
infodir='${datarootdir}/info'
install_sh='/Users/mikemike/dev/ppc/xnu/xnu-ppc/xnu-792.25.20-deps/base-stuff/libiconv-35/libiconv/build-aux/install-sh'
libdir='${exec_prefix}/lib'
libexecdir='${exec_prefix}/libexec'
localedir='${datarootdir}/locale'
localstatedir='${prefix}/var'
mandir='${datarootdir}/man'
mkdir_p='$(mkinstalldirs)'
oldincludedir='/usr/include'
pdfdir='${docdir}'
prefix='/usr/local'
program_transform_name='s,x,x,'
psdir='${docdir}'
sbindir='${exec_prefix}/sbin'
sharedstatedir='${prefix}/com'
subdirs=' libcharset'
sysconfdir='${prefix}/etc'
target_alias=''

## ----------- ##
## confdefs.h. ##
## ----------- ##

#define PACKAGE_NAME ""
#define PACKAGE_TARNAME ""
#define PACKAGE_VERSION ""
#define PACKAGE_STRING ""
#define PACKAGE_BUGREPORT ""
#define PACKAGE "libiconv"
#define VERSION "1.11"
#define _GNU_SOURCE 1
#define STDC_HEADERS 1
#define HAVE_SYS_TYPES_H 1
#define HAVE_SYS_STAT_H 1
#define HAVE_STDLIB_H 1
#define HAVE_STRING_H 1
#define HAVE_MEMORY_H 1
#define HAVE_STRINGS_H 1
#define HAVE_INTTYPES_H 1
#define HAVE_STDINT_H 1
#define HAVE_UNISTD_H 1
#define __EXTENSIONS__ 1
#define INSTALLPREFIX "/usr/local"
#define HAVE_DLFCN_H 1
#define HAVE_VISIBILITY 1
#define HAVE_ICONV 1
#define ICONV_CONST const
#define HAVE_ICONV 1
#define STDC_HEADERS 1
#define HAVE_LOCALE_H 1
#define HAVE_STDDEF_H 1
#define HAVE_STDLIB_H 1
#define HAVE_STRING_H 1
#define HAVE_UNISTD_H 1
#define HAVE_MBSTATE_T 1
#define HAVE_WCHAR_H 1
#define HAVE_STDINT_H 1
#define HAVE_INTTYPES_H 1
#define HAVE_WCHAR_T 1
#define HAVE_STDINT_H 1
#define FULL_PATH_STDINT_H </usr/lib/gcc/powerpc-apple-darwin8/4.2.1/include/stdint.h>
#define HAVE_INTTYPES_H 1
#define FULL_PATH_INTTYPES_H </usr/include/inttypes.h>
#define HAVE_INT8_T 1
#define HAVE_INT16_T 1
#define HAVE_INT32_T 1
#define HAVE_INT64_T 1
#define HAVE_UINT8_T 1
#define HAVE_UINT16_T 1
#define HAVE_UINT32_T 1
#define HAVE_UINT64_T 1
#define HAVE_INT_LEAST8_T 1
#define HAVE_INT_LEAST16_T 1
#define HAVE_INT_LEAST32_T 1
#define HAVE_INT_LEAST64_T 1
#define HAVE_UINT_LEAST8_T 1
#define HAVE_UINT_LEAST16_T 1
#define HAVE_UINT_LEAST32_T 1
#define HAVE_UINT_LEAST64_T 1
#define HAVE_INT_FAST8_T 1
#define HAVE_INT_FAST16_T 1
#define HAVE_INT_FAST32_T 1
#define HAVE_INT_FAST64_T 1
#define HAVE_UINT_FAST8_T 1
#define HAVE_UINT_FAST16_T 1
#define HAVE_UINT_FAST32_T 1
#define HAVE_UINT_FAST64_T 1
#define HAVE_INTPTR_T 1
#define HAVE_UINTPTR_T 1
#define HAVE_INTMAX_T 1
#define HAVE_UINTMAX_T 1
#define HAVE_INT64_T_IN_STDINT_H 1
#define HAVE_UINT64_T_IN_STDINT_H 1
#define HAVE_INT_LEAST64_T_IN_STDINT_H 1
#define HAVE_UINT_LEAST64_T_IN_STDINT_H 1
#define HAVE_INT_FAST64_T_IN_STDINT_H 1
#define HAVE_UINT_FAST64_T_IN_STDINT_H 1
#define HAVE_STDINT_H 1
#define HAVE_WCHAR_T 1
#define HAVE_GETC_UNLOCKED 1
#define HAVE_MBRTOWC 1
#define HAVE_WCRTOMB 1
#define HAVE_MBSINIT 1
#define HAVE_SETLOCALE 1
#define HAVE_MEMMOVE 1
#define HAVE_LANGINFO_CODESET 1
#define HAVE_WCHAR_H 1
#define HAVE_ALLOCA_H 1
#define HAVE_ALLOCA 1
#define HAVE_STDLIB_H 1
#define HAVE_STRING_H 1
#define HAVE_STDLIB_H 1
#define MALLOC_0_IS_NONNULL 1
#define HAVE_LONG_LONG 1
#define HAVE_LONG_DOUBLE 1
#define HAVE_SYS_PARAM_H 1
#define HAVE_UNISTD_H 1
#define realpath rpl_realpath
#define HAVE_GETCWD 1
#define HAVE_READLINK 1
#define HAVE_DECL_CLEARERR_UNLOCKED 1
#define HAVE_DECL_FEOF_UNLOCKED 1
#define HAVE_DECL_FERROR_UNLOCKED 1
#define HAVE_DECL_FFLUSH_UNLOCKED 0
#define HAVE_DECL_FGETS_UNLOCKED 0
#define HAVE_DECL_FPUTC_UNLOCKED 0
#define HAVE_DECL_FPUTS_UNLOCKED 0
#define HAVE_DECL_FREAD_UNLOCKED 0
#define HAVE_DECL_FWRITE_UNLOCKED 0
#define HAVE_DECL_GETC_UNLOCKED 1
#define HAVE_DECL_GETCHAR_UNLOCKED 1
#define HAVE_DECL_PUTC_UNLOCKED 1
#define HAVE_DECL_PUTCHAR_UNLOCKED 1
#define USE_UNLOCKED_IO 1
#define HAVE_DECL_STRERROR_R 1
#define HAVE_STRERROR_R 1
#define HAVE_SETENV 1
#define HAVE_UNSETENV 1
#define VOID_UNSETENV 1
#define HAVE__BOOL 1
#define HAVE_STDBOOL_H 1
#define HAVE_STRERROR 1
#define HAVE_READLINK 1

configure: exit 0
